[2014/03/10 09:56:45][INFO ](SmtOscar_Main.java:153) - [SmtOscar File Read] A_KGDTEST12_T090256_a701_140307152402.osc
[2014/03/10 09:56:45][INFO ](SmtOscar_Hist_FileCheck.java:122) - [FileCheck] NORMAL
[2014/03/10 10:01:01][INFO ](SmtOscar_Main.java:153) - [SmtOscar File Read] A_KGDTEST12_T090256_a701_140307152402.osc
[2014/03/10 10:01:01][INFO ](SmtOscar_Hist_FileCheck.java:122) - [FileCheck] NORMAL
[2014/03/10 10:04:43][INFO ](SmtOscar_Main.java:153) - [SmtOscar File Read] A_KGDTEST12_T090256_a701_140307152402.osc
[2014/03/10 10:04:44][INFO ](SmtOscar_Hist_FileCheck.java:122) - [FileCheck] NORMAL
[2014/03/10 10:05:18][INFO ](SmtOscar_Main.java:153) - [SmtOscar File Read] A_KGDTEST12_T090256_a701_140307152402.osc
[2014/03/10 10:05:18][INFO ](SmtOscar_Hist_FileCheck.java:122) - [FileCheck] NORMAL
[2014/03/10 10:05:46][INFO ](SmtOscar_Hist_Dao.java:1127) - [SMART_TEST_YIELD_HIST_00 Insert Start.]
[2014/03/10 10:05:50][INFO ](SmtOscar_Hist_Dao.java:1129) - [Insert Data End]
[2014/03/10 10:05:55][ERROR](SmtOscar_Hist_Dao.java:1148) - java.lang.ArrayIndexOutOfBoundsException: 1
[2014/03/10 10:06:18][INFO ](SmtOscar_Main.java:153) - [SmtOscar File Read] A_KGDTEST12_T090256_a701_140307152402.osc
[2014/03/10 10:06:18][INFO ](SmtOscar_Hist_FileCheck.java:122) - [FileCheck] NORMAL
[2014/03/10 10:06:23][INFO ](SmtOscar_Hist_Dao.java:1127) - [SMART_TEST_YIELD_HIST_00 Insert Start.]
[2014/03/10 10:06:29][INFO ](SmtOscar_Hist_Dao.java:1129) - [Insert Data End]
[2014/03/10 10:09:09][INFO ](SmtOscar_Main.java:153) - [SmtOscar File Read] A_KGDTEST12_T090256_a701_140307152402.osc
[2014/03/10 10:09:09][INFO ](SmtOscar_Hist_FileCheck.java:122) - [FileCheck] NORMAL
[2014/03/10 10:09:09][INFO ](SmtOscar_Hist_Dao.java:1127) - [SMART_TEST_YIELD_HIST_00 Insert Start.]
[2014/03/10 10:09:09][INFO ](SmtOscar_Hist_Dao.java:1129) - [Insert Data End]
[2014/03/10 10:09:15][INFO ](FileMoveUtil.java:143) - [mkdir] 03Data
[2014/03/10 10:09:40][ERROR](SmtOscar_Hist_Dao.java:1142) - [FORMAT ERROR]A_KGDTEST12_T090256_a701__00.osc.gz
[2014/03/10 10:09:42][INFO ](SmtOscar_Hist_Dao.java:1148) - [FileMove] SUCCESS 


[2014/03/10 10:09:45][ERROR](SmtOscar_Hist_FileCheck.java:132) - File Check Format Error-15 : Retest 0 SORT Data Not
[2014/03/10 10:09:45][ERROR](SmtOscar_Hist_FileCheck.java:136) - <MLCT>
[2014/03/10 10:09:45][ERROR](SmtOscar_Hist_FileCheck.java:136) - <HEAD>
[2014/03/10 10:09:45][ERROR](SmtOscar_Hist_FileCheck.java:136) - Flag=10 Retest=0 Side=A Tmode=AUTO
[2014/03/10 10:09:45][ERROR](SmtOscar_Hist_FileCheck.java:136) - LotId=KGDTEST12 ProductId=K4P2E304EQ-PG00000-GDOLLK ProcessId=T090256 Inqty=123
[2014/03/10 10:09:45][ERROR](SmtOscar_Hist_FileCheck.java:136) - Tester=a701 System=T5503 Handler=M6242 Program=QM2381I2 Type=PP Board_id=FDO5C122
[2014/03/10 10:09:45][ERROR](SmtOscar_Hist_FileCheck.java:136) - Head=A OS= Operator=0904349211
[2014/03/10 10:09:45][ERROR](SmtOscar_Hist_FileCheck.java:136) - </HEAD>
[2014/03/10 10:09:45][ERROR](SmtOscar_Hist_FileCheck.java:136) - <GAMMA>
[2014/03/10 10:09:45][ERROR](SmtOscar_Hist_FileCheck.java:136) - OP_INPUT= OP_CAT1= OP_CAT2= OP_CAT3= OP_CAT4= OP_CAT5= OP_CAT6= OP_CAT7= OP_CAT8= OP_CAT9= OP_PASS=
[2014/03/10 10:09:45][ERROR](SmtOscar_Hist_FileCheck.java:136) - OP_BIN9= OP_600= OP_601= OP_602= OP_603= OP_604= OP_605= OP_606= OP_607= OP_608= OP_609=
[2014/03/10 10:09:45][ERROR](SmtOscar_Hist_FileCheck.java:136) - HD_INPUT=6 HD_REJ=4 HD_SOR=2 HD_RET=0 HD_CAT1=0 HD_CAT2=0 HD_CAT3=0 HD_CAT4=0 HD_CAT5=0 HD_CAT6=0 HD_CAT7=1 HD_CAT8=1 HD_PASS=0
[2014/03/10 10:09:45][ERROR](SmtOscar_Hist_FileCheck.java:136) - EQP_INPUT= EQP_CAT1= EQP_CAT2= EQP_CAT3= EQP_CAT4= EQP_CAT5= EQP_CAT6= EQP_CAT7= EQP_CAT8= EQP_PASS=
[2014/03/10 10:09:45][ERROR](SmtOscar_Hist_FileCheck.java:136) - PGMVER_START= PGMVER_END=
[2014/03/10 10:09:45][ERROR](SmtOscar_Hist_FileCheck.java:136) - </GAMMA>
[2014/03/10 10:09:45][ERROR](SmtOscar_Hist_FileCheck.java:136) - <DUTMAP>
[2014/03/10 10:09:45][ERROR](SmtOscar_Hist_FileCheck.java:136) - Retest=0 Start_Date=14/03/07 Start_Time=15:18:03
[2014/03/10 10:09:45][ERROR](SmtOscar_Hist_FileCheck.java:136) - Retest=0 SUB=
[2014/03/10 10:09:45][ERROR](SmtOscar_Hist_FileCheck.java:136) - Retest=0 SORT=
[2014/03/10 10:09:45][ERROR](SmtOscar_Hist_FileCheck.java:136) - Retest=0 NG=
[2014/03/10 10:09:45][ERROR](SmtOscar_Hist_FileCheck.java:136) - </DUTMAP>
[2014/03/10 10:09:45][ERROR](SmtOscar_Hist_FileCheck.java:136) - </MLCT>
[2014/03/10 10:09:45][ERROR](SmtOscar_Hist_FileCheck.java:146) - [ReName-3]java.io.FileNotFoundException: C:\DataFile\OSCAR\TesterData\ConData\A_KGDTEST12_T090256_a701_140307152402.osc (지정된 파일을 찾을 수 없습니다)
[2014/03/10 10:12:24][INFO ](SmtOscar_Main.java:153) - [SmtOscar File Read] A_KGDTEST12_T090256_a701_140307152402.osc
[2014/03/10 10:12:24][INFO ](SmtOscar_Hist_FileCheck.java:122) - [FileCheck] NORMAL
[2014/03/10 10:12:24][INFO ](SmtOscar_Hist_Dao.java:1127) - [SMART_TEST_YIELD_HIST_00 Insert Start.]
[2014/03/10 10:12:24][INFO ](SmtOscar_Hist_Dao.java:1129) - [Insert Data End]
[2014/03/10 10:12:38][INFO ](FileMoveUtil.java:143) - [mkdir] 03Data
[2014/03/10 10:13:11][INFO ](SmtOscar_Main.java:153) - [SmtOscar File Read] A_KGDTEST12_T090256_a701_140307152402.osc
[2014/03/10 10:13:11][INFO ](SmtOscar_Hist_FileCheck.java:122) - [FileCheck] NORMAL
[2014/03/10 10:13:12][INFO ](SmtOscar_Hist_Dao.java:1127) - [SMART_TEST_YIELD_HIST_00 Insert Start.]
[2014/03/10 10:13:12][INFO ](SmtOscar_Hist_Dao.java:1129) - [Insert Data End]
[2014/03/10 10:13:16][INFO ](FileMoveUtil.java:143) - [mkdir] 03Data
[2014/03/10 10:13:51][INFO ](SmtOscar_Main.java:153) - [SmtOscar File Read] A_KGDTEST12_T090256_a701_140307152402.osc
[2014/03/10 10:13:51][INFO ](SmtOscar_Hist_FileCheck.java:122) - [FileCheck] NORMAL
[2014/03/10 10:13:51][INFO ](SmtOscar_Hist_Dao.java:1127) - [SMART_TEST_YIELD_HIST_00 Insert Start.]
[2014/03/10 10:13:51][INFO ](SmtOscar_Hist_Dao.java:1129) - [Insert Data End]
