[2014/02/28 14:50:53][INFO ](SmtOscar_Main.java:153) - [SmtOscar File Read] A_140226_QA-LAB_T070FUL_mu01_20140226164752_00.osc
[2014/02/28 14:50:53][INFO ](SmtOscar_Hist_FileCheck.java:122) - [FileCheck] NORMAL
[2014/02/28 14:50:53][INFO ](SmtOscar_Hist_FileProcess.java:302) - SORT : 6:1,7:4,
[2014/02/28 14:50:53][INFO ](SmtIsi_Stdinfo.java:151) - [SBL_Stdinfo] splitSubBin() ****sData=10!#!1:HOLD:PrimeCSD!#!1:HOLD:PrimeCSD!#!1:HOLD:PrimeCSD!#!F@#@22!#!1:HOLD:ISBC1!#!1:HOLD:ISBC1!#!1:HOLD:ISBC1!#!F@#@24!#!1:HOLD:ISBC2!#!1:HOLD:ISBC2!#!1:HOLD:ISBC2!#!F@#@23!#!1:HOLD:ISBF1!#!1:HOLD:ISBF1!#!1:HOLD:ISBF1!#!F@#@25!#!1:HOLD:ISBF2!#!1:HOLD:ISBF2!#!1:HOLD:ISBF2!#!F@#@12!#!1:HOLD:CSD!#!1:HOLD:CSD!#!1:HOLD:CSD!#!F@#@8!#!1.0:HOLD:OPSH!#!1.0:HOLD:OPSH!#!1.0:HOLD:OPSH!#!F@#@69!#!0.3:HOLD:PMAP!#!0.3:HOLD:PMAP!#!0.3:HOLD:PMAP!#!F@#@49!#!1:HOLD:X8_W!#!1:HOLD:X8_W!#!1:HOLD:X8_W!#!F@#@50!#!1:HOLD:X8_R!#!1:HOLD:X8_R!#!1:HOLD:X8_R!#!F@#@99!#!3:HOLD:FAIL_SUM!#!3:HOLD:ISBF1!#!3:HOLD:ISBF1!#!F@#@
[2014/02/28 14:50:53][INFO ](SmtIsi_Stdinfo.java:139) - [SBL_Stdinfo] splitArrayList() pTemp= [10, 1:HOLD:PrimeCSD, 1:HOLD:PrimeCSD, 1:HOLD:PrimeCSD, F]
[2014/02/28 14:50:53][INFO ](SmtIsi_Stdinfo.java:140) - [SBL_Stdinfo] splitArrayList() pData= 10!#!1:HOLD:PrimeCSD!#!1:HOLD:PrimeCSD!#!1:HOLD:PrimeCSD!#!F
[2014/02/28 14:50:53][INFO ](SmtIsi_Stdinfo.java:141) -  [SBL_Stdinfo] splitArrayList() result= true
[2014/02/28 14:50:53][INFO ](SmtIsi_Stdinfo.java:139) - [SBL_Stdinfo] splitArrayList() pTemp= [22, 1:HOLD:ISBC1, 1:HOLD:ISBC1, 1:HOLD:ISBC1, F]
[2014/02/28 14:50:53][INFO ](SmtIsi_Stdinfo.java:140) - [SBL_Stdinfo] splitArrayList() pData= 22!#!1:HOLD:ISBC1!#!1:HOLD:ISBC1!#!1:HOLD:ISBC1!#!F
[2014/02/28 14:50:53][INFO ](SmtIsi_Stdinfo.java:141) -  [SBL_Stdinfo] splitArrayList() result= true
[2014/02/28 14:50:53][INFO ](SmtIsi_Stdinfo.java:139) - [SBL_Stdinfo] splitArrayList() pTemp= [24, 1:HOLD:ISBC2, 1:HOLD:ISBC2, 1:HOLD:ISBC2, F]
[2014/02/28 14:50:53][INFO ](SmtIsi_Stdinfo.java:140) - [SBL_Stdinfo] splitArrayList() pData= 24!#!1:HOLD:ISBC2!#!1:HOLD:ISBC2!#!1:HOLD:ISBC2!#!F
[2014/02/28 14:50:53][INFO ](SmtIsi_Stdinfo.java:141) -  [SBL_Stdinfo] splitArrayList() result= true
[2014/02/28 14:50:53][INFO ](SmtIsi_Stdinfo.java:139) - [SBL_Stdinfo] splitArrayList() pTemp= [23, 1:HOLD:ISBF1, 1:HOLD:ISBF1, 1:HOLD:ISBF1, F]
[2014/02/28 14:50:53][INFO ](SmtIsi_Stdinfo.java:140) - [SBL_Stdinfo] splitArrayList() pData= 23!#!1:HOLD:ISBF1!#!1:HOLD:ISBF1!#!1:HOLD:ISBF1!#!F
[2014/02/28 14:50:53][INFO ](SmtIsi_Stdinfo.java:141) -  [SBL_Stdinfo] splitArrayList() result= true
[2014/02/28 14:50:53][INFO ](SmtIsi_Stdinfo.java:139) - [SBL_Stdinfo] splitArrayList() pTemp= [25, 1:HOLD:ISBF2, 1:HOLD:ISBF2, 1:HOLD:ISBF2, F]
[2014/02/28 14:50:53][INFO ](SmtIsi_Stdinfo.java:140) - [SBL_Stdinfo] splitArrayList() pData= 25!#!1:HOLD:ISBF2!#!1:HOLD:ISBF2!#!1:HOLD:ISBF2!#!F
[2014/02/28 14:50:53][INFO ](SmtIsi_Stdinfo.java:141) -  [SBL_Stdinfo] splitArrayList() result= true
[2014/02/28 14:50:53][INFO ](SmtIsi_Stdinfo.java:139) - [SBL_Stdinfo] splitArrayList() pTemp= [12, 1:HOLD:CSD, 1:HOLD:CSD, 1:HOLD:CSD, F]
[2014/02/28 14:50:53][INFO ](SmtIsi_Stdinfo.java:140) - [SBL_Stdinfo] splitArrayList() pData= 12!#!1:HOLD:CSD!#!1:HOLD:CSD!#!1:HOLD:CSD!#!F
[2014/02/28 14:50:53][INFO ](SmtIsi_Stdinfo.java:141) -  [SBL_Stdinfo] splitArrayList() result= true
[2014/02/28 14:50:53][INFO ](SmtIsi_Stdinfo.java:139) - [SBL_Stdinfo] splitArrayList() pTemp= [8, 1.0:HOLD:OPSH, 1.0:HOLD:OPSH, 1.0:HOLD:OPSH, F]
[2014/02/28 14:50:53][INFO ](SmtIsi_Stdinfo.java:140) - [SBL_Stdinfo] splitArrayList() pData= 8!#!1.0:HOLD:OPSH!#!1.0:HOLD:OPSH!#!1.0:HOLD:OPSH!#!F
[2014/02/28 14:50:53][INFO ](SmtIsi_Stdinfo.java:141) -  [SBL_Stdinfo] splitArrayList() result= true
[2014/02/28 14:50:53][INFO ](SmtIsi_Stdinfo.java:139) - [SBL_Stdinfo] splitArrayList() pTemp= [69, 0.3:HOLD:PMAP, 0.3:HOLD:PMAP, 0.3:HOLD:PMAP, F]
[2014/02/28 14:50:53][INFO ](SmtIsi_Stdinfo.java:140) - [SBL_Stdinfo] splitArrayList() pData= 69!#!0.3:HOLD:PMAP!#!0.3:HOLD:PMAP!#!0.3:HOLD:PMAP!#!F
[2014/02/28 14:50:53][INFO ](SmtIsi_Stdinfo.java:141) -  [SBL_Stdinfo] splitArrayList() result= true
[2014/02/28 14:50:53][INFO ](SmtIsi_Stdinfo.java:139) - [SBL_Stdinfo] splitArrayList() pTemp= [49, 1:HOLD:X8_W, 1:HOLD:X8_W, 1:HOLD:X8_W, F]
[2014/02/28 14:50:53][INFO ](SmtIsi_Stdinfo.java:140) - [SBL_Stdinfo] splitArrayList() pData= 49!#!1:HOLD:X8_W!#!1:HOLD:X8_W!#!1:HOLD:X8_W!#!F
[2014/02/28 14:50:53][INFO ](SmtIsi_Stdinfo.java:141) -  [SBL_Stdinfo] splitArrayList() result= true
[2014/02/28 14:50:53][INFO ](SmtIsi_Stdinfo.java:139) - [SBL_Stdinfo] splitArrayList() pTemp= [50, 1:HOLD:X8_R, 1:HOLD:X8_R, 1:HOLD:X8_R, F]
[2014/02/28 14:50:53][INFO ](SmtIsi_Stdinfo.java:140) - [SBL_Stdinfo] splitArrayList() pData= 50!#!1:HOLD:X8_R!#!1:HOLD:X8_R!#!1:HOLD:X8_R!#!F
[2014/02/28 14:50:53][INFO ](SmtIsi_Stdinfo.java:141) -  [SBL_Stdinfo] splitArrayList() result= true
[2014/02/28 14:50:53][INFO ](SmtIsi_Stdinfo.java:139) - [SBL_Stdinfo] splitArrayList() pTemp= [99, 3:HOLD:FAIL_SUM, 3:HOLD:ISBF1, 3:HOLD:ISBF1, F]
[2014/02/28 14:50:53][INFO ](SmtIsi_Stdinfo.java:140) - [SBL_Stdinfo] splitArrayList() pData= 99!#!3:HOLD:FAIL_SUM!#!3:HOLD:ISBF1!#!3:HOLD:ISBF1!#!F
[2014/02/28 14:50:53][INFO ](SmtIsi_Stdinfo.java:141) -  [SBL_Stdinfo] splitArrayList() result= true
[2014/02/28 14:50:53][INFO ](SmtIsi_Process.java:43) - 판정 제외1
[2014/02/28 14:50:53][INFO ](SmtIsi_Process.java:49) - MIX 판정
[2014/02/28 14:50:53][INFO ](SmtIsi_Process.java:55) - 판정 제외2
[2014/02/28 14:50:53][INFO ](SmtIsi_Process.java:61) - SubBin 판정
[2014/02/28 14:50:53][INFO ](SmtIsi_JudgeSubbin.java:68) - Check BinNo=10
[2014/02/28 14:50:53][INFO ](SmtIsi_JudgeSubbin.java:68) - Check BinNo=22
[2014/02/28 14:50:53][INFO ](SmtIsi_JudgeSubbin.java:68) - Check BinNo=24
[2014/02/28 14:50:53][INFO ](SmtIsi_JudgeSubbin.java:101) - failbin=24
[2014/02/28 14:51:05][INFO ](SmtIsi_Process.java:68) - Yield 판정
[2014/02/28 14:51:05][INFO ](SmtIsi_Process.java:75) - NOT 판정
[2014/02/28 14:51:05][INFO ](SmtIsi_Process.java:82) - LOS 판정
[2014/02/28 14:51:48][ERROR](GlobalDao.java:187) - com.microsoft.sqlserver.jdbc.SQLServerException: Violation of PRIMARY KEY constraint 'PK_SBL_RESULT'. Cannot insert duplicate key in object 'dbo.SBL_RESULT'. The duplicate key value is (20140226164752, 140226_QA-LAB, KLM8G1WEMB-B0300Y0-123456, T070FUL, mu01).
