[2014/02/27 09:07:22][INFO ](SmtOscar_Main.java:153) - [SmtOscar File Read] A_140226_QA-LAB_T070FUL_mu01_20140226164752_00.osc
[2014/02/27 09:07:22][INFO ](SmtOscar_Hist_FileCheck.java:122) - [FileCheck] NORMAL
[2014/02/27 09:07:22][INFO ](SmtOscar_Hist_FileProcess.java:302) - SORT : 6:1,7:4,
[2014/02/27 09:07:32][INFO ](SmtIsi_Stdinfo.java:151) - [SBL_Stdinfo] splitSubBin() ****sData=10!#!1:HOLD:PrimeCSD!#!1:HOLD:PrimeCSD!#!1:HOLD:PrimeCSD!#!F@#@22!#!1:HOLD:ISBC1!#!1:HOLD:ISBC1!#!1:HOLD:ISBC1!#!F@#@24!#!1:HOLD:ISBC2!#!1:HOLD:ISBC2!#!1:HOLD:ISBC2!#!F@#@23!#!1:HOLD:ISBF1!#!1:HOLD:ISBF1!#!1:HOLD:ISBF1!#!F@#@25!#!1:HOLD:ISBF2!#!1:HOLD:ISBF2!#!1:HOLD:ISBF2!#!F@#@12!#!1:HOLD:CSD!#!1:HOLD:CSD!#!1:HOLD:CSD!#!F@#@8!#!1.0:HOLD:OPSH!#!1.0:HOLD:OPSH!#!1.0:HOLD:OPSH!#!F@#@69!#!0.3:HOLD:PMAP!#!0.3:HOLD:PMAP!#!0.3:HOLD:PMAP!#!F@#@49!#!1:HOLD:X8_W!#!1:HOLD:X8_W!#!1:HOLD:X8_W!#!F@#@50!#!1:HOLD:X8_R!#!1:HOLD:X8_R!#!1:HOLD:X8_R!#!F@#@99!#!3:HOLD:FAIL_SUM!#!3:HOLD:ISBF1!#!3:HOLD:ISBF1!#!F@#@
[2014/02/27 09:07:32][INFO ](SmtIsi_Stdinfo.java:139) - [SBL_Stdinfo] splitArrayList() pTemp= [10, 1:HOLD:PrimeCSD, 1:HOLD:PrimeCSD, 1:HOLD:PrimeCSD, F]
[2014/02/27 09:07:32][INFO ](SmtIsi_Stdinfo.java:140) - [SBL_Stdinfo] splitArrayList() pData= 10!#!1:HOLD:PrimeCSD!#!1:HOLD:PrimeCSD!#!1:HOLD:PrimeCSD!#!F
[2014/02/27 09:07:32][INFO ](SmtIsi_Stdinfo.java:141) -  [SBL_Stdinfo] splitArrayList() result= true
[2014/02/27 09:07:32][INFO ](SmtIsi_Stdinfo.java:139) - [SBL_Stdinfo] splitArrayList() pTemp= [22, 1:HOLD:ISBC1, 1:HOLD:ISBC1, 1:HOLD:ISBC1, F]
[2014/02/27 09:07:32][INFO ](SmtIsi_Stdinfo.java:140) - [SBL_Stdinfo] splitArrayList() pData= 22!#!1:HOLD:ISBC1!#!1:HOLD:ISBC1!#!1:HOLD:ISBC1!#!F
[2014/02/27 09:07:32][INFO ](SmtIsi_Stdinfo.java:141) -  [SBL_Stdinfo] splitArrayList() result= true
[2014/02/27 09:07:32][INFO ](SmtIsi_Stdinfo.java:139) - [SBL_Stdinfo] splitArrayList() pTemp= [24, 1:HOLD:ISBC2, 1:HOLD:ISBC2, 1:HOLD:ISBC2, F]
[2014/02/27 09:07:32][INFO ](SmtIsi_Stdinfo.java:140) - [SBL_Stdinfo] splitArrayList() pData= 24!#!1:HOLD:ISBC2!#!1:HOLD:ISBC2!#!1:HOLD:ISBC2!#!F
[2014/02/27 09:07:32][INFO ](SmtIsi_Stdinfo.java:141) -  [SBL_Stdinfo] splitArrayList() result= true
[2014/02/27 09:07:32][INFO ](SmtIsi_Stdinfo.java:139) - [SBL_Stdinfo] splitArrayList() pTemp= [23, 1:HOLD:ISBF1, 1:HOLD:ISBF1, 1:HOLD:ISBF1, F]
[2014/02/27 09:07:32][INFO ](SmtIsi_Stdinfo.java:140) - [SBL_Stdinfo] splitArrayList() pData= 23!#!1:HOLD:ISBF1!#!1:HOLD:ISBF1!#!1:HOLD:ISBF1!#!F
[2014/02/27 09:07:32][INFO ](SmtIsi_Stdinfo.java:141) -  [SBL_Stdinfo] splitArrayList() result= true
[2014/02/27 09:07:32][INFO ](SmtIsi_Stdinfo.java:139) - [SBL_Stdinfo] splitArrayList() pTemp= [25, 1:HOLD:ISBF2, 1:HOLD:ISBF2, 1:HOLD:ISBF2, F]
[2014/02/27 09:07:32][INFO ](SmtIsi_Stdinfo.java:140) - [SBL_Stdinfo] splitArrayList() pData= 25!#!1:HOLD:ISBF2!#!1:HOLD:ISBF2!#!1:HOLD:ISBF2!#!F
[2014/02/27 09:07:32][INFO ](SmtIsi_Stdinfo.java:141) -  [SBL_Stdinfo] splitArrayList() result= true
[2014/02/27 09:07:32][INFO ](SmtIsi_Stdinfo.java:139) - [SBL_Stdinfo] splitArrayList() pTemp= [12, 1:HOLD:CSD, 1:HOLD:CSD, 1:HOLD:CSD, F]
[2014/02/27 09:07:32][INFO ](SmtIsi_Stdinfo.java:140) - [SBL_Stdinfo] splitArrayList() pData= 12!#!1:HOLD:CSD!#!1:HOLD:CSD!#!1:HOLD:CSD!#!F
[2014/02/27 09:07:32][INFO ](SmtIsi_Stdinfo.java:141) -  [SBL_Stdinfo] splitArrayList() result= true
[2014/02/27 09:07:32][INFO ](SmtIsi_Stdinfo.java:139) - [SBL_Stdinfo] splitArrayList() pTemp= [8, 1.0:HOLD:OPSH, 1.0:HOLD:OPSH, 1.0:HOLD:OPSH, F]
[2014/02/27 09:07:32][INFO ](SmtIsi_Stdinfo.java:140) - [SBL_Stdinfo] splitArrayList() pData= 8!#!1.0:HOLD:OPSH!#!1.0:HOLD:OPSH!#!1.0:HOLD:OPSH!#!F
[2014/02/27 09:07:32][INFO ](SmtIsi_Stdinfo.java:141) -  [SBL_Stdinfo] splitArrayList() result= true
[2014/02/27 09:07:32][INFO ](SmtIsi_Stdinfo.java:139) - [SBL_Stdinfo] splitArrayList() pTemp= [69, 0.3:HOLD:PMAP, 0.3:HOLD:PMAP, 0.3:HOLD:PMAP, F]
[2014/02/27 09:07:32][INFO ](SmtIsi_Stdinfo.java:140) - [SBL_Stdinfo] splitArrayList() pData= 69!#!0.3:HOLD:PMAP!#!0.3:HOLD:PMAP!#!0.3:HOLD:PMAP!#!F
[2014/02/27 09:07:32][INFO ](SmtIsi_Stdinfo.java:141) -  [SBL_Stdinfo] splitArrayList() result= true
[2014/02/27 09:07:32][INFO ](SmtIsi_Stdinfo.java:139) - [SBL_Stdinfo] splitArrayList() pTemp= [49, 1:HOLD:X8_W, 1:HOLD:X8_W, 1:HOLD:X8_W, F]
[2014/02/27 09:07:32][INFO ](SmtIsi_Stdinfo.java:140) - [SBL_Stdinfo] splitArrayList() pData= 49!#!1:HOLD:X8_W!#!1:HOLD:X8_W!#!1:HOLD:X8_W!#!F
[2014/02/27 09:07:32][INFO ](SmtIsi_Stdinfo.java:141) -  [SBL_Stdinfo] splitArrayList() result= true
[2014/02/27 09:07:32][INFO ](SmtIsi_Stdinfo.java:139) - [SBL_Stdinfo] splitArrayList() pTemp= [50, 1:HOLD:X8_R, 1:HOLD:X8_R, 1:HOLD:X8_R, F]
[2014/02/27 09:07:32][INFO ](SmtIsi_Stdinfo.java:140) - [SBL_Stdinfo] splitArrayList() pData= 50!#!1:HOLD:X8_R!#!1:HOLD:X8_R!#!1:HOLD:X8_R!#!F
[2014/02/27 09:07:32][INFO ](SmtIsi_Stdinfo.java:141) -  [SBL_Stdinfo] splitArrayList() result= true
[2014/02/27 09:07:32][INFO ](SmtIsi_Stdinfo.java:139) - [SBL_Stdinfo] splitArrayList() pTemp= [99, 3:HOLD:FAIL_SUM, 3:HOLD:ISBF1, 3:HOLD:ISBF1, F]
[2014/02/27 09:07:32][INFO ](SmtIsi_Stdinfo.java:140) - [SBL_Stdinfo] splitArrayList() pData= 99!#!3:HOLD:FAIL_SUM!#!3:HOLD:ISBF1!#!3:HOLD:ISBF1!#!F
[2014/02/27 09:07:32][INFO ](SmtIsi_Stdinfo.java:141) -  [SBL_Stdinfo] splitArrayList() result= true
[2014/02/27 09:07:32][INFO ](SmtIsi_Process.java:43) - 판정 제외1
[2014/02/27 09:07:32][INFO ](SmtIsi_Process.java:49) - MIX 판정
[2014/02/27 09:07:32][INFO ](SmtIsi_Process.java:55) - 판정 제외2
[2014/02/27 09:07:32][INFO ](SmtIsi_Process.java:61) - SubBin 판정
[2014/02/27 09:11:32][INFO ](SmtIsi_JudgeSubbin.java:68) - Check BinNo=10
[2014/02/27 09:14:37][INFO ](SmtIsi_JudgeSubbin.java:68) - Check BinNo=22
[2014/02/27 09:14:59][INFO ](SmtIsi_JudgeSubbin.java:68) - Check BinNo=24
[2014/02/27 09:26:17][INFO ](SmtOscar_Main.java:153) - [SmtOscar File Read] A_140226_QA-LAB_T070FUL_mu01_20140226164752_00.osc
[2014/02/27 09:26:17][INFO ](SmtOscar_Hist_FileCheck.java:122) - [FileCheck] NORMAL
[2014/02/27 09:26:17][INFO ](SmtOscar_Hist_FileProcess.java:302) - SORT : 6:1,7:4,
[2014/02/27 09:26:18][INFO ](SmtIsi_Stdinfo.java:151) - [SBL_Stdinfo] splitSubBin() ****sData=10!#!1:HOLD:PrimeCSD!#!1:HOLD:PrimeCSD!#!1:HOLD:PrimeCSD!#!F@#@22!#!1:HOLD:ISBC1!#!1:HOLD:ISBC1!#!1:HOLD:ISBC1!#!F@#@24!#!1:HOLD:ISBC2!#!1:HOLD:ISBC2!#!1:HOLD:ISBC2!#!F@#@23!#!1:HOLD:ISBF1!#!1:HOLD:ISBF1!#!1:HOLD:ISBF1!#!F@#@25!#!1:HOLD:ISBF2!#!1:HOLD:ISBF2!#!1:HOLD:ISBF2!#!F@#@12!#!1:HOLD:CSD!#!1:HOLD:CSD!#!1:HOLD:CSD!#!F@#@8!#!1.0:HOLD:OPSH!#!1.0:HOLD:OPSH!#!1.0:HOLD:OPSH!#!F@#@69!#!0.3:HOLD:PMAP!#!0.3:HOLD:PMAP!#!0.3:HOLD:PMAP!#!F@#@49!#!1:HOLD:X8_W!#!1:HOLD:X8_W!#!1:HOLD:X8_W!#!F@#@50!#!1:HOLD:X8_R!#!1:HOLD:X8_R!#!1:HOLD:X8_R!#!F@#@99!#!3:HOLD:FAIL_SUM!#!3:HOLD:ISBF1!#!3:HOLD:ISBF1!#!F@#@
[2014/02/27 09:26:18][INFO ](SmtIsi_Stdinfo.java:139) - [SBL_Stdinfo] splitArrayList() pTemp= [10, 1:HOLD:PrimeCSD, 1:HOLD:PrimeCSD, 1:HOLD:PrimeCSD, F]
[2014/02/27 09:26:18][INFO ](SmtIsi_Stdinfo.java:140) - [SBL_Stdinfo] splitArrayList() pData= 10!#!1:HOLD:PrimeCSD!#!1:HOLD:PrimeCSD!#!1:HOLD:PrimeCSD!#!F
[2014/02/27 09:26:18][INFO ](SmtIsi_Stdinfo.java:141) -  [SBL_Stdinfo] splitArrayList() result= true
[2014/02/27 09:26:18][INFO ](SmtIsi_Stdinfo.java:139) - [SBL_Stdinfo] splitArrayList() pTemp= [22, 1:HOLD:ISBC1, 1:HOLD:ISBC1, 1:HOLD:ISBC1, F]
[2014/02/27 09:26:18][INFO ](SmtIsi_Stdinfo.java:140) - [SBL_Stdinfo] splitArrayList() pData= 22!#!1:HOLD:ISBC1!#!1:HOLD:ISBC1!#!1:HOLD:ISBC1!#!F
[2014/02/27 09:26:18][INFO ](SmtIsi_Stdinfo.java:141) -  [SBL_Stdinfo] splitArrayList() result= true
[2014/02/27 09:26:18][INFO ](SmtIsi_Stdinfo.java:139) - [SBL_Stdinfo] splitArrayList() pTemp= [24, 1:HOLD:ISBC2, 1:HOLD:ISBC2, 1:HOLD:ISBC2, F]
[2014/02/27 09:26:18][INFO ](SmtIsi_Stdinfo.java:140) - [SBL_Stdinfo] splitArrayList() pData= 24!#!1:HOLD:ISBC2!#!1:HOLD:ISBC2!#!1:HOLD:ISBC2!#!F
[2014/02/27 09:26:18][INFO ](SmtIsi_Stdinfo.java:141) -  [SBL_Stdinfo] splitArrayList() result= true
[2014/02/27 09:26:18][INFO ](SmtIsi_Stdinfo.java:139) - [SBL_Stdinfo] splitArrayList() pTemp= [23, 1:HOLD:ISBF1, 1:HOLD:ISBF1, 1:HOLD:ISBF1, F]
[2014/02/27 09:26:18][INFO ](SmtIsi_Stdinfo.java:140) - [SBL_Stdinfo] splitArrayList() pData= 23!#!1:HOLD:ISBF1!#!1:HOLD:ISBF1!#!1:HOLD:ISBF1!#!F
[2014/02/27 09:26:18][INFO ](SmtIsi_Stdinfo.java:141) -  [SBL_Stdinfo] splitArrayList() result= true
[2014/02/27 09:26:18][INFO ](SmtIsi_Stdinfo.java:139) - [SBL_Stdinfo] splitArrayList() pTemp= [25, 1:HOLD:ISBF2, 1:HOLD:ISBF2, 1:HOLD:ISBF2, F]
[2014/02/27 09:26:18][INFO ](SmtIsi_Stdinfo.java:140) - [SBL_Stdinfo] splitArrayList() pData= 25!#!1:HOLD:ISBF2!#!1:HOLD:ISBF2!#!1:HOLD:ISBF2!#!F
[2014/02/27 09:26:18][INFO ](SmtIsi_Stdinfo.java:141) -  [SBL_Stdinfo] splitArrayList() result= true
[2014/02/27 09:26:18][INFO ](SmtIsi_Stdinfo.java:139) - [SBL_Stdinfo] splitArrayList() pTemp= [12, 1:HOLD:CSD, 1:HOLD:CSD, 1:HOLD:CSD, F]
[2014/02/27 09:26:18][INFO ](SmtIsi_Stdinfo.java:140) - [SBL_Stdinfo] splitArrayList() pData= 12!#!1:HOLD:CSD!#!1:HOLD:CSD!#!1:HOLD:CSD!#!F
[2014/02/27 09:26:18][INFO ](SmtIsi_Stdinfo.java:141) -  [SBL_Stdinfo] splitArrayList() result= true
[2014/02/27 09:26:18][INFO ](SmtIsi_Stdinfo.java:139) - [SBL_Stdinfo] splitArrayList() pTemp= [8, 1.0:HOLD:OPSH, 1.0:HOLD:OPSH, 1.0:HOLD:OPSH, F]
[2014/02/27 09:26:18][INFO ](SmtIsi_Stdinfo.java:140) - [SBL_Stdinfo] splitArrayList() pData= 8!#!1.0:HOLD:OPSH!#!1.0:HOLD:OPSH!#!1.0:HOLD:OPSH!#!F
[2014/02/27 09:26:18][INFO ](SmtIsi_Stdinfo.java:141) -  [SBL_Stdinfo] splitArrayList() result= true
[2014/02/27 09:26:18][INFO ](SmtIsi_Stdinfo.java:139) - [SBL_Stdinfo] splitArrayList() pTemp= [69, 0.3:HOLD:PMAP, 0.3:HOLD:PMAP, 0.3:HOLD:PMAP, F]
[2014/02/27 09:26:18][INFO ](SmtIsi_Stdinfo.java:140) - [SBL_Stdinfo] splitArrayList() pData= 69!#!0.3:HOLD:PMAP!#!0.3:HOLD:PMAP!#!0.3:HOLD:PMAP!#!F
[2014/02/27 09:26:18][INFO ](SmtIsi_Stdinfo.java:141) -  [SBL_Stdinfo] splitArrayList() result= true
[2014/02/27 09:26:18][INFO ](SmtIsi_Stdinfo.java:139) - [SBL_Stdinfo] splitArrayList() pTemp= [49, 1:HOLD:X8_W, 1:HOLD:X8_W, 1:HOLD:X8_W, F]
[2014/02/27 09:26:18][INFO ](SmtIsi_Stdinfo.java:140) - [SBL_Stdinfo] splitArrayList() pData= 49!#!1:HOLD:X8_W!#!1:HOLD:X8_W!#!1:HOLD:X8_W!#!F
[2014/02/27 09:26:18][INFO ](SmtIsi_Stdinfo.java:141) -  [SBL_Stdinfo] splitArrayList() result= true
[2014/02/27 09:26:18][INFO ](SmtIsi_Stdinfo.java:139) - [SBL_Stdinfo] splitArrayList() pTemp= [50, 1:HOLD:X8_R, 1:HOLD:X8_R, 1:HOLD:X8_R, F]
[2014/02/27 09:26:18][INFO ](SmtIsi_Stdinfo.java:140) - [SBL_Stdinfo] splitArrayList() pData= 50!#!1:HOLD:X8_R!#!1:HOLD:X8_R!#!1:HOLD:X8_R!#!F
[2014/02/27 09:26:18][INFO ](SmtIsi_Stdinfo.java:141) -  [SBL_Stdinfo] splitArrayList() result= true
[2014/02/27 09:26:18][INFO ](SmtIsi_Stdinfo.java:139) - [SBL_Stdinfo] splitArrayList() pTemp= [99, 3:HOLD:FAIL_SUM, 3:HOLD:ISBF1, 3:HOLD:ISBF1, F]
[2014/02/27 09:26:18][INFO ](SmtIsi_Stdinfo.java:140) - [SBL_Stdinfo] splitArrayList() pData= 99!#!3:HOLD:FAIL_SUM!#!3:HOLD:ISBF1!#!3:HOLD:ISBF1!#!F
[2014/02/27 09:26:18][INFO ](SmtIsi_Stdinfo.java:141) -  [SBL_Stdinfo] splitArrayList() result= true
[2014/02/27 09:26:18][INFO ](SmtIsi_Process.java:43) - 판정 제외1
[2014/02/27 09:26:18][INFO ](SmtIsi_Process.java:49) - MIX 판정
[2014/02/27 09:26:18][INFO ](SmtIsi_Process.java:55) - 판정 제외2
[2014/02/27 09:26:18][INFO ](SmtIsi_Process.java:61) - SubBin 판정
[2014/02/27 09:26:23][INFO ](SmtIsi_JudgeSubbin.java:68) - Check BinNo=10
[2014/02/27 09:26:27][INFO ](SmtIsi_JudgeSubbin.java:68) - Check BinNo=22
[2014/02/27 09:27:21][INFO ](SmtIsi_JudgeSubbin.java:68) - Check BinNo=24
[2014/02/27 09:29:29][INFO ](SmtIsi_JudgeSubbin.java:101) - failbin=24
[2014/02/27 09:32:27][INFO ](SmtOscar_Main.java:153) - [SmtOscar File Read] A_140226_QA-LAB_T070FUL_mu01_20140226164752_00.osc
[2014/02/27 09:32:27][INFO ](SmtOscar_Hist_FileCheck.java:122) - [FileCheck] NORMAL
[2014/02/27 09:32:27][INFO ](SmtOscar_Hist_FileProcess.java:302) - SORT : 6:1,7:4,
[2014/02/27 09:35:00][INFO ](SmtOscar_Main.java:153) - [SmtOscar File Read] A_140226_QA-LAB_T070FUL_mu01_20140226164752_00.osc
[2014/02/27 09:35:00][INFO ](SmtOscar_Hist_FileCheck.java:122) - [FileCheck] NORMAL
[2014/02/27 09:35:00][INFO ](SmtOscar_Hist_FileProcess.java:302) - SORT : 6:1,7:4,
[2014/02/27 09:35:00][INFO ](SmtIsi_Stdinfo.java:151) - [SBL_Stdinfo] splitSubBin() ****sData=10!#!1:HOLD:PrimeCSD!#!1:HOLD:PrimeCSD!#!1:HOLD:PrimeCSD!#!F@#@22!#!1:HOLD:ISBC1!#!1:HOLD:ISBC1!#!1:HOLD:ISBC1!#!F@#@24!#!1:HOLD:ISBC2!#!1:HOLD:ISBC2!#!1:HOLD:ISBC2!#!F@#@23!#!1:HOLD:ISBF1!#!1:HOLD:ISBF1!#!1:HOLD:ISBF1!#!F@#@25!#!1:HOLD:ISBF2!#!1:HOLD:ISBF2!#!1:HOLD:ISBF2!#!F@#@12!#!1:HOLD:CSD!#!1:HOLD:CSD!#!1:HOLD:CSD!#!F@#@8!#!1.0:HOLD:OPSH!#!1.0:HOLD:OPSH!#!1.0:HOLD:OPSH!#!F@#@69!#!0.3:HOLD:PMAP!#!0.3:HOLD:PMAP!#!0.3:HOLD:PMAP!#!F@#@49!#!1:HOLD:X8_W!#!1:HOLD:X8_W!#!1:HOLD:X8_W!#!F@#@50!#!1:HOLD:X8_R!#!1:HOLD:X8_R!#!1:HOLD:X8_R!#!F@#@99!#!3:HOLD:FAIL_SUM!#!3:HOLD:ISBF1!#!3:HOLD:ISBF1!#!F@#@
[2014/02/27 09:35:22][INFO ](SmtIsi_Stdinfo.java:139) - [SBL_Stdinfo] splitArrayList() pTemp= [10, 1:HOLD:PrimeCSD, 1:HOLD:PrimeCSD, 1:HOLD:PrimeCSD, F]
[2014/02/27 09:35:22][INFO ](SmtIsi_Stdinfo.java:140) - [SBL_Stdinfo] splitArrayList() pData= 10!#!1:HOLD:PrimeCSD!#!1:HOLD:PrimeCSD!#!1:HOLD:PrimeCSD!#!F
[2014/02/27 09:35:22][INFO ](SmtIsi_Stdinfo.java:141) -  [SBL_Stdinfo] splitArrayList() result= true
[2014/02/27 09:42:41][INFO ](SmtOscar_Main.java:153) - [SmtOscar File Read] A_140226_QA-LAB_T070FUL_mu01_20140226164752_00.osc
[2014/02/27 09:42:41][INFO ](SmtOscar_Hist_FileCheck.java:122) - [FileCheck] NORMAL
[2014/02/27 09:42:41][INFO ](SmtOscar_Hist_FileProcess.java:302) - SORT : 6:1,7:4,
[2014/02/27 09:42:42][INFO ](SmtIsi_Stdinfo.java:151) - [SBL_Stdinfo] splitSubBin() ****sData=10!#!1:HOLD:PrimeCSD!#!1:HOLD:PrimeCSD!#!1:HOLD:PrimeCSD!#!F@#@22!#!1:HOLD:ISBC1!#!1:HOLD:ISBC1!#!1:HOLD:ISBC1!#!F@#@24!#!1:HOLD:ISBC2!#!1:HOLD:ISBC2!#!1:HOLD:ISBC2!#!F@#@23!#!1:HOLD:ISBF1!#!1:HOLD:ISBF1!#!1:HOLD:ISBF1!#!F@#@25!#!1:HOLD:ISBF2!#!1:HOLD:ISBF2!#!1:HOLD:ISBF2!#!F@#@12!#!1:HOLD:CSD!#!1:HOLD:CSD!#!1:HOLD:CSD!#!F@#@8!#!1.0:HOLD:OPSH!#!1.0:HOLD:OPSH!#!1.0:HOLD:OPSH!#!F@#@69!#!0.3:HOLD:PMAP!#!0.3:HOLD:PMAP!#!0.3:HOLD:PMAP!#!F@#@49!#!1:HOLD:X8_W!#!1:HOLD:X8_W!#!1:HOLD:X8_W!#!F@#@50!#!1:HOLD:X8_R!#!1:HOLD:X8_R!#!1:HOLD:X8_R!#!F@#@99!#!3:HOLD:FAIL_SUM!#!3:HOLD:ISBF1!#!3:HOLD:ISBF1!#!F@#@
[2014/02/27 09:42:50][INFO ](SmtIsi_Stdinfo.java:139) - [SBL_Stdinfo] splitArrayList() pTemp= [10, 1:HOLD:PrimeCSD, 1:HOLD:PrimeCSD, 1:HOLD:PrimeCSD, F]
[2014/02/27 09:42:50][INFO ](SmtIsi_Stdinfo.java:140) - [SBL_Stdinfo] splitArrayList() pData= 10!#!1:HOLD:PrimeCSD!#!1:HOLD:PrimeCSD!#!1:HOLD:PrimeCSD!#!F
[2014/02/27 09:42:50][INFO ](SmtIsi_Stdinfo.java:141) -  [SBL_Stdinfo] splitArrayList() result= true
[2014/02/27 09:42:52][INFO ](SmtIsi_Stdinfo.java:139) - [SBL_Stdinfo] splitArrayList() pTemp= [22, 1:HOLD:ISBC1, 1:HOLD:ISBC1, 1:HOLD:ISBC1, F]
[2014/02/27 09:42:52][INFO ](SmtIsi_Stdinfo.java:140) - [SBL_Stdinfo] splitArrayList() pData= 22!#!1:HOLD:ISBC1!#!1:HOLD:ISBC1!#!1:HOLD:ISBC1!#!F
[2014/02/27 09:42:52][INFO ](SmtIsi_Stdinfo.java:141) -  [SBL_Stdinfo] splitArrayList() result= true
[2014/02/27 09:42:52][INFO ](SmtIsi_Stdinfo.java:139) - [SBL_Stdinfo] splitArrayList() pTemp= [24, 1:HOLD:ISBC2, 1:HOLD:ISBC2, 1:HOLD:ISBC2, F]
[2014/02/27 09:42:52][INFO ](SmtIsi_Stdinfo.java:140) - [SBL_Stdinfo] splitArrayList() pData= 24!#!1:HOLD:ISBC2!#!1:HOLD:ISBC2!#!1:HOLD:ISBC2!#!F
[2014/02/27 09:42:52][INFO ](SmtIsi_Stdinfo.java:141) -  [SBL_Stdinfo] splitArrayList() result= true
[2014/02/27 09:42:52][INFO ](SmtIsi_Stdinfo.java:139) - [SBL_Stdinfo] splitArrayList() pTemp= [23, 1:HOLD:ISBF1, 1:HOLD:ISBF1, 1:HOLD:ISBF1, F]
[2014/02/27 09:42:52][INFO ](SmtIsi_Stdinfo.java:140) - [SBL_Stdinfo] splitArrayList() pData= 23!#!1:HOLD:ISBF1!#!1:HOLD:ISBF1!#!1:HOLD:ISBF1!#!F
[2014/02/27 09:42:52][INFO ](SmtIsi_Stdinfo.java:141) -  [SBL_Stdinfo] splitArrayList() result= true
[2014/02/27 09:42:52][INFO ](SmtIsi_Stdinfo.java:139) - [SBL_Stdinfo] splitArrayList() pTemp= [25, 1:HOLD:ISBF2, 1:HOLD:ISBF2, 1:HOLD:ISBF2, F]
[2014/02/27 09:42:52][INFO ](SmtIsi_Stdinfo.java:140) - [SBL_Stdinfo] splitArrayList() pData= 25!#!1:HOLD:ISBF2!#!1:HOLD:ISBF2!#!1:HOLD:ISBF2!#!F
[2014/02/27 09:42:52][INFO ](SmtIsi_Stdinfo.java:141) -  [SBL_Stdinfo] splitArrayList() result= true
[2014/02/27 09:42:52][INFO ](SmtIsi_Stdinfo.java:139) - [SBL_Stdinfo] splitArrayList() pTemp= [12, 1:HOLD:CSD, 1:HOLD:CSD, 1:HOLD:CSD, F]
[2014/02/27 09:42:52][INFO ](SmtIsi_Stdinfo.java:140) - [SBL_Stdinfo] splitArrayList() pData= 12!#!1:HOLD:CSD!#!1:HOLD:CSD!#!1:HOLD:CSD!#!F
[2014/02/27 09:42:52][INFO ](SmtIsi_Stdinfo.java:141) -  [SBL_Stdinfo] splitArrayList() result= true
[2014/02/27 09:42:52][INFO ](SmtIsi_Stdinfo.java:139) - [SBL_Stdinfo] splitArrayList() pTemp= [8, 1.0:HOLD:OPSH, 1.0:HOLD:OPSH, 1.0:HOLD:OPSH, F]
[2014/02/27 09:42:52][INFO ](SmtIsi_Stdinfo.java:140) - [SBL_Stdinfo] splitArrayList() pData= 8!#!1.0:HOLD:OPSH!#!1.0:HOLD:OPSH!#!1.0:HOLD:OPSH!#!F
[2014/02/27 09:42:52][INFO ](SmtIsi_Stdinfo.java:141) -  [SBL_Stdinfo] splitArrayList() result= true
[2014/02/27 09:42:52][INFO ](SmtIsi_Stdinfo.java:139) - [SBL_Stdinfo] splitArrayList() pTemp= [69, 0.3:HOLD:PMAP, 0.3:HOLD:PMAP, 0.3:HOLD:PMAP, F]
[2014/02/27 09:42:52][INFO ](SmtIsi_Stdinfo.java:140) - [SBL_Stdinfo] splitArrayList() pData= 69!#!0.3:HOLD:PMAP!#!0.3:HOLD:PMAP!#!0.3:HOLD:PMAP!#!F
[2014/02/27 09:42:52][INFO ](SmtIsi_Stdinfo.java:141) -  [SBL_Stdinfo] splitArrayList() result= true
[2014/02/27 09:42:52][INFO ](SmtIsi_Stdinfo.java:139) - [SBL_Stdinfo] splitArrayList() pTemp= [49, 1:HOLD:X8_W, 1:HOLD:X8_W, 1:HOLD:X8_W, F]
[2014/02/27 09:42:52][INFO ](SmtIsi_Stdinfo.java:140) - [SBL_Stdinfo] splitArrayList() pData= 49!#!1:HOLD:X8_W!#!1:HOLD:X8_W!#!1:HOLD:X8_W!#!F
[2014/02/27 09:42:52][INFO ](SmtIsi_Stdinfo.java:141) -  [SBL_Stdinfo] splitArrayList() result= true
[2014/02/27 09:42:52][INFO ](SmtIsi_Stdinfo.java:139) - [SBL_Stdinfo] splitArrayList() pTemp= [50, 1:HOLD:X8_R, 1:HOLD:X8_R, 1:HOLD:X8_R, F]
[2014/02/27 09:42:52][INFO ](SmtIsi_Stdinfo.java:140) - [SBL_Stdinfo] splitArrayList() pData= 50!#!1:HOLD:X8_R!#!1:HOLD:X8_R!#!1:HOLD:X8_R!#!F
[2014/02/27 09:42:52][INFO ](SmtIsi_Stdinfo.java:141) -  [SBL_Stdinfo] splitArrayList() result= true
[2014/02/27 09:42:52][INFO ](SmtIsi_Stdinfo.java:139) - [SBL_Stdinfo] splitArrayList() pTemp= [99, 3:HOLD:FAIL_SUM, 3:HOLD:ISBF1, 3:HOLD:ISBF1, F]
[2014/02/27 09:42:52][INFO ](SmtIsi_Stdinfo.java:140) - [SBL_Stdinfo] splitArrayList() pData= 99!#!3:HOLD:FAIL_SUM!#!3:HOLD:ISBF1!#!3:HOLD:ISBF1!#!F
[2014/02/27 09:42:52][INFO ](SmtIsi_Stdinfo.java:141) -  [SBL_Stdinfo] splitArrayList() result= true
[2014/02/27 09:42:52][INFO ](SmtIsi_Process.java:43) - 판정 제외1
[2014/02/27 09:42:52][INFO ](SmtIsi_Process.java:49) - MIX 판정
[2014/02/27 09:42:52][INFO ](SmtIsi_Process.java:55) - 판정 제외2
[2014/02/27 09:42:52][INFO ](SmtIsi_Process.java:61) - SubBin 판정
[2014/02/27 09:43:00][INFO ](SmtIsi_JudgeSubbin.java:68) - Check BinNo=10
[2014/02/27 09:43:00][INFO ](SmtIsi_JudgeSubbin.java:68) - Check BinNo=22
[2014/02/27 09:43:00][INFO ](SmtIsi_JudgeSubbin.java:68) - Check BinNo=24
[2014/02/27 09:44:24][INFO ](SmtIsi_JudgeSubbin.java:101) - failbin=24
[2014/02/27 09:46:24][INFO ](SmtOscar_Main.java:153) - [SmtOscar File Read] A_140226_QA-LAB_T070FUL_mu01_20140226164752_00.osc
[2014/02/27 09:46:24][INFO ](SmtOscar_Hist_FileCheck.java:122) - [FileCheck] NORMAL
[2014/02/27 09:46:24][INFO ](SmtOscar_Hist_FileProcess.java:302) - SORT : 6:1,7:4,
[2014/02/27 09:46:24][INFO ](SmtIsi_Stdinfo.java:151) - [SBL_Stdinfo] splitSubBin() ****sData=10!#!1:HOLD:PrimeCSD!#!1:HOLD:PrimeCSD!#!1:HOLD:PrimeCSD!#!F@#@22!#!1:HOLD:ISBC1!#!1:HOLD:ISBC1!#!1:HOLD:ISBC1!#!F@#@24!#!1:HOLD:ISBC2!#!1:HOLD:ISBC2!#!1:HOLD:ISBC2!#!F@#@23!#!1:HOLD:ISBF1!#!1:HOLD:ISBF1!#!1:HOLD:ISBF1!#!F@#@25!#!1:HOLD:ISBF2!#!1:HOLD:ISBF2!#!1:HOLD:ISBF2!#!F@#@12!#!1:HOLD:CSD!#!1:HOLD:CSD!#!1:HOLD:CSD!#!F@#@8!#!1.0:HOLD:OPSH!#!1.0:HOLD:OPSH!#!1.0:HOLD:OPSH!#!F@#@69!#!0.3:HOLD:PMAP!#!0.3:HOLD:PMAP!#!0.3:HOLD:PMAP!#!F@#@49!#!1:HOLD:X8_W!#!1:HOLD:X8_W!#!1:HOLD:X8_W!#!F@#@50!#!1:HOLD:X8_R!#!1:HOLD:X8_R!#!1:HOLD:X8_R!#!F@#@99!#!3:HOLD:FAIL_SUM!#!3:HOLD:ISBF1!#!3:HOLD:ISBF1!#!F@#@
[2014/02/27 09:46:24][INFO ](SmtIsi_Stdinfo.java:139) - [SBL_Stdinfo] splitArrayList() pTemp= [10, 1:HOLD:PrimeCSD, 1:HOLD:PrimeCSD, 1:HOLD:PrimeCSD, F]
[2014/02/27 09:46:24][INFO ](SmtIsi_Stdinfo.java:140) - [SBL_Stdinfo] splitArrayList() pData= 10!#!1:HOLD:PrimeCSD!#!1:HOLD:PrimeCSD!#!1:HOLD:PrimeCSD!#!F
[2014/02/27 09:46:24][INFO ](SmtIsi_Stdinfo.java:141) -  [SBL_Stdinfo] splitArrayList() result= true
[2014/02/27 09:46:24][INFO ](SmtIsi_Stdinfo.java:139) - [SBL_Stdinfo] splitArrayList() pTemp= [22, 1:HOLD:ISBC1, 1:HOLD:ISBC1, 1:HOLD:ISBC1, F]
[2014/02/27 09:46:24][INFO ](SmtIsi_Stdinfo.java:140) - [SBL_Stdinfo] splitArrayList() pData= 22!#!1:HOLD:ISBC1!#!1:HOLD:ISBC1!#!1:HOLD:ISBC1!#!F
[2014/02/27 09:46:24][INFO ](SmtIsi_Stdinfo.java:141) -  [SBL_Stdinfo] splitArrayList() result= true
[2014/02/27 09:46:24][INFO ](SmtIsi_Stdinfo.java:139) - [SBL_Stdinfo] splitArrayList() pTemp= [24, 1:HOLD:ISBC2, 1:HOLD:ISBC2, 1:HOLD:ISBC2, F]
[2014/02/27 09:46:24][INFO ](SmtIsi_Stdinfo.java:140) - [SBL_Stdinfo] splitArrayList() pData= 24!#!1:HOLD:ISBC2!#!1:HOLD:ISBC2!#!1:HOLD:ISBC2!#!F
[2014/02/27 09:46:24][INFO ](SmtIsi_Stdinfo.java:141) -  [SBL_Stdinfo] splitArrayList() result= true
[2014/02/27 09:46:24][INFO ](SmtIsi_Stdinfo.java:139) - [SBL_Stdinfo] splitArrayList() pTemp= [23, 1:HOLD:ISBF1, 1:HOLD:ISBF1, 1:HOLD:ISBF1, F]
[2014/02/27 09:46:24][INFO ](SmtIsi_Stdinfo.java:140) - [SBL_Stdinfo] splitArrayList() pData= 23!#!1:HOLD:ISBF1!#!1:HOLD:ISBF1!#!1:HOLD:ISBF1!#!F
[2014/02/27 09:46:24][INFO ](SmtIsi_Stdinfo.java:141) -  [SBL_Stdinfo] splitArrayList() result= true
[2014/02/27 09:46:24][INFO ](SmtIsi_Stdinfo.java:139) - [SBL_Stdinfo] splitArrayList() pTemp= [25, 1:HOLD:ISBF2, 1:HOLD:ISBF2, 1:HOLD:ISBF2, F]
[2014/02/27 09:46:24][INFO ](SmtIsi_Stdinfo.java:140) - [SBL_Stdinfo] splitArrayList() pData= 25!#!1:HOLD:ISBF2!#!1:HOLD:ISBF2!#!1:HOLD:ISBF2!#!F
[2014/02/27 09:46:24][INFO ](SmtIsi_Stdinfo.java:141) -  [SBL_Stdinfo] splitArrayList() result= true
[2014/02/27 09:46:24][INFO ](SmtIsi_Stdinfo.java:139) - [SBL_Stdinfo] splitArrayList() pTemp= [12, 1:HOLD:CSD, 1:HOLD:CSD, 1:HOLD:CSD, F]
[2014/02/27 09:46:24][INFO ](SmtIsi_Stdinfo.java:140) - [SBL_Stdinfo] splitArrayList() pData= 12!#!1:HOLD:CSD!#!1:HOLD:CSD!#!1:HOLD:CSD!#!F
[2014/02/27 09:46:24][INFO ](SmtIsi_Stdinfo.java:141) -  [SBL_Stdinfo] splitArrayList() result= true
[2014/02/27 09:46:24][INFO ](SmtIsi_Stdinfo.java:139) - [SBL_Stdinfo] splitArrayList() pTemp= [8, 1.0:HOLD:OPSH, 1.0:HOLD:OPSH, 1.0:HOLD:OPSH, F]
[2014/02/27 09:46:24][INFO ](SmtIsi_Stdinfo.java:140) - [SBL_Stdinfo] splitArrayList() pData= 8!#!1.0:HOLD:OPSH!#!1.0:HOLD:OPSH!#!1.0:HOLD:OPSH!#!F
[2014/02/27 09:46:24][INFO ](SmtIsi_Stdinfo.java:141) -  [SBL_Stdinfo] splitArrayList() result= true
[2014/02/27 09:46:24][INFO ](SmtIsi_Stdinfo.java:139) - [SBL_Stdinfo] splitArrayList() pTemp= [69, 0.3:HOLD:PMAP, 0.3:HOLD:PMAP, 0.3:HOLD:PMAP, F]
[2014/02/27 09:46:24][INFO ](SmtIsi_Stdinfo.java:140) - [SBL_Stdinfo] splitArrayList() pData= 69!#!0.3:HOLD:PMAP!#!0.3:HOLD:PMAP!#!0.3:HOLD:PMAP!#!F
[2014/02/27 09:46:24][INFO ](SmtIsi_Stdinfo.java:141) -  [SBL_Stdinfo] splitArrayList() result= true
[2014/02/27 09:46:24][INFO ](SmtIsi_Stdinfo.java:139) - [SBL_Stdinfo] splitArrayList() pTemp= [49, 1:HOLD:X8_W, 1:HOLD:X8_W, 1:HOLD:X8_W, F]
[2014/02/27 09:46:24][INFO ](SmtIsi_Stdinfo.java:140) - [SBL_Stdinfo] splitArrayList() pData= 49!#!1:HOLD:X8_W!#!1:HOLD:X8_W!#!1:HOLD:X8_W!#!F
[2014/02/27 09:46:24][INFO ](SmtIsi_Stdinfo.java:141) -  [SBL_Stdinfo] splitArrayList() result= true
[2014/02/27 09:46:24][INFO ](SmtIsi_Stdinfo.java:139) - [SBL_Stdinfo] splitArrayList() pTemp= [50, 1:HOLD:X8_R, 1:HOLD:X8_R, 1:HOLD:X8_R, F]
[2014/02/27 09:46:24][INFO ](SmtIsi_Stdinfo.java:140) - [SBL_Stdinfo] splitArrayList() pData= 50!#!1:HOLD:X8_R!#!1:HOLD:X8_R!#!1:HOLD:X8_R!#!F
[2014/02/27 09:46:24][INFO ](SmtIsi_Stdinfo.java:141) -  [SBL_Stdinfo] splitArrayList() result= true
[2014/02/27 09:46:24][INFO ](SmtIsi_Stdinfo.java:139) - [SBL_Stdinfo] splitArrayList() pTemp= [99, 3:HOLD:FAIL_SUM, 3:HOLD:ISBF1, 3:HOLD:ISBF1, F]
[2014/02/27 09:46:24][INFO ](SmtIsi_Stdinfo.java:140) - [SBL_Stdinfo] splitArrayList() pData= 99!#!3:HOLD:FAIL_SUM!#!3:HOLD:ISBF1!#!3:HOLD:ISBF1!#!F
[2014/02/27 09:46:24][INFO ](SmtIsi_Stdinfo.java:141) -  [SBL_Stdinfo] splitArrayList() result= true
[2014/02/27 09:46:24][INFO ](SmtIsi_Process.java:43) - 판정 제외1
[2014/02/27 09:46:24][INFO ](SmtIsi_Process.java:49) - MIX 판정
[2014/02/27 09:46:24][INFO ](SmtIsi_Process.java:55) - 판정 제외2
[2014/02/27 09:46:24][INFO ](SmtIsi_Process.java:61) - SubBin 판정
[2014/02/27 09:46:34][INFO ](SmtIsi_JudgeSubbin.java:68) - Check BinNo=10
[2014/02/27 09:47:08][INFO ](SmtIsi_JudgeSubbin.java:68) - Check BinNo=22
[2014/02/27 09:47:15][INFO ](SmtIsi_JudgeSubbin.java:68) - Check BinNo=24
[2014/02/27 09:47:20][INFO ](SmtIsi_JudgeSubbin.java:101) - failbin=24
[2014/02/27 09:48:22][INFO ](SmtOscar_Main.java:153) - [SmtOscar File Read] A_140226_QA-LAB_T070FUL_mu01_20140226164752_00.osc
[2014/02/27 09:48:22][INFO ](SmtOscar_Hist_FileCheck.java:122) - [FileCheck] NORMAL
[2014/02/27 09:48:22][INFO ](SmtOscar_Hist_FileProcess.java:302) - SORT : 6:1,7:4,
[2014/02/27 09:48:22][INFO ](SmtIsi_Stdinfo.java:151) - [SBL_Stdinfo] splitSubBin() ****sData=10!#!1:HOLD:PrimeCSD!#!1:HOLD:PrimeCSD!#!1:HOLD:PrimeCSD!#!F@#@22!#!1:HOLD:ISBC1!#!1:HOLD:ISBC1!#!1:HOLD:ISBC1!#!F@#@24!#!1:HOLD:ISBC2!#!1:HOLD:ISBC2!#!1:HOLD:ISBC2!#!F@#@23!#!1:HOLD:ISBF1!#!1:HOLD:ISBF1!#!1:HOLD:ISBF1!#!F@#@25!#!1:HOLD:ISBF2!#!1:HOLD:ISBF2!#!1:HOLD:ISBF2!#!F@#@12!#!1:HOLD:CSD!#!1:HOLD:CSD!#!1:HOLD:CSD!#!F@#@8!#!1.0:HOLD:OPSH!#!1.0:HOLD:OPSH!#!1.0:HOLD:OPSH!#!F@#@69!#!0.3:HOLD:PMAP!#!0.3:HOLD:PMAP!#!0.3:HOLD:PMAP!#!F@#@49!#!1:HOLD:X8_W!#!1:HOLD:X8_W!#!1:HOLD:X8_W!#!F@#@50!#!1:HOLD:X8_R!#!1:HOLD:X8_R!#!1:HOLD:X8_R!#!F@#@99!#!3:HOLD:FAIL_SUM!#!3:HOLD:ISBF1!#!3:HOLD:ISBF1!#!F@#@
[2014/02/27 09:48:22][INFO ](SmtIsi_Stdinfo.java:139) - [SBL_Stdinfo] splitArrayList() pTemp= [10, 1:HOLD:PrimeCSD, 1:HOLD:PrimeCSD, 1:HOLD:PrimeCSD, F]
[2014/02/27 09:48:22][INFO ](SmtIsi_Stdinfo.java:140) - [SBL_Stdinfo] splitArrayList() pData= 10!#!1:HOLD:PrimeCSD!#!1:HOLD:PrimeCSD!#!1:HOLD:PrimeCSD!#!F
[2014/02/27 09:48:22][INFO ](SmtIsi_Stdinfo.java:141) -  [SBL_Stdinfo] splitArrayList() result= true
[2014/02/27 09:48:22][INFO ](SmtIsi_Stdinfo.java:139) - [SBL_Stdinfo] splitArrayList() pTemp= [22, 1:HOLD:ISBC1, 1:HOLD:ISBC1, 1:HOLD:ISBC1, F]
[2014/02/27 09:48:22][INFO ](SmtIsi_Stdinfo.java:140) - [SBL_Stdinfo] splitArrayList() pData= 22!#!1:HOLD:ISBC1!#!1:HOLD:ISBC1!#!1:HOLD:ISBC1!#!F
[2014/02/27 09:48:22][INFO ](SmtIsi_Stdinfo.java:141) -  [SBL_Stdinfo] splitArrayList() result= true
[2014/02/27 09:48:22][INFO ](SmtIsi_Stdinfo.java:139) - [SBL_Stdinfo] splitArrayList() pTemp= [24, 1:HOLD:ISBC2, 1:HOLD:ISBC2, 1:HOLD:ISBC2, F]
[2014/02/27 09:48:22][INFO ](SmtIsi_Stdinfo.java:140) - [SBL_Stdinfo] splitArrayList() pData= 24!#!1:HOLD:ISBC2!#!1:HOLD:ISBC2!#!1:HOLD:ISBC2!#!F
[2014/02/27 09:48:22][INFO ](SmtIsi_Stdinfo.java:141) -  [SBL_Stdinfo] splitArrayList() result= true
[2014/02/27 09:48:22][INFO ](SmtIsi_Stdinfo.java:139) - [SBL_Stdinfo] splitArrayList() pTemp= [23, 1:HOLD:ISBF1, 1:HOLD:ISBF1, 1:HOLD:ISBF1, F]
[2014/02/27 09:48:22][INFO ](SmtIsi_Stdinfo.java:140) - [SBL_Stdinfo] splitArrayList() pData= 23!#!1:HOLD:ISBF1!#!1:HOLD:ISBF1!#!1:HOLD:ISBF1!#!F
[2014/02/27 09:48:22][INFO ](SmtIsi_Stdinfo.java:141) -  [SBL_Stdinfo] splitArrayList() result= true
[2014/02/27 09:48:22][INFO ](SmtIsi_Stdinfo.java:139) - [SBL_Stdinfo] splitArrayList() pTemp= [25, 1:HOLD:ISBF2, 1:HOLD:ISBF2, 1:HOLD:ISBF2, F]
[2014/02/27 09:48:22][INFO ](SmtIsi_Stdinfo.java:140) - [SBL_Stdinfo] splitArrayList() pData= 25!#!1:HOLD:ISBF2!#!1:HOLD:ISBF2!#!1:HOLD:ISBF2!#!F
[2014/02/27 09:48:22][INFO ](SmtIsi_Stdinfo.java:141) -  [SBL_Stdinfo] splitArrayList() result= true
[2014/02/27 09:48:22][INFO ](SmtIsi_Stdinfo.java:139) - [SBL_Stdinfo] splitArrayList() pTemp= [12, 1:HOLD:CSD, 1:HOLD:CSD, 1:HOLD:CSD, F]
[2014/02/27 09:48:22][INFO ](SmtIsi_Stdinfo.java:140) - [SBL_Stdinfo] splitArrayList() pData= 12!#!1:HOLD:CSD!#!1:HOLD:CSD!#!1:HOLD:CSD!#!F
[2014/02/27 09:48:22][INFO ](SmtIsi_Stdinfo.java:141) -  [SBL_Stdinfo] splitArrayList() result= true
[2014/02/27 09:48:22][INFO ](SmtIsi_Stdinfo.java:139) - [SBL_Stdinfo] splitArrayList() pTemp= [8, 1.0:HOLD:OPSH, 1.0:HOLD:OPSH, 1.0:HOLD:OPSH, F]
[2014/02/27 09:48:22][INFO ](SmtIsi_Stdinfo.java:140) - [SBL_Stdinfo] splitArrayList() pData= 8!#!1.0:HOLD:OPSH!#!1.0:HOLD:OPSH!#!1.0:HOLD:OPSH!#!F
[2014/02/27 09:48:22][INFO ](SmtIsi_Stdinfo.java:141) -  [SBL_Stdinfo] splitArrayList() result= true
[2014/02/27 09:48:22][INFO ](SmtIsi_Stdinfo.java:139) - [SBL_Stdinfo] splitArrayList() pTemp= [69, 0.3:HOLD:PMAP, 0.3:HOLD:PMAP, 0.3:HOLD:PMAP, F]
[2014/02/27 09:48:22][INFO ](SmtIsi_Stdinfo.java:140) - [SBL_Stdinfo] splitArrayList() pData= 69!#!0.3:HOLD:PMAP!#!0.3:HOLD:PMAP!#!0.3:HOLD:PMAP!#!F
[2014/02/27 09:48:22][INFO ](SmtIsi_Stdinfo.java:141) -  [SBL_Stdinfo] splitArrayList() result= true
[2014/02/27 09:48:22][INFO ](SmtIsi_Stdinfo.java:139) - [SBL_Stdinfo] splitArrayList() pTemp= [49, 1:HOLD:X8_W, 1:HOLD:X8_W, 1:HOLD:X8_W, F]
[2014/02/27 09:48:22][INFO ](SmtIsi_Stdinfo.java:140) - [SBL_Stdinfo] splitArrayList() pData= 49!#!1:HOLD:X8_W!#!1:HOLD:X8_W!#!1:HOLD:X8_W!#!F
[2014/02/27 09:48:22][INFO ](SmtIsi_Stdinfo.java:141) -  [SBL_Stdinfo] splitArrayList() result= true
[2014/02/27 09:48:22][INFO ](SmtIsi_Stdinfo.java:139) - [SBL_Stdinfo] splitArrayList() pTemp= [50, 1:HOLD:X8_R, 1:HOLD:X8_R, 1:HOLD:X8_R, F]
[2014/02/27 09:48:22][INFO ](SmtIsi_Stdinfo.java:140) - [SBL_Stdinfo] splitArrayList() pData= 50!#!1:HOLD:X8_R!#!1:HOLD:X8_R!#!1:HOLD:X8_R!#!F
[2014/02/27 09:48:22][INFO ](SmtIsi_Stdinfo.java:141) -  [SBL_Stdinfo] splitArrayList() result= true
[2014/02/27 09:48:22][INFO ](SmtIsi_Stdinfo.java:139) - [SBL_Stdinfo] splitArrayList() pTemp= [99, 3:HOLD:FAIL_SUM, 3:HOLD:ISBF1, 3:HOLD:ISBF1, F]
[2014/02/27 09:48:22][INFO ](SmtIsi_Stdinfo.java:140) - [SBL_Stdinfo] splitArrayList() pData= 99!#!3:HOLD:FAIL_SUM!#!3:HOLD:ISBF1!#!3:HOLD:ISBF1!#!F
[2014/02/27 09:48:22][INFO ](SmtIsi_Stdinfo.java:141) -  [SBL_Stdinfo] splitArrayList() result= true
[2014/02/27 09:48:22][INFO ](SmtIsi_Process.java:43) - 판정 제외1
[2014/02/27 09:48:22][INFO ](SmtIsi_Process.java:49) - MIX 판정
[2014/02/27 09:48:22][INFO ](SmtIsi_Process.java:55) - 판정 제외2
[2014/02/27 09:48:22][INFO ](SmtIsi_Process.java:61) - SubBin 판정
[2014/02/27 09:48:22][INFO ](SmtIsi_JudgeSubbin.java:68) - Check BinNo=10
[2014/02/27 09:48:22][INFO ](SmtIsi_JudgeSubbin.java:68) - Check BinNo=22
[2014/02/27 09:48:22][INFO ](SmtIsi_JudgeSubbin.java:68) - Check BinNo=24
[2014/02/27 09:48:22][INFO ](SmtIsi_JudgeSubbin.java:101) - failbin=24
[2014/02/27 09:49:26][INFO ](SmtOscar_Main.java:153) - [SmtOscar File Read] A_140226_QA-LAB_T070FUL_mu01_20140226164752_00.osc
[2014/02/27 09:49:26][INFO ](SmtOscar_Hist_FileCheck.java:122) - [FileCheck] NORMAL
[2014/02/27 09:49:26][INFO ](SmtOscar_Hist_FileProcess.java:302) - SORT : 6:1,7:4,
[2014/02/27 09:49:27][INFO ](SmtIsi_Stdinfo.java:151) - [SBL_Stdinfo] splitSubBin() ****sData=10!#!1:HOLD:PrimeCSD!#!1:HOLD:PrimeCSD!#!1:HOLD:PrimeCSD!#!F@#@22!#!1:HOLD:ISBC1!#!1:HOLD:ISBC1!#!1:HOLD:ISBC1!#!F@#@24!#!1:HOLD:ISBC2!#!1:HOLD:ISBC2!#!1:HOLD:ISBC2!#!F@#@23!#!1:HOLD:ISBF1!#!1:HOLD:ISBF1!#!1:HOLD:ISBF1!#!F@#@25!#!1:HOLD:ISBF2!#!1:HOLD:ISBF2!#!1:HOLD:ISBF2!#!F@#@12!#!1:HOLD:CSD!#!1:HOLD:CSD!#!1:HOLD:CSD!#!F@#@8!#!1.0:HOLD:OPSH!#!1.0:HOLD:OPSH!#!1.0:HOLD:OPSH!#!F@#@69!#!0.3:HOLD:PMAP!#!0.3:HOLD:PMAP!#!0.3:HOLD:PMAP!#!F@#@49!#!1:HOLD:X8_W!#!1:HOLD:X8_W!#!1:HOLD:X8_W!#!F@#@50!#!1:HOLD:X8_R!#!1:HOLD:X8_R!#!1:HOLD:X8_R!#!F@#@99!#!3:HOLD:FAIL_SUM!#!3:HOLD:ISBF1!#!3:HOLD:ISBF1!#!F@#@
[2014/02/27 09:49:27][INFO ](SmtIsi_Stdinfo.java:139) - [SBL_Stdinfo] splitArrayList() pTemp= [10, 1:HOLD:PrimeCSD, 1:HOLD:PrimeCSD, 1:HOLD:PrimeCSD, F]
[2014/02/27 09:49:27][INFO ](SmtIsi_Stdinfo.java:140) - [SBL_Stdinfo] splitArrayList() pData= 10!#!1:HOLD:PrimeCSD!#!1:HOLD:PrimeCSD!#!1:HOLD:PrimeCSD!#!F
[2014/02/27 09:49:27][INFO ](SmtIsi_Stdinfo.java:141) -  [SBL_Stdinfo] splitArrayList() result= true
[2014/02/27 09:49:27][INFO ](SmtIsi_Stdinfo.java:139) - [SBL_Stdinfo] splitArrayList() pTemp= [22, 1:HOLD:ISBC1, 1:HOLD:ISBC1, 1:HOLD:ISBC1, F]
[2014/02/27 09:49:27][INFO ](SmtIsi_Stdinfo.java:140) - [SBL_Stdinfo] splitArrayList() pData= 22!#!1:HOLD:ISBC1!#!1:HOLD:ISBC1!#!1:HOLD:ISBC1!#!F
[2014/02/27 09:49:27][INFO ](SmtIsi_Stdinfo.java:141) -  [SBL_Stdinfo] splitArrayList() result= true
[2014/02/27 09:49:27][INFO ](SmtIsi_Stdinfo.java:139) - [SBL_Stdinfo] splitArrayList() pTemp= [24, 1:HOLD:ISBC2, 1:HOLD:ISBC2, 1:HOLD:ISBC2, F]
[2014/02/27 09:49:27][INFO ](SmtIsi_Stdinfo.java:140) - [SBL_Stdinfo] splitArrayList() pData= 24!#!1:HOLD:ISBC2!#!1:HOLD:ISBC2!#!1:HOLD:ISBC2!#!F
[2014/02/27 09:49:27][INFO ](SmtIsi_Stdinfo.java:141) -  [SBL_Stdinfo] splitArrayList() result= true
[2014/02/27 09:49:27][INFO ](SmtIsi_Stdinfo.java:139) - [SBL_Stdinfo] splitArrayList() pTemp= [23, 1:HOLD:ISBF1, 1:HOLD:ISBF1, 1:HOLD:ISBF1, F]
[2014/02/27 09:49:27][INFO ](SmtIsi_Stdinfo.java:140) - [SBL_Stdinfo] splitArrayList() pData= 23!#!1:HOLD:ISBF1!#!1:HOLD:ISBF1!#!1:HOLD:ISBF1!#!F
[2014/02/27 09:49:27][INFO ](SmtIsi_Stdinfo.java:141) -  [SBL_Stdinfo] splitArrayList() result= true
[2014/02/27 09:49:27][INFO ](SmtIsi_Stdinfo.java:139) - [SBL_Stdinfo] splitArrayList() pTemp= [25, 1:HOLD:ISBF2, 1:HOLD:ISBF2, 1:HOLD:ISBF2, F]
[2014/02/27 09:49:27][INFO ](SmtIsi_Stdinfo.java:140) - [SBL_Stdinfo] splitArrayList() pData= 25!#!1:HOLD:ISBF2!#!1:HOLD:ISBF2!#!1:HOLD:ISBF2!#!F
[2014/02/27 09:49:27][INFO ](SmtIsi_Stdinfo.java:141) -  [SBL_Stdinfo] splitArrayList() result= true
[2014/02/27 09:49:27][INFO ](SmtIsi_Stdinfo.java:139) - [SBL_Stdinfo] splitArrayList() pTemp= [12, 1:HOLD:CSD, 1:HOLD:CSD, 1:HOLD:CSD, F]
[2014/02/27 09:49:27][INFO ](SmtIsi_Stdinfo.java:140) - [SBL_Stdinfo] splitArrayList() pData= 12!#!1:HOLD:CSD!#!1:HOLD:CSD!#!1:HOLD:CSD!#!F
[2014/02/27 09:49:27][INFO ](SmtIsi_Stdinfo.java:141) -  [SBL_Stdinfo] splitArrayList() result= true
[2014/02/27 09:49:27][INFO ](SmtIsi_Stdinfo.java:139) - [SBL_Stdinfo] splitArrayList() pTemp= [8, 1.0:HOLD:OPSH, 1.0:HOLD:OPSH, 1.0:HOLD:OPSH, F]
[2014/02/27 09:49:27][INFO ](SmtIsi_Stdinfo.java:140) - [SBL_Stdinfo] splitArrayList() pData= 8!#!1.0:HOLD:OPSH!#!1.0:HOLD:OPSH!#!1.0:HOLD:OPSH!#!F
[2014/02/27 09:49:27][INFO ](SmtIsi_Stdinfo.java:141) -  [SBL_Stdinfo] splitArrayList() result= true
[2014/02/27 09:49:27][INFO ](SmtIsi_Stdinfo.java:139) - [SBL_Stdinfo] splitArrayList() pTemp= [69, 0.3:HOLD:PMAP, 0.3:HOLD:PMAP, 0.3:HOLD:PMAP, F]
[2014/02/27 09:49:27][INFO ](SmtIsi_Stdinfo.java:140) - [SBL_Stdinfo] splitArrayList() pData= 69!#!0.3:HOLD:PMAP!#!0.3:HOLD:PMAP!#!0.3:HOLD:PMAP!#!F
[2014/02/27 09:49:27][INFO ](SmtIsi_Stdinfo.java:141) -  [SBL_Stdinfo] splitArrayList() result= true
[2014/02/27 09:49:27][INFO ](SmtIsi_Stdinfo.java:139) - [SBL_Stdinfo] splitArrayList() pTemp= [49, 1:HOLD:X8_W, 1:HOLD:X8_W, 1:HOLD:X8_W, F]
[2014/02/27 09:49:27][INFO ](SmtIsi_Stdinfo.java:140) - [SBL_Stdinfo] splitArrayList() pData= 49!#!1:HOLD:X8_W!#!1:HOLD:X8_W!#!1:HOLD:X8_W!#!F
[2014/02/27 09:49:27][INFO ](SmtIsi_Stdinfo.java:141) -  [SBL_Stdinfo] splitArrayList() result= true
[2014/02/27 09:49:27][INFO ](SmtIsi_Stdinfo.java:139) - [SBL_Stdinfo] splitArrayList() pTemp= [50, 1:HOLD:X8_R, 1:HOLD:X8_R, 1:HOLD:X8_R, F]
[2014/02/27 09:49:27][INFO ](SmtIsi_Stdinfo.java:140) - [SBL_Stdinfo] splitArrayList() pData= 50!#!1:HOLD:X8_R!#!1:HOLD:X8_R!#!1:HOLD:X8_R!#!F
[2014/02/27 09:49:27][INFO ](SmtIsi_Stdinfo.java:141) -  [SBL_Stdinfo] splitArrayList() result= true
[2014/02/27 09:49:27][INFO ](SmtIsi_Stdinfo.java:139) - [SBL_Stdinfo] splitArrayList() pTemp= [99, 3:HOLD:FAIL_SUM, 3:HOLD:ISBF1, 3:HOLD:ISBF1, F]
[2014/02/27 09:49:27][INFO ](SmtIsi_Stdinfo.java:140) - [SBL_Stdinfo] splitArrayList() pData= 99!#!3:HOLD:FAIL_SUM!#!3:HOLD:ISBF1!#!3:HOLD:ISBF1!#!F
[2014/02/27 09:49:27][INFO ](SmtIsi_Stdinfo.java:141) -  [SBL_Stdinfo] splitArrayList() result= true
[2014/02/27 09:49:27][INFO ](SmtIsi_Process.java:43) - 판정 제외1
[2014/02/27 09:49:27][INFO ](SmtIsi_Process.java:49) - MIX 판정
[2014/02/27 09:49:27][INFO ](SmtIsi_Process.java:55) - 판정 제외2
[2014/02/27 09:49:27][INFO ](SmtIsi_Process.java:61) - SubBin 판정
[2014/02/27 09:50:38][INFO ](SmtOscar_Main.java:153) - [SmtOscar File Read] A_140226_QA-LAB_T070FUL_mu01_20140226164752_00.osc
[2014/02/27 09:50:38][INFO ](SmtOscar_Hist_FileCheck.java:122) - [FileCheck] NORMAL
[2014/02/27 09:50:38][INFO ](SmtOscar_Hist_FileProcess.java:302) - SORT : 6:1,7:4,
[2014/02/27 09:50:38][INFO ](SmtIsi_Stdinfo.java:151) - [SBL_Stdinfo] splitSubBin() ****sData=10!#!1:HOLD:PrimeCSD!#!1:HOLD:PrimeCSD!#!1:HOLD:PrimeCSD!#!F@#@22!#!1:HOLD:ISBC1!#!1:HOLD:ISBC1!#!1:HOLD:ISBC1!#!F@#@24!#!1:HOLD:ISBC2!#!1:HOLD:ISBC2!#!1:HOLD:ISBC2!#!F@#@23!#!1:HOLD:ISBF1!#!1:HOLD:ISBF1!#!1:HOLD:ISBF1!#!F@#@25!#!1:HOLD:ISBF2!#!1:HOLD:ISBF2!#!1:HOLD:ISBF2!#!F@#@12!#!1:HOLD:CSD!#!1:HOLD:CSD!#!1:HOLD:CSD!#!F@#@8!#!1.0:HOLD:OPSH!#!1.0:HOLD:OPSH!#!1.0:HOLD:OPSH!#!F@#@69!#!0.3:HOLD:PMAP!#!0.3:HOLD:PMAP!#!0.3:HOLD:PMAP!#!F@#@49!#!1:HOLD:X8_W!#!1:HOLD:X8_W!#!1:HOLD:X8_W!#!F@#@50!#!1:HOLD:X8_R!#!1:HOLD:X8_R!#!1:HOLD:X8_R!#!F@#@99!#!3:HOLD:FAIL_SUM!#!3:HOLD:ISBF1!#!3:HOLD:ISBF1!#!F@#@
[2014/02/27 09:50:38][INFO ](SmtIsi_Stdinfo.java:139) - [SBL_Stdinfo] splitArrayList() pTemp= [10, 1:HOLD:PrimeCSD, 1:HOLD:PrimeCSD, 1:HOLD:PrimeCSD, F]
[2014/02/27 09:50:38][INFO ](SmtIsi_Stdinfo.java:140) - [SBL_Stdinfo] splitArrayList() pData= 10!#!1:HOLD:PrimeCSD!#!1:HOLD:PrimeCSD!#!1:HOLD:PrimeCSD!#!F
[2014/02/27 09:50:38][INFO ](SmtIsi_Stdinfo.java:141) -  [SBL_Stdinfo] splitArrayList() result= true
[2014/02/27 09:50:38][INFO ](SmtIsi_Stdinfo.java:139) - [SBL_Stdinfo] splitArrayList() pTemp= [22, 1:HOLD:ISBC1, 1:HOLD:ISBC1, 1:HOLD:ISBC1, F]
[2014/02/27 09:50:38][INFO ](SmtIsi_Stdinfo.java:140) - [SBL_Stdinfo] splitArrayList() pData= 22!#!1:HOLD:ISBC1!#!1:HOLD:ISBC1!#!1:HOLD:ISBC1!#!F
[2014/02/27 09:50:38][INFO ](SmtIsi_Stdinfo.java:141) -  [SBL_Stdinfo] splitArrayList() result= true
[2014/02/27 09:50:38][INFO ](SmtIsi_Stdinfo.java:139) - [SBL_Stdinfo] splitArrayList() pTemp= [24, 1:HOLD:ISBC2, 1:HOLD:ISBC2, 1:HOLD:ISBC2, F]
[2014/02/27 09:50:38][INFO ](SmtIsi_Stdinfo.java:140) - [SBL_Stdinfo] splitArrayList() pData= 24!#!1:HOLD:ISBC2!#!1:HOLD:ISBC2!#!1:HOLD:ISBC2!#!F
[2014/02/27 09:50:38][INFO ](SmtIsi_Stdinfo.java:141) -  [SBL_Stdinfo] splitArrayList() result= true
[2014/02/27 09:50:38][INFO ](SmtIsi_Stdinfo.java:139) - [SBL_Stdinfo] splitArrayList() pTemp= [23, 1:HOLD:ISBF1, 1:HOLD:ISBF1, 1:HOLD:ISBF1, F]
[2014/02/27 09:50:38][INFO ](SmtIsi_Stdinfo.java:140) - [SBL_Stdinfo] splitArrayList() pData= 23!#!1:HOLD:ISBF1!#!1:HOLD:ISBF1!#!1:HOLD:ISBF1!#!F
[2014/02/27 09:50:38][INFO ](SmtIsi_Stdinfo.java:141) -  [SBL_Stdinfo] splitArrayList() result= true
[2014/02/27 09:50:38][INFO ](SmtIsi_Stdinfo.java:139) - [SBL_Stdinfo] splitArrayList() pTemp= [25, 1:HOLD:ISBF2, 1:HOLD:ISBF2, 1:HOLD:ISBF2, F]
[2014/02/27 09:50:38][INFO ](SmtIsi_Stdinfo.java:140) - [SBL_Stdinfo] splitArrayList() pData= 25!#!1:HOLD:ISBF2!#!1:HOLD:ISBF2!#!1:HOLD:ISBF2!#!F
[2014/02/27 09:50:38][INFO ](SmtIsi_Stdinfo.java:141) -  [SBL_Stdinfo] splitArrayList() result= true
[2014/02/27 09:50:38][INFO ](SmtIsi_Stdinfo.java:139) - [SBL_Stdinfo] splitArrayList() pTemp= [12, 1:HOLD:CSD, 1:HOLD:CSD, 1:HOLD:CSD, F]
[2014/02/27 09:50:38][INFO ](SmtIsi_Stdinfo.java:140) - [SBL_Stdinfo] splitArrayList() pData= 12!#!1:HOLD:CSD!#!1:HOLD:CSD!#!1:HOLD:CSD!#!F
[2014/02/27 09:50:38][INFO ](SmtIsi_Stdinfo.java:141) -  [SBL_Stdinfo] splitArrayList() result= true
[2014/02/27 09:50:38][INFO ](SmtIsi_Stdinfo.java:139) - [SBL_Stdinfo] splitArrayList() pTemp= [8, 1.0:HOLD:OPSH, 1.0:HOLD:OPSH, 1.0:HOLD:OPSH, F]
[2014/02/27 09:50:38][INFO ](SmtIsi_Stdinfo.java:140) - [SBL_Stdinfo] splitArrayList() pData= 8!#!1.0:HOLD:OPSH!#!1.0:HOLD:OPSH!#!1.0:HOLD:OPSH!#!F
[2014/02/27 09:50:38][INFO ](SmtIsi_Stdinfo.java:141) -  [SBL_Stdinfo] splitArrayList() result= true
[2014/02/27 09:50:38][INFO ](SmtIsi_Stdinfo.java:139) - [SBL_Stdinfo] splitArrayList() pTemp= [69, 0.3:HOLD:PMAP, 0.3:HOLD:PMAP, 0.3:HOLD:PMAP, F]
[2014/02/27 09:50:38][INFO ](SmtIsi_Stdinfo.java:140) - [SBL_Stdinfo] splitArrayList() pData= 69!#!0.3:HOLD:PMAP!#!0.3:HOLD:PMAP!#!0.3:HOLD:PMAP!#!F
[2014/02/27 09:50:38][INFO ](SmtIsi_Stdinfo.java:141) -  [SBL_Stdinfo] splitArrayList() result= true
[2014/02/27 09:50:38][INFO ](SmtIsi_Stdinfo.java:139) - [SBL_Stdinfo] splitArrayList() pTemp= [49, 1:HOLD:X8_W, 1:HOLD:X8_W, 1:HOLD:X8_W, F]
[2014/02/27 09:50:38][INFO ](SmtIsi_Stdinfo.java:140) - [SBL_Stdinfo] splitArrayList() pData= 49!#!1:HOLD:X8_W!#!1:HOLD:X8_W!#!1:HOLD:X8_W!#!F
[2014/02/27 09:50:38][INFO ](SmtIsi_Stdinfo.java:141) -  [SBL_Stdinfo] splitArrayList() result= true
[2014/02/27 09:50:38][INFO ](SmtIsi_Stdinfo.java:139) - [SBL_Stdinfo] splitArrayList() pTemp= [50, 1:HOLD:X8_R, 1:HOLD:X8_R, 1:HOLD:X8_R, F]
[2014/02/27 09:50:38][INFO ](SmtIsi_Stdinfo.java:140) - [SBL_Stdinfo] splitArrayList() pData= 50!#!1:HOLD:X8_R!#!1:HOLD:X8_R!#!1:HOLD:X8_R!#!F
[2014/02/27 09:50:38][INFO ](SmtIsi_Stdinfo.java:141) -  [SBL_Stdinfo] splitArrayList() result= true
[2014/02/27 09:50:38][INFO ](SmtIsi_Stdinfo.java:139) - [SBL_Stdinfo] splitArrayList() pTemp= [99, 3:HOLD:FAIL_SUM, 3:HOLD:ISBF1, 3:HOLD:ISBF1, F]
[2014/02/27 09:50:38][INFO ](SmtIsi_Stdinfo.java:140) - [SBL_Stdinfo] splitArrayList() pData= 99!#!3:HOLD:FAIL_SUM!#!3:HOLD:ISBF1!#!3:HOLD:ISBF1!#!F
[2014/02/27 09:50:38][INFO ](SmtIsi_Stdinfo.java:141) -  [SBL_Stdinfo] splitArrayList() result= true
[2014/02/27 09:50:38][INFO ](SmtIsi_Process.java:43) - 판정 제외1
[2014/02/27 09:50:38][INFO ](SmtIsi_Process.java:49) - MIX 판정
[2014/02/27 09:50:38][INFO ](SmtIsi_Process.java:55) - 판정 제외2
[2014/02/27 09:50:38][INFO ](SmtIsi_Process.java:61) - SubBin 판정
[2014/02/27 09:53:12][INFO ](SmtOscar_Main.java:153) - [SmtOscar File Read] A_140226_QA-LAB_T070FUL_mu01_20140226164752_00.osc
[2014/02/27 09:53:12][INFO ](SmtOscar_Hist_FileCheck.java:122) - [FileCheck] NORMAL
[2014/02/27 09:53:12][INFO ](SmtOscar_Hist_FileProcess.java:302) - SORT : 6:1,7:4,
[2014/02/27 09:53:12][INFO ](SmtIsi_Stdinfo.java:151) - [SBL_Stdinfo] splitSubBin() ****sData=10!#!1:HOLD:PrimeCSD!#!1:HOLD:PrimeCSD!#!1:HOLD:PrimeCSD!#!F@#@22!#!1:HOLD:ISBC1!#!1:HOLD:ISBC1!#!1:HOLD:ISBC1!#!F@#@24!#!1:HOLD:ISBC2!#!1:HOLD:ISBC2!#!1:HOLD:ISBC2!#!F@#@23!#!1:HOLD:ISBF1!#!1:HOLD:ISBF1!#!1:HOLD:ISBF1!#!F@#@25!#!1:HOLD:ISBF2!#!1:HOLD:ISBF2!#!1:HOLD:ISBF2!#!F@#@12!#!1:HOLD:CSD!#!1:HOLD:CSD!#!1:HOLD:CSD!#!F@#@8!#!1.0:HOLD:OPSH!#!1.0:HOLD:OPSH!#!1.0:HOLD:OPSH!#!F@#@69!#!0.3:HOLD:PMAP!#!0.3:HOLD:PMAP!#!0.3:HOLD:PMAP!#!F@#@49!#!1:HOLD:X8_W!#!1:HOLD:X8_W!#!1:HOLD:X8_W!#!F@#@50!#!1:HOLD:X8_R!#!1:HOLD:X8_R!#!1:HOLD:X8_R!#!F@#@99!#!3:HOLD:FAIL_SUM!#!3:HOLD:ISBF1!#!3:HOLD:ISBF1!#!F@#@
[2014/02/27 09:53:12][INFO ](SmtIsi_Stdinfo.java:139) - [SBL_Stdinfo] splitArrayList() pTemp= [10, 1:HOLD:PrimeCSD, 1:HOLD:PrimeCSD, 1:HOLD:PrimeCSD, F]
[2014/02/27 09:53:12][INFO ](SmtIsi_Stdinfo.java:140) - [SBL_Stdinfo] splitArrayList() pData= 10!#!1:HOLD:PrimeCSD!#!1:HOLD:PrimeCSD!#!1:HOLD:PrimeCSD!#!F
[2014/02/27 09:53:12][INFO ](SmtIsi_Stdinfo.java:141) -  [SBL_Stdinfo] splitArrayList() result= true
[2014/02/27 09:53:12][INFO ](SmtIsi_Stdinfo.java:139) - [SBL_Stdinfo] splitArrayList() pTemp= [22, 1:HOLD:ISBC1, 1:HOLD:ISBC1, 1:HOLD:ISBC1, F]
[2014/02/27 09:53:12][INFO ](SmtIsi_Stdinfo.java:140) - [SBL_Stdinfo] splitArrayList() pData= 22!#!1:HOLD:ISBC1!#!1:HOLD:ISBC1!#!1:HOLD:ISBC1!#!F
[2014/02/27 09:53:12][INFO ](SmtIsi_Stdinfo.java:141) -  [SBL_Stdinfo] splitArrayList() result= true
[2014/02/27 09:53:12][INFO ](SmtIsi_Stdinfo.java:139) - [SBL_Stdinfo] splitArrayList() pTemp= [24, 1:HOLD:ISBC2, 1:HOLD:ISBC2, 1:HOLD:ISBC2, F]
[2014/02/27 09:53:12][INFO ](SmtIsi_Stdinfo.java:140) - [SBL_Stdinfo] splitArrayList() pData= 24!#!1:HOLD:ISBC2!#!1:HOLD:ISBC2!#!1:HOLD:ISBC2!#!F
[2014/02/27 09:53:12][INFO ](SmtIsi_Stdinfo.java:141) -  [SBL_Stdinfo] splitArrayList() result= true
[2014/02/27 09:53:12][INFO ](SmtIsi_Stdinfo.java:139) - [SBL_Stdinfo] splitArrayList() pTemp= [23, 1:HOLD:ISBF1, 1:HOLD:ISBF1, 1:HOLD:ISBF1, F]
[2014/02/27 09:53:12][INFO ](SmtIsi_Stdinfo.java:140) - [SBL_Stdinfo] splitArrayList() pData= 23!#!1:HOLD:ISBF1!#!1:HOLD:ISBF1!#!1:HOLD:ISBF1!#!F
[2014/02/27 09:53:12][INFO ](SmtIsi_Stdinfo.java:141) -  [SBL_Stdinfo] splitArrayList() result= true
[2014/02/27 09:53:12][INFO ](SmtIsi_Stdinfo.java:139) - [SBL_Stdinfo] splitArrayList() pTemp= [25, 1:HOLD:ISBF2, 1:HOLD:ISBF2, 1:HOLD:ISBF2, F]
[2014/02/27 09:53:12][INFO ](SmtIsi_Stdinfo.java:140) - [SBL_Stdinfo] splitArrayList() pData= 25!#!1:HOLD:ISBF2!#!1:HOLD:ISBF2!#!1:HOLD:ISBF2!#!F
[2014/02/27 09:53:12][INFO ](SmtIsi_Stdinfo.java:141) -  [SBL_Stdinfo] splitArrayList() result= true
[2014/02/27 09:53:12][INFO ](SmtIsi_Stdinfo.java:139) - [SBL_Stdinfo] splitArrayList() pTemp= [12, 1:HOLD:CSD, 1:HOLD:CSD, 1:HOLD:CSD, F]
[2014/02/27 09:53:12][INFO ](SmtIsi_Stdinfo.java:140) - [SBL_Stdinfo] splitArrayList() pData= 12!#!1:HOLD:CSD!#!1:HOLD:CSD!#!1:HOLD:CSD!#!F
[2014/02/27 09:53:12][INFO ](SmtIsi_Stdinfo.java:141) -  [SBL_Stdinfo] splitArrayList() result= true
[2014/02/27 09:53:12][INFO ](SmtIsi_Stdinfo.java:139) - [SBL_Stdinfo] splitArrayList() pTemp= [8, 1.0:HOLD:OPSH, 1.0:HOLD:OPSH, 1.0:HOLD:OPSH, F]
[2014/02/27 09:53:12][INFO ](SmtIsi_Stdinfo.java:140) - [SBL_Stdinfo] splitArrayList() pData= 8!#!1.0:HOLD:OPSH!#!1.0:HOLD:OPSH!#!1.0:HOLD:OPSH!#!F
[2014/02/27 09:53:12][INFO ](SmtIsi_Stdinfo.java:141) -  [SBL_Stdinfo] splitArrayList() result= true
[2014/02/27 09:53:12][INFO ](SmtIsi_Stdinfo.java:139) - [SBL_Stdinfo] splitArrayList() pTemp= [69, 0.3:HOLD:PMAP, 0.3:HOLD:PMAP, 0.3:HOLD:PMAP, F]
[2014/02/27 09:53:12][INFO ](SmtIsi_Stdinfo.java:140) - [SBL_Stdinfo] splitArrayList() pData= 69!#!0.3:HOLD:PMAP!#!0.3:HOLD:PMAP!#!0.3:HOLD:PMAP!#!F
[2014/02/27 09:53:12][INFO ](SmtIsi_Stdinfo.java:141) -  [SBL_Stdinfo] splitArrayList() result= true
[2014/02/27 09:53:12][INFO ](SmtIsi_Stdinfo.java:139) - [SBL_Stdinfo] splitArrayList() pTemp= [49, 1:HOLD:X8_W, 1:HOLD:X8_W, 1:HOLD:X8_W, F]
[2014/02/27 09:53:12][INFO ](SmtIsi_Stdinfo.java:140) - [SBL_Stdinfo] splitArrayList() pData= 49!#!1:HOLD:X8_W!#!1:HOLD:X8_W!#!1:HOLD:X8_W!#!F
[2014/02/27 09:53:12][INFO ](SmtIsi_Stdinfo.java:141) -  [SBL_Stdinfo] splitArrayList() result= true
[2014/02/27 09:53:12][INFO ](SmtIsi_Stdinfo.java:139) - [SBL_Stdinfo] splitArrayList() pTemp= [50, 1:HOLD:X8_R, 1:HOLD:X8_R, 1:HOLD:X8_R, F]
[2014/02/27 09:53:12][INFO ](SmtIsi_Stdinfo.java:140) - [SBL_Stdinfo] splitArrayList() pData= 50!#!1:HOLD:X8_R!#!1:HOLD:X8_R!#!1:HOLD:X8_R!#!F
[2014/02/27 09:53:12][INFO ](SmtIsi_Stdinfo.java:141) -  [SBL_Stdinfo] splitArrayList() result= true
[2014/02/27 09:53:12][INFO ](SmtIsi_Stdinfo.java:139) - [SBL_Stdinfo] splitArrayList() pTemp= [99, 3:HOLD:FAIL_SUM, 3:HOLD:ISBF1, 3:HOLD:ISBF1, F]
[2014/02/27 09:53:12][INFO ](SmtIsi_Stdinfo.java:140) - [SBL_Stdinfo] splitArrayList() pData= 99!#!3:HOLD:FAIL_SUM!#!3:HOLD:ISBF1!#!3:HOLD:ISBF1!#!F
[2014/02/27 09:53:12][INFO ](SmtIsi_Stdinfo.java:141) -  [SBL_Stdinfo] splitArrayList() result= true
[2014/02/27 09:53:13][INFO ](SmtIsi_Process.java:43) - 판정 제외1
[2014/02/27 09:53:13][INFO ](SmtIsi_Process.java:49) - MIX 판정
[2014/02/27 09:53:13][INFO ](SmtIsi_Process.java:55) - 판정 제외2
[2014/02/27 09:53:13][INFO ](SmtIsi_Process.java:61) - SubBin 판정
[2014/02/27 09:53:13][INFO ](SmtIsi_JudgeSubbin.java:68) - Check BinNo=10
[2014/02/27 09:53:13][INFO ](SmtIsi_JudgeSubbin.java:68) - Check BinNo=22
[2014/02/27 09:53:13][INFO ](SmtIsi_JudgeSubbin.java:68) - Check BinNo=24
[2014/02/27 09:53:13][INFO ](SmtIsi_JudgeSubbin.java:101) - failbin=24
[2014/02/27 09:53:21][INFO ](SmtIsi_Process.java:68) - Yield 판정
[2014/02/27 09:53:21][INFO ](SmtIsi_Process.java:75) - NOT 판정
[2014/02/27 09:53:21][INFO ](SmtIsi_Process.java:82) - LOS 판정
[2014/02/27 09:54:57][INFO ](SmtOscar_Main.java:153) - [SmtOscar File Read] A_140226_QA-LAB_T070FUL_mu01_20140226164752_00.osc
[2014/02/27 09:54:57][INFO ](SmtOscar_Hist_FileCheck.java:122) - [FileCheck] NORMAL
[2014/02/27 09:54:57][INFO ](SmtOscar_Hist_FileProcess.java:302) - SORT : 6:1,7:4,
[2014/02/27 09:54:57][INFO ](SmtIsi_Stdinfo.java:151) - [SBL_Stdinfo] splitSubBin() ****sData=10!#!1:HOLD:PrimeCSD!#!1:HOLD:PrimeCSD!#!1:HOLD:PrimeCSD!#!F@#@22!#!1:HOLD:ISBC1!#!1:HOLD:ISBC1!#!1:HOLD:ISBC1!#!F@#@24!#!1:HOLD:ISBC2!#!1:HOLD:ISBC2!#!1:HOLD:ISBC2!#!F@#@23!#!1:HOLD:ISBF1!#!1:HOLD:ISBF1!#!1:HOLD:ISBF1!#!F@#@25!#!1:HOLD:ISBF2!#!1:HOLD:ISBF2!#!1:HOLD:ISBF2!#!F@#@12!#!1:HOLD:CSD!#!1:HOLD:CSD!#!1:HOLD:CSD!#!F@#@8!#!1.0:HOLD:OPSH!#!1.0:HOLD:OPSH!#!1.0:HOLD:OPSH!#!F@#@69!#!0.3:HOLD:PMAP!#!0.3:HOLD:PMAP!#!0.3:HOLD:PMAP!#!F@#@49!#!1:HOLD:X8_W!#!1:HOLD:X8_W!#!1:HOLD:X8_W!#!F@#@50!#!1:HOLD:X8_R!#!1:HOLD:X8_R!#!1:HOLD:X8_R!#!F@#@99!#!3:HOLD:FAIL_SUM!#!3:HOLD:ISBF1!#!3:HOLD:ISBF1!#!F@#@
[2014/02/27 09:54:57][INFO ](SmtIsi_Stdinfo.java:139) - [SBL_Stdinfo] splitArrayList() pTemp= [10, 1:HOLD:PrimeCSD, 1:HOLD:PrimeCSD, 1:HOLD:PrimeCSD, F]
[2014/02/27 09:54:57][INFO ](SmtIsi_Stdinfo.java:140) - [SBL_Stdinfo] splitArrayList() pData= 10!#!1:HOLD:PrimeCSD!#!1:HOLD:PrimeCSD!#!1:HOLD:PrimeCSD!#!F
[2014/02/27 09:54:57][INFO ](SmtIsi_Stdinfo.java:141) -  [SBL_Stdinfo] splitArrayList() result= true
[2014/02/27 09:54:57][INFO ](SmtIsi_Stdinfo.java:139) - [SBL_Stdinfo] splitArrayList() pTemp= [22, 1:HOLD:ISBC1, 1:HOLD:ISBC1, 1:HOLD:ISBC1, F]
[2014/02/27 09:54:57][INFO ](SmtIsi_Stdinfo.java:140) - [SBL_Stdinfo] splitArrayList() pData= 22!#!1:HOLD:ISBC1!#!1:HOLD:ISBC1!#!1:HOLD:ISBC1!#!F
[2014/02/27 09:54:57][INFO ](SmtIsi_Stdinfo.java:141) -  [SBL_Stdinfo] splitArrayList() result= true
[2014/02/27 09:54:57][INFO ](SmtIsi_Stdinfo.java:139) - [SBL_Stdinfo] splitArrayList() pTemp= [24, 1:HOLD:ISBC2, 1:HOLD:ISBC2, 1:HOLD:ISBC2, F]
[2014/02/27 09:54:57][INFO ](SmtIsi_Stdinfo.java:140) - [SBL_Stdinfo] splitArrayList() pData= 24!#!1:HOLD:ISBC2!#!1:HOLD:ISBC2!#!1:HOLD:ISBC2!#!F
[2014/02/27 09:54:57][INFO ](SmtIsi_Stdinfo.java:141) -  [SBL_Stdinfo] splitArrayList() result= true
[2014/02/27 09:54:57][INFO ](SmtIsi_Stdinfo.java:139) - [SBL_Stdinfo] splitArrayList() pTemp= [23, 1:HOLD:ISBF1, 1:HOLD:ISBF1, 1:HOLD:ISBF1, F]
[2014/02/27 09:54:57][INFO ](SmtIsi_Stdinfo.java:140) - [SBL_Stdinfo] splitArrayList() pData= 23!#!1:HOLD:ISBF1!#!1:HOLD:ISBF1!#!1:HOLD:ISBF1!#!F
[2014/02/27 09:54:57][INFO ](SmtIsi_Stdinfo.java:141) -  [SBL_Stdinfo] splitArrayList() result= true
[2014/02/27 09:54:57][INFO ](SmtIsi_Stdinfo.java:139) - [SBL_Stdinfo] splitArrayList() pTemp= [25, 1:HOLD:ISBF2, 1:HOLD:ISBF2, 1:HOLD:ISBF2, F]
[2014/02/27 09:54:57][INFO ](SmtIsi_Stdinfo.java:140) - [SBL_Stdinfo] splitArrayList() pData= 25!#!1:HOLD:ISBF2!#!1:HOLD:ISBF2!#!1:HOLD:ISBF2!#!F
[2014/02/27 09:54:57][INFO ](SmtIsi_Stdinfo.java:141) -  [SBL_Stdinfo] splitArrayList() result= true
[2014/02/27 09:54:57][INFO ](SmtIsi_Stdinfo.java:139) - [SBL_Stdinfo] splitArrayList() pTemp= [12, 1:HOLD:CSD, 1:HOLD:CSD, 1:HOLD:CSD, F]
[2014/02/27 09:54:57][INFO ](SmtIsi_Stdinfo.java:140) - [SBL_Stdinfo] splitArrayList() pData= 12!#!1:HOLD:CSD!#!1:HOLD:CSD!#!1:HOLD:CSD!#!F
[2014/02/27 09:54:57][INFO ](SmtIsi_Stdinfo.java:141) -  [SBL_Stdinfo] splitArrayList() result= true
[2014/02/27 09:54:57][INFO ](SmtIsi_Stdinfo.java:139) - [SBL_Stdinfo] splitArrayList() pTemp= [8, 1.0:HOLD:OPSH, 1.0:HOLD:OPSH, 1.0:HOLD:OPSH, F]
[2014/02/27 09:54:57][INFO ](SmtIsi_Stdinfo.java:140) - [SBL_Stdinfo] splitArrayList() pData= 8!#!1.0:HOLD:OPSH!#!1.0:HOLD:OPSH!#!1.0:HOLD:OPSH!#!F
[2014/02/27 09:54:57][INFO ](SmtIsi_Stdinfo.java:141) -  [SBL_Stdinfo] splitArrayList() result= true
[2014/02/27 09:54:57][INFO ](SmtIsi_Stdinfo.java:139) - [SBL_Stdinfo] splitArrayList() pTemp= [69, 0.3:HOLD:PMAP, 0.3:HOLD:PMAP, 0.3:HOLD:PMAP, F]
[2014/02/27 09:54:57][INFO ](SmtIsi_Stdinfo.java:140) - [SBL_Stdinfo] splitArrayList() pData= 69!#!0.3:HOLD:PMAP!#!0.3:HOLD:PMAP!#!0.3:HOLD:PMAP!#!F
[2014/02/27 09:54:57][INFO ](SmtIsi_Stdinfo.java:141) -  [SBL_Stdinfo] splitArrayList() result= true
[2014/02/27 09:54:57][INFO ](SmtIsi_Stdinfo.java:139) - [SBL_Stdinfo] splitArrayList() pTemp= [49, 1:HOLD:X8_W, 1:HOLD:X8_W, 1:HOLD:X8_W, F]
[2014/02/27 09:54:57][INFO ](SmtIsi_Stdinfo.java:140) - [SBL_Stdinfo] splitArrayList() pData= 49!#!1:HOLD:X8_W!#!1:HOLD:X8_W!#!1:HOLD:X8_W!#!F
[2014/02/27 09:54:57][INFO ](SmtIsi_Stdinfo.java:141) -  [SBL_Stdinfo] splitArrayList() result= true
[2014/02/27 09:54:57][INFO ](SmtIsi_Stdinfo.java:139) - [SBL_Stdinfo] splitArrayList() pTemp= [50, 1:HOLD:X8_R, 1:HOLD:X8_R, 1:HOLD:X8_R, F]
[2014/02/27 09:54:57][INFO ](SmtIsi_Stdinfo.java:140) - [SBL_Stdinfo] splitArrayList() pData= 50!#!1:HOLD:X8_R!#!1:HOLD:X8_R!#!1:HOLD:X8_R!#!F
[2014/02/27 09:54:57][INFO ](SmtIsi_Stdinfo.java:141) -  [SBL_Stdinfo] splitArrayList() result= true
[2014/02/27 09:54:57][INFO ](SmtIsi_Stdinfo.java:139) - [SBL_Stdinfo] splitArrayList() pTemp= [99, 3:HOLD:FAIL_SUM, 3:HOLD:ISBF1, 3:HOLD:ISBF1, F]
[2014/02/27 09:54:57][INFO ](SmtIsi_Stdinfo.java:140) - [SBL_Stdinfo] splitArrayList() pData= 99!#!3:HOLD:FAIL_SUM!#!3:HOLD:ISBF1!#!3:HOLD:ISBF1!#!F
[2014/02/27 09:54:57][INFO ](SmtIsi_Stdinfo.java:141) -  [SBL_Stdinfo] splitArrayList() result= true
[2014/02/27 09:54:57][INFO ](SmtIsi_Process.java:43) - 판정 제외1
[2014/02/27 09:54:57][INFO ](SmtIsi_Process.java:49) - MIX 판정
[2014/02/27 09:54:57][INFO ](SmtIsi_Process.java:55) - 판정 제외2
[2014/02/27 09:54:57][INFO ](SmtIsi_Process.java:61) - SubBin 판정
[2014/02/27 09:54:57][INFO ](SmtIsi_JudgeSubbin.java:68) - Check BinNo=10
[2014/02/27 09:54:57][INFO ](SmtIsi_JudgeSubbin.java:68) - Check BinNo=22
[2014/02/27 09:54:57][INFO ](SmtIsi_JudgeSubbin.java:68) - Check BinNo=24
[2014/02/27 09:54:57][INFO ](SmtIsi_JudgeSubbin.java:101) - failbin=24
[2014/02/27 09:56:25][INFO ](SmtOscar_Main.java:153) - [SmtOscar File Read] A_140226_QA-LAB_T070FUL_mu01_20140226164752_00.osc
[2014/02/27 09:56:25][INFO ](SmtOscar_Hist_FileCheck.java:122) - [FileCheck] NORMAL
[2014/02/27 09:56:25][INFO ](SmtOscar_Hist_FileProcess.java:302) - SORT : 6:1,7:4,
[2014/02/27 09:56:25][INFO ](SmtIsi_Stdinfo.java:151) - [SBL_Stdinfo] splitSubBin() ****sData=10!#!1:HOLD:PrimeCSD!#!1:HOLD:PrimeCSD!#!1:HOLD:PrimeCSD!#!F@#@22!#!1:HOLD:ISBC1!#!1:HOLD:ISBC1!#!1:HOLD:ISBC1!#!F@#@24!#!1:HOLD:ISBC2!#!1:HOLD:ISBC2!#!1:HOLD:ISBC2!#!F@#@23!#!1:HOLD:ISBF1!#!1:HOLD:ISBF1!#!1:HOLD:ISBF1!#!F@#@25!#!1:HOLD:ISBF2!#!1:HOLD:ISBF2!#!1:HOLD:ISBF2!#!F@#@12!#!1:HOLD:CSD!#!1:HOLD:CSD!#!1:HOLD:CSD!#!F@#@8!#!1.0:HOLD:OPSH!#!1.0:HOLD:OPSH!#!1.0:HOLD:OPSH!#!F@#@69!#!0.3:HOLD:PMAP!#!0.3:HOLD:PMAP!#!0.3:HOLD:PMAP!#!F@#@49!#!1:HOLD:X8_W!#!1:HOLD:X8_W!#!1:HOLD:X8_W!#!F@#@50!#!1:HOLD:X8_R!#!1:HOLD:X8_R!#!1:HOLD:X8_R!#!F@#@99!#!3:HOLD:FAIL_SUM!#!3:HOLD:ISBF1!#!3:HOLD:ISBF1!#!F@#@
[2014/02/27 09:56:25][INFO ](SmtIsi_Stdinfo.java:139) - [SBL_Stdinfo] splitArrayList() pTemp= [10, 1:HOLD:PrimeCSD, 1:HOLD:PrimeCSD, 1:HOLD:PrimeCSD, F]
[2014/02/27 09:56:25][INFO ](SmtIsi_Stdinfo.java:140) - [SBL_Stdinfo] splitArrayList() pData= 10!#!1:HOLD:PrimeCSD!#!1:HOLD:PrimeCSD!#!1:HOLD:PrimeCSD!#!F
[2014/02/27 09:56:25][INFO ](SmtIsi_Stdinfo.java:141) -  [SBL_Stdinfo] splitArrayList() result= true
[2014/02/27 09:56:25][INFO ](SmtIsi_Stdinfo.java:139) - [SBL_Stdinfo] splitArrayList() pTemp= [22, 1:HOLD:ISBC1, 1:HOLD:ISBC1, 1:HOLD:ISBC1, F]
[2014/02/27 09:56:25][INFO ](SmtIsi_Stdinfo.java:140) - [SBL_Stdinfo] splitArrayList() pData= 22!#!1:HOLD:ISBC1!#!1:HOLD:ISBC1!#!1:HOLD:ISBC1!#!F
[2014/02/27 09:56:25][INFO ](SmtIsi_Stdinfo.java:141) -  [SBL_Stdinfo] splitArrayList() result= true
[2014/02/27 09:56:25][INFO ](SmtIsi_Stdinfo.java:139) - [SBL_Stdinfo] splitArrayList() pTemp= [24, 1:HOLD:ISBC2, 1:HOLD:ISBC2, 1:HOLD:ISBC2, F]
[2014/02/27 09:56:25][INFO ](SmtIsi_Stdinfo.java:140) - [SBL_Stdinfo] splitArrayList() pData= 24!#!1:HOLD:ISBC2!#!1:HOLD:ISBC2!#!1:HOLD:ISBC2!#!F
[2014/02/27 09:56:25][INFO ](SmtIsi_Stdinfo.java:141) -  [SBL_Stdinfo] splitArrayList() result= true
[2014/02/27 09:56:25][INFO ](SmtIsi_Stdinfo.java:139) - [SBL_Stdinfo] splitArrayList() pTemp= [23, 1:HOLD:ISBF1, 1:HOLD:ISBF1, 1:HOLD:ISBF1, F]
[2014/02/27 09:56:25][INFO ](SmtIsi_Stdinfo.java:140) - [SBL_Stdinfo] splitArrayList() pData= 23!#!1:HOLD:ISBF1!#!1:HOLD:ISBF1!#!1:HOLD:ISBF1!#!F
[2014/02/27 09:56:25][INFO ](SmtIsi_Stdinfo.java:141) -  [SBL_Stdinfo] splitArrayList() result= true
[2014/02/27 09:56:25][INFO ](SmtIsi_Stdinfo.java:139) - [SBL_Stdinfo] splitArrayList() pTemp= [25, 1:HOLD:ISBF2, 1:HOLD:ISBF2, 1:HOLD:ISBF2, F]
[2014/02/27 09:56:25][INFO ](SmtIsi_Stdinfo.java:140) - [SBL_Stdinfo] splitArrayList() pData= 25!#!1:HOLD:ISBF2!#!1:HOLD:ISBF2!#!1:HOLD:ISBF2!#!F
[2014/02/27 09:56:25][INFO ](SmtIsi_Stdinfo.java:141) -  [SBL_Stdinfo] splitArrayList() result= true
[2014/02/27 09:56:25][INFO ](SmtIsi_Stdinfo.java:139) - [SBL_Stdinfo] splitArrayList() pTemp= [12, 1:HOLD:CSD, 1:HOLD:CSD, 1:HOLD:CSD, F]
[2014/02/27 09:56:25][INFO ](SmtIsi_Stdinfo.java:140) - [SBL_Stdinfo] splitArrayList() pData= 12!#!1:HOLD:CSD!#!1:HOLD:CSD!#!1:HOLD:CSD!#!F
[2014/02/27 09:56:25][INFO ](SmtIsi_Stdinfo.java:141) -  [SBL_Stdinfo] splitArrayList() result= true
[2014/02/27 09:56:25][INFO ](SmtIsi_Stdinfo.java:139) - [SBL_Stdinfo] splitArrayList() pTemp= [8, 1.0:HOLD:OPSH, 1.0:HOLD:OPSH, 1.0:HOLD:OPSH, F]
[2014/02/27 09:56:25][INFO ](SmtIsi_Stdinfo.java:140) - [SBL_Stdinfo] splitArrayList() pData= 8!#!1.0:HOLD:OPSH!#!1.0:HOLD:OPSH!#!1.0:HOLD:OPSH!#!F
[2014/02/27 09:56:25][INFO ](SmtIsi_Stdinfo.java:141) -  [SBL_Stdinfo] splitArrayList() result= true
[2014/02/27 09:56:25][INFO ](SmtIsi_Stdinfo.java:139) - [SBL_Stdinfo] splitArrayList() pTemp= [69, 0.3:HOLD:PMAP, 0.3:HOLD:PMAP, 0.3:HOLD:PMAP, F]
[2014/02/27 09:56:25][INFO ](SmtIsi_Stdinfo.java:140) - [SBL_Stdinfo] splitArrayList() pData= 69!#!0.3:HOLD:PMAP!#!0.3:HOLD:PMAP!#!0.3:HOLD:PMAP!#!F
[2014/02/27 09:56:25][INFO ](SmtIsi_Stdinfo.java:141) -  [SBL_Stdinfo] splitArrayList() result= true
[2014/02/27 09:56:25][INFO ](SmtIsi_Stdinfo.java:139) - [SBL_Stdinfo] splitArrayList() pTemp= [49, 1:HOLD:X8_W, 1:HOLD:X8_W, 1:HOLD:X8_W, F]
[2014/02/27 09:56:25][INFO ](SmtIsi_Stdinfo.java:140) - [SBL_Stdinfo] splitArrayList() pData= 49!#!1:HOLD:X8_W!#!1:HOLD:X8_W!#!1:HOLD:X8_W!#!F
[2014/02/27 09:56:25][INFO ](SmtIsi_Stdinfo.java:141) -  [SBL_Stdinfo] splitArrayList() result= true
[2014/02/27 09:56:25][INFO ](SmtIsi_Stdinfo.java:139) - [SBL_Stdinfo] splitArrayList() pTemp= [50, 1:HOLD:X8_R, 1:HOLD:X8_R, 1:HOLD:X8_R, F]
[2014/02/27 09:56:25][INFO ](SmtIsi_Stdinfo.java:140) - [SBL_Stdinfo] splitArrayList() pData= 50!#!1:HOLD:X8_R!#!1:HOLD:X8_R!#!1:HOLD:X8_R!#!F
[2014/02/27 09:56:25][INFO ](SmtIsi_Stdinfo.java:141) -  [SBL_Stdinfo] splitArrayList() result= true
[2014/02/27 09:56:25][INFO ](SmtIsi_Stdinfo.java:139) - [SBL_Stdinfo] splitArrayList() pTemp= [99, 3:HOLD:FAIL_SUM, 3:HOLD:ISBF1, 3:HOLD:ISBF1, F]
[2014/02/27 09:56:25][INFO ](SmtIsi_Stdinfo.java:140) - [SBL_Stdinfo] splitArrayList() pData= 99!#!3:HOLD:FAIL_SUM!#!3:HOLD:ISBF1!#!3:HOLD:ISBF1!#!F
[2014/02/27 09:56:25][INFO ](SmtIsi_Stdinfo.java:141) -  [SBL_Stdinfo] splitArrayList() result= true
[2014/02/27 09:56:25][INFO ](SmtIsi_Process.java:43) - 판정 제외1
[2014/02/27 09:56:25][INFO ](SmtIsi_Process.java:49) - MIX 판정
[2014/02/27 09:56:25][INFO ](SmtIsi_Process.java:55) - 판정 제외2
[2014/02/27 09:56:25][INFO ](SmtIsi_Process.java:61) - SubBin 판정
[2014/02/27 09:56:25][INFO ](SmtIsi_JudgeSubbin.java:68) - Check BinNo=10
[2014/02/27 09:56:25][INFO ](SmtIsi_JudgeSubbin.java:68) - Check BinNo=22
[2014/02/27 09:56:25][INFO ](SmtIsi_JudgeSubbin.java:68) - Check BinNo=24
[2014/02/27 09:56:25][INFO ](SmtIsi_JudgeSubbin.java:101) - failbin=24
[2014/02/27 09:56:57][INFO ](SmtOscar_Main.java:153) - [SmtOscar File Read] A_140226_QA-LAB_T070FUL_mu01_20140226164752_00.osc
[2014/02/27 09:56:57][INFO ](SmtOscar_Hist_FileCheck.java:122) - [FileCheck] NORMAL
[2014/02/27 09:56:57][INFO ](SmtOscar_Hist_FileProcess.java:302) - SORT : 6:1,7:4,
[2014/02/27 09:56:58][INFO ](SmtIsi_Stdinfo.java:151) - [SBL_Stdinfo] splitSubBin() ****sData=10!#!1:HOLD:PrimeCSD!#!1:HOLD:PrimeCSD!#!1:HOLD:PrimeCSD!#!F@#@22!#!1:HOLD:ISBC1!#!1:HOLD:ISBC1!#!1:HOLD:ISBC1!#!F@#@24!#!1:HOLD:ISBC2!#!1:HOLD:ISBC2!#!1:HOLD:ISBC2!#!F@#@23!#!1:HOLD:ISBF1!#!1:HOLD:ISBF1!#!1:HOLD:ISBF1!#!F@#@25!#!1:HOLD:ISBF2!#!1:HOLD:ISBF2!#!1:HOLD:ISBF2!#!F@#@12!#!1:HOLD:CSD!#!1:HOLD:CSD!#!1:HOLD:CSD!#!F@#@8!#!1.0:HOLD:OPSH!#!1.0:HOLD:OPSH!#!1.0:HOLD:OPSH!#!F@#@69!#!0.3:HOLD:PMAP!#!0.3:HOLD:PMAP!#!0.3:HOLD:PMAP!#!F@#@49!#!1:HOLD:X8_W!#!1:HOLD:X8_W!#!1:HOLD:X8_W!#!F@#@50!#!1:HOLD:X8_R!#!1:HOLD:X8_R!#!1:HOLD:X8_R!#!F@#@99!#!3:HOLD:FAIL_SUM!#!3:HOLD:ISBF1!#!3:HOLD:ISBF1!#!F@#@
[2014/02/27 09:56:58][INFO ](SmtIsi_Stdinfo.java:139) - [SBL_Stdinfo] splitArrayList() pTemp= [10, 1:HOLD:PrimeCSD, 1:HOLD:PrimeCSD, 1:HOLD:PrimeCSD, F]
[2014/02/27 09:56:58][INFO ](SmtIsi_Stdinfo.java:140) - [SBL_Stdinfo] splitArrayList() pData= 10!#!1:HOLD:PrimeCSD!#!1:HOLD:PrimeCSD!#!1:HOLD:PrimeCSD!#!F
[2014/02/27 09:56:58][INFO ](SmtIsi_Stdinfo.java:141) -  [SBL_Stdinfo] splitArrayList() result= true
[2014/02/27 09:56:58][INFO ](SmtIsi_Stdinfo.java:139) - [SBL_Stdinfo] splitArrayList() pTemp= [22, 1:HOLD:ISBC1, 1:HOLD:ISBC1, 1:HOLD:ISBC1, F]
[2014/02/27 09:56:58][INFO ](SmtIsi_Stdinfo.java:140) - [SBL_Stdinfo] splitArrayList() pData= 22!#!1:HOLD:ISBC1!#!1:HOLD:ISBC1!#!1:HOLD:ISBC1!#!F
[2014/02/27 09:56:58][INFO ](SmtIsi_Stdinfo.java:141) -  [SBL_Stdinfo] splitArrayList() result= true
[2014/02/27 09:56:58][INFO ](SmtIsi_Stdinfo.java:139) - [SBL_Stdinfo] splitArrayList() pTemp= [24, 1:HOLD:ISBC2, 1:HOLD:ISBC2, 1:HOLD:ISBC2, F]
[2014/02/27 09:56:58][INFO ](SmtIsi_Stdinfo.java:140) - [SBL_Stdinfo] splitArrayList() pData= 24!#!1:HOLD:ISBC2!#!1:HOLD:ISBC2!#!1:HOLD:ISBC2!#!F
[2014/02/27 09:56:58][INFO ](SmtIsi_Stdinfo.java:141) -  [SBL_Stdinfo] splitArrayList() result= true
[2014/02/27 09:56:58][INFO ](SmtIsi_Stdinfo.java:139) - [SBL_Stdinfo] splitArrayList() pTemp= [23, 1:HOLD:ISBF1, 1:HOLD:ISBF1, 1:HOLD:ISBF1, F]
[2014/02/27 09:56:58][INFO ](SmtIsi_Stdinfo.java:140) - [SBL_Stdinfo] splitArrayList() pData= 23!#!1:HOLD:ISBF1!#!1:HOLD:ISBF1!#!1:HOLD:ISBF1!#!F
[2014/02/27 09:56:58][INFO ](SmtIsi_Stdinfo.java:141) -  [SBL_Stdinfo] splitArrayList() result= true
[2014/02/27 09:56:58][INFO ](SmtIsi_Stdinfo.java:139) - [SBL_Stdinfo] splitArrayList() pTemp= [25, 1:HOLD:ISBF2, 1:HOLD:ISBF2, 1:HOLD:ISBF2, F]
[2014/02/27 09:56:58][INFO ](SmtIsi_Stdinfo.java:140) - [SBL_Stdinfo] splitArrayList() pData= 25!#!1:HOLD:ISBF2!#!1:HOLD:ISBF2!#!1:HOLD:ISBF2!#!F
[2014/02/27 09:56:58][INFO ](SmtIsi_Stdinfo.java:141) -  [SBL_Stdinfo] splitArrayList() result= true
[2014/02/27 09:56:58][INFO ](SmtIsi_Stdinfo.java:139) - [SBL_Stdinfo] splitArrayList() pTemp= [12, 1:HOLD:CSD, 1:HOLD:CSD, 1:HOLD:CSD, F]
[2014/02/27 09:56:58][INFO ](SmtIsi_Stdinfo.java:140) - [SBL_Stdinfo] splitArrayList() pData= 12!#!1:HOLD:CSD!#!1:HOLD:CSD!#!1:HOLD:CSD!#!F
[2014/02/27 09:56:58][INFO ](SmtIsi_Stdinfo.java:141) -  [SBL_Stdinfo] splitArrayList() result= true
[2014/02/27 09:56:58][INFO ](SmtIsi_Stdinfo.java:139) - [SBL_Stdinfo] splitArrayList() pTemp= [8, 1.0:HOLD:OPSH, 1.0:HOLD:OPSH, 1.0:HOLD:OPSH, F]
[2014/02/27 09:56:58][INFO ](SmtIsi_Stdinfo.java:140) - [SBL_Stdinfo] splitArrayList() pData= 8!#!1.0:HOLD:OPSH!#!1.0:HOLD:OPSH!#!1.0:HOLD:OPSH!#!F
[2014/02/27 09:56:58][INFO ](SmtIsi_Stdinfo.java:141) -  [SBL_Stdinfo] splitArrayList() result= true
[2014/02/27 09:56:58][INFO ](SmtIsi_Stdinfo.java:139) - [SBL_Stdinfo] splitArrayList() pTemp= [69, 0.3:HOLD:PMAP, 0.3:HOLD:PMAP, 0.3:HOLD:PMAP, F]
[2014/02/27 09:56:58][INFO ](SmtIsi_Stdinfo.java:140) - [SBL_Stdinfo] splitArrayList() pData= 69!#!0.3:HOLD:PMAP!#!0.3:HOLD:PMAP!#!0.3:HOLD:PMAP!#!F
[2014/02/27 09:56:58][INFO ](SmtIsi_Stdinfo.java:141) -  [SBL_Stdinfo] splitArrayList() result= true
[2014/02/27 09:56:58][INFO ](SmtIsi_Stdinfo.java:139) - [SBL_Stdinfo] splitArrayList() pTemp= [49, 1:HOLD:X8_W, 1:HOLD:X8_W, 1:HOLD:X8_W, F]
[2014/02/27 09:56:58][INFO ](SmtIsi_Stdinfo.java:140) - [SBL_Stdinfo] splitArrayList() pData= 49!#!1:HOLD:X8_W!#!1:HOLD:X8_W!#!1:HOLD:X8_W!#!F
[2014/02/27 09:56:58][INFO ](SmtIsi_Stdinfo.java:141) -  [SBL_Stdinfo] splitArrayList() result= true
[2014/02/27 09:56:58][INFO ](SmtIsi_Stdinfo.java:139) - [SBL_Stdinfo] splitArrayList() pTemp= [50, 1:HOLD:X8_R, 1:HOLD:X8_R, 1:HOLD:X8_R, F]
[2014/02/27 09:56:58][INFO ](SmtIsi_Stdinfo.java:140) - [SBL_Stdinfo] splitArrayList() pData= 50!#!1:HOLD:X8_R!#!1:HOLD:X8_R!#!1:HOLD:X8_R!#!F
[2014/02/27 09:56:58][INFO ](SmtIsi_Stdinfo.java:141) -  [SBL_Stdinfo] splitArrayList() result= true
[2014/02/27 09:56:58][INFO ](SmtIsi_Stdinfo.java:139) - [SBL_Stdinfo] splitArrayList() pTemp= [99, 3:HOLD:FAIL_SUM, 3:HOLD:ISBF1, 3:HOLD:ISBF1, F]
[2014/02/27 09:56:58][INFO ](SmtIsi_Stdinfo.java:140) - [SBL_Stdinfo] splitArrayList() pData= 99!#!3:HOLD:FAIL_SUM!#!3:HOLD:ISBF1!#!3:HOLD:ISBF1!#!F
[2014/02/27 09:56:58][INFO ](SmtIsi_Stdinfo.java:141) -  [SBL_Stdinfo] splitArrayList() result= true
[2014/02/27 09:56:58][INFO ](SmtIsi_Process.java:43) - 판정 제외1
[2014/02/27 09:56:58][INFO ](SmtIsi_Process.java:49) - MIX 판정
[2014/02/27 09:56:58][INFO ](SmtIsi_Process.java:55) - 판정 제외2
[2014/02/27 09:56:58][INFO ](SmtIsi_Process.java:61) - SubBin 판정
[2014/02/27 09:56:58][INFO ](SmtIsi_JudgeSubbin.java:68) - Check BinNo=10
[2014/02/27 09:56:58][INFO ](SmtIsi_JudgeSubbin.java:68) - Check BinNo=22
[2014/02/27 09:56:58][INFO ](SmtIsi_JudgeSubbin.java:68) - Check BinNo=24
[2014/02/27 09:56:58][INFO ](SmtIsi_JudgeSubbin.java:101) - failbin=24
[2014/02/27 09:56:58][INFO ](SmtIsi_JudgeSubbin.java:101) - failbin=24
[2014/02/27 09:56:58][INFO ](SmtIsi_JudgeSubbin.java:101) - failbin=24
[2014/02/27 09:56:58][INFO ](SmtIsi_JudgeSubbin.java:68) - Check BinNo=23
[2014/02/27 09:56:58][INFO ](SmtIsi_JudgeSubbin.java:101) - failbin=23
[2014/02/27 09:56:58][INFO ](SmtIsi_JudgeSubbin.java:101) - failbin=23
[2014/02/27 09:56:58][INFO ](SmtIsi_JudgeSubbin.java:101) - failbin=23
[2014/02/27 09:56:58][INFO ](SmtIsi_JudgeSubbin.java:68) - Check BinNo=25
[2014/02/27 09:56:58][INFO ](SmtIsi_JudgeSubbin.java:68) - Check BinNo=12
[2014/02/27 09:56:58][INFO ](SmtIsi_JudgeSubbin.java:68) - Check BinNo=8
[2014/02/27 09:56:58][INFO ](SmtIsi_JudgeSubbin.java:68) - Check BinNo=69
[2014/02/27 09:56:58][INFO ](SmtIsi_JudgeSubbin.java:68) - Check BinNo=49
[2014/02/27 09:56:58][INFO ](SmtIsi_JudgeSubbin.java:68) - Check BinNo=50
[2014/02/27 09:56:58][INFO ](SmtIsi_JudgeSubbin.java:68) - Check BinNo=99
[2014/02/27 09:56:58][INFO ](SmtIsi_JudgeSubbin.java:101) - failbin=99
[2014/02/27 09:56:58][INFO ](SmtIsi_JudgeSubbin.java:101) - failbin=99
[2014/02/27 09:56:58][INFO ](SmtIsi_JudgeSubbin.java:101) - failbin=99
[2014/02/27 09:57:05][INFO ](SmtIsi_Process.java:68) - Yield 판정
[2014/02/27 09:57:09][INFO ](SmtIsi_Process.java:75) - NOT 판정
[2014/02/27 09:57:10][INFO ](SmtIsi_Process.java:82) - LOS 판정
[2014/02/27 10:07:10][INFO ](SmtOscar_Main.java:153) - [SmtOscar File Read] A_140226_QA-LAB_T070FUL_mu01_20140226164752_00.osc
[2014/02/27 10:07:10][INFO ](SmtOscar_Hist_FileCheck.java:122) - [FileCheck] NORMAL
[2014/02/27 10:07:10][INFO ](SmtOscar_Hist_FileProcess.java:302) - SORT : 6:1,7:4,
[2014/02/27 10:07:10][INFO ](SmtIsi_Stdinfo.java:151) - [SBL_Stdinfo] splitSubBin() ****sData=10!#!1:HOLD:PrimeCSD!#!1:HOLD:PrimeCSD!#!1:HOLD:PrimeCSD!#!F@#@22!#!1:HOLD:ISBC1!#!1:HOLD:ISBC1!#!1:HOLD:ISBC1!#!F@#@24!#!1:HOLD:ISBC2!#!1:HOLD:ISBC2!#!1:HOLD:ISBC2!#!F@#@23!#!1:HOLD:ISBF1!#!1:HOLD:ISBF1!#!1:HOLD:ISBF1!#!F@#@25!#!1:HOLD:ISBF2!#!1:HOLD:ISBF2!#!1:HOLD:ISBF2!#!F@#@12!#!1:HOLD:CSD!#!1:HOLD:CSD!#!1:HOLD:CSD!#!F@#@8!#!1.0:HOLD:OPSH!#!1.0:HOLD:OPSH!#!1.0:HOLD:OPSH!#!F@#@69!#!0.3:HOLD:PMAP!#!0.3:HOLD:PMAP!#!0.3:HOLD:PMAP!#!F@#@49!#!1:HOLD:X8_W!#!1:HOLD:X8_W!#!1:HOLD:X8_W!#!F@#@50!#!1:HOLD:X8_R!#!1:HOLD:X8_R!#!1:HOLD:X8_R!#!F@#@99!#!3:HOLD:FAIL_SUM!#!3:HOLD:ISBF1!#!3:HOLD:ISBF1!#!F@#@
[2014/02/27 10:07:10][INFO ](SmtIsi_Stdinfo.java:139) - [SBL_Stdinfo] splitArrayList() pTemp= [10, 1:HOLD:PrimeCSD, 1:HOLD:PrimeCSD, 1:HOLD:PrimeCSD, F]
[2014/02/27 10:07:10][INFO ](SmtIsi_Stdinfo.java:140) - [SBL_Stdinfo] splitArrayList() pData= 10!#!1:HOLD:PrimeCSD!#!1:HOLD:PrimeCSD!#!1:HOLD:PrimeCSD!#!F
[2014/02/27 10:07:10][INFO ](SmtIsi_Stdinfo.java:141) -  [SBL_Stdinfo] splitArrayList() result= true
[2014/02/27 10:07:10][INFO ](SmtIsi_Stdinfo.java:139) - [SBL_Stdinfo] splitArrayList() pTemp= [22, 1:HOLD:ISBC1, 1:HOLD:ISBC1, 1:HOLD:ISBC1, F]
[2014/02/27 10:07:10][INFO ](SmtIsi_Stdinfo.java:140) - [SBL_Stdinfo] splitArrayList() pData= 22!#!1:HOLD:ISBC1!#!1:HOLD:ISBC1!#!1:HOLD:ISBC1!#!F
[2014/02/27 10:07:10][INFO ](SmtIsi_Stdinfo.java:141) -  [SBL_Stdinfo] splitArrayList() result= true
[2014/02/27 10:07:10][INFO ](SmtIsi_Stdinfo.java:139) - [SBL_Stdinfo] splitArrayList() pTemp= [24, 1:HOLD:ISBC2, 1:HOLD:ISBC2, 1:HOLD:ISBC2, F]
[2014/02/27 10:07:10][INFO ](SmtIsi_Stdinfo.java:140) - [SBL_Stdinfo] splitArrayList() pData= 24!#!1:HOLD:ISBC2!#!1:HOLD:ISBC2!#!1:HOLD:ISBC2!#!F
[2014/02/27 10:07:10][INFO ](SmtIsi_Stdinfo.java:141) -  [SBL_Stdinfo] splitArrayList() result= true
[2014/02/27 10:07:10][INFO ](SmtIsi_Stdinfo.java:139) - [SBL_Stdinfo] splitArrayList() pTemp= [23, 1:HOLD:ISBF1, 1:HOLD:ISBF1, 1:HOLD:ISBF1, F]
[2014/02/27 10:07:10][INFO ](SmtIsi_Stdinfo.java:140) - [SBL_Stdinfo] splitArrayList() pData= 23!#!1:HOLD:ISBF1!#!1:HOLD:ISBF1!#!1:HOLD:ISBF1!#!F
[2014/02/27 10:07:10][INFO ](SmtIsi_Stdinfo.java:141) -  [SBL_Stdinfo] splitArrayList() result= true
[2014/02/27 10:07:10][INFO ](SmtIsi_Stdinfo.java:139) - [SBL_Stdinfo] splitArrayList() pTemp= [25, 1:HOLD:ISBF2, 1:HOLD:ISBF2, 1:HOLD:ISBF2, F]
[2014/02/27 10:07:10][INFO ](SmtIsi_Stdinfo.java:140) - [SBL_Stdinfo] splitArrayList() pData= 25!#!1:HOLD:ISBF2!#!1:HOLD:ISBF2!#!1:HOLD:ISBF2!#!F
[2014/02/27 10:07:10][INFO ](SmtIsi_Stdinfo.java:141) -  [SBL_Stdinfo] splitArrayList() result= true
[2014/02/27 10:07:10][INFO ](SmtIsi_Stdinfo.java:139) - [SBL_Stdinfo] splitArrayList() pTemp= [12, 1:HOLD:CSD, 1:HOLD:CSD, 1:HOLD:CSD, F]
[2014/02/27 10:07:10][INFO ](SmtIsi_Stdinfo.java:140) - [SBL_Stdinfo] splitArrayList() pData= 12!#!1:HOLD:CSD!#!1:HOLD:CSD!#!1:HOLD:CSD!#!F
[2014/02/27 10:07:10][INFO ](SmtIsi_Stdinfo.java:141) -  [SBL_Stdinfo] splitArrayList() result= true
[2014/02/27 10:07:10][INFO ](SmtIsi_Stdinfo.java:139) - [SBL_Stdinfo] splitArrayList() pTemp= [8, 1.0:HOLD:OPSH, 1.0:HOLD:OPSH, 1.0:HOLD:OPSH, F]
[2014/02/27 10:07:10][INFO ](SmtIsi_Stdinfo.java:140) - [SBL_Stdinfo] splitArrayList() pData= 8!#!1.0:HOLD:OPSH!#!1.0:HOLD:OPSH!#!1.0:HOLD:OPSH!#!F
[2014/02/27 10:07:10][INFO ](SmtIsi_Stdinfo.java:141) -  [SBL_Stdinfo] splitArrayList() result= true
[2014/02/27 10:07:10][INFO ](SmtIsi_Stdinfo.java:139) - [SBL_Stdinfo] splitArrayList() pTemp= [69, 0.3:HOLD:PMAP, 0.3:HOLD:PMAP, 0.3:HOLD:PMAP, F]
[2014/02/27 10:07:10][INFO ](SmtIsi_Stdinfo.java:140) - [SBL_Stdinfo] splitArrayList() pData= 69!#!0.3:HOLD:PMAP!#!0.3:HOLD:PMAP!#!0.3:HOLD:PMAP!#!F
[2014/02/27 10:07:10][INFO ](SmtIsi_Stdinfo.java:141) -  [SBL_Stdinfo] splitArrayList() result= true
[2014/02/27 10:07:10][INFO ](SmtIsi_Stdinfo.java:139) - [SBL_Stdinfo] splitArrayList() pTemp= [49, 1:HOLD:X8_W, 1:HOLD:X8_W, 1:HOLD:X8_W, F]
[2014/02/27 10:07:10][INFO ](SmtIsi_Stdinfo.java:140) - [SBL_Stdinfo] splitArrayList() pData= 49!#!1:HOLD:X8_W!#!1:HOLD:X8_W!#!1:HOLD:X8_W!#!F
[2014/02/27 10:07:10][INFO ](SmtIsi_Stdinfo.java:141) -  [SBL_Stdinfo] splitArrayList() result= true
[2014/02/27 10:07:10][INFO ](SmtIsi_Stdinfo.java:139) - [SBL_Stdinfo] splitArrayList() pTemp= [50, 1:HOLD:X8_R, 1:HOLD:X8_R, 1:HOLD:X8_R, F]
[2014/02/27 10:07:10][INFO ](SmtIsi_Stdinfo.java:140) - [SBL_Stdinfo] splitArrayList() pData= 50!#!1:HOLD:X8_R!#!1:HOLD:X8_R!#!1:HOLD:X8_R!#!F
[2014/02/27 10:07:10][INFO ](SmtIsi_Stdinfo.java:141) -  [SBL_Stdinfo] splitArrayList() result= true
[2014/02/27 10:07:10][INFO ](SmtIsi_Stdinfo.java:139) - [SBL_Stdinfo] splitArrayList() pTemp= [99, 3:HOLD:FAIL_SUM, 3:HOLD:ISBF1, 3:HOLD:ISBF1, F]
[2014/02/27 10:07:10][INFO ](SmtIsi_Stdinfo.java:140) - [SBL_Stdinfo] splitArrayList() pData= 99!#!3:HOLD:FAIL_SUM!#!3:HOLD:ISBF1!#!3:HOLD:ISBF1!#!F
[2014/02/27 10:07:10][INFO ](SmtIsi_Stdinfo.java:141) -  [SBL_Stdinfo] splitArrayList() result= true
[2014/02/27 10:07:10][INFO ](SmtIsi_Process.java:43) - 판정 제외1
[2014/02/27 10:07:10][INFO ](SmtIsi_Process.java:49) - MIX 판정
[2014/02/27 10:07:10][INFO ](SmtIsi_Process.java:55) - 판정 제외2
[2014/02/27 10:07:10][INFO ](SmtIsi_Process.java:61) - SubBin 판정
[2014/02/27 10:07:10][INFO ](SmtIsi_JudgeSubbin.java:68) - Check BinNo=10
[2014/02/27 10:07:10][INFO ](SmtIsi_JudgeSubbin.java:68) - Check BinNo=22
[2014/02/27 10:07:10][INFO ](SmtIsi_JudgeSubbin.java:68) - Check BinNo=24
[2014/02/27 10:07:10][INFO ](SmtIsi_JudgeSubbin.java:101) - failbin=24
[2014/02/27 10:08:26][INFO ](SmtIsi_Process.java:68) - Yield 판정
[2014/02/27 10:08:27][INFO ](SmtIsi_Process.java:75) - NOT 판정
[2014/02/27 10:08:28][INFO ](SmtIsi_Process.java:82) - LOS 판정
[2014/02/27 10:09:54][ERROR](GlobalDao.java:187) - com.microsoft.sqlserver.jdbc.SQLServerException: Violation of PRIMARY KEY constraint 'PK_SBL_RESULT'. Cannot insert duplicate key in object 'dbo.SBL_RESULT'. The duplicate key value is (20140226164752, 140226_QA-LAB, KLM8G1WEMB-B0300Y0-123456, T070FUL, mu01).
[2014/02/27 10:10:55][INFO ](SmtOscar_Main.java:153) - [SmtOscar File Read] A_140226_QA-LAB_T070FUL_mu01_20140226164752_00.osc
[2014/02/27 10:10:55][INFO ](SmtOscar_Hist_FileCheck.java:122) - [FileCheck] NORMAL
[2014/02/27 10:10:55][INFO ](SmtOscar_Hist_FileProcess.java:302) - SORT : 6:1,7:4,
[2014/02/27 10:10:56][INFO ](SmtIsi_Stdinfo.java:151) - [SBL_Stdinfo] splitSubBin() ****sData=10!#!1:HOLD:PrimeCSD!#!1:HOLD:PrimeCSD!#!1:HOLD:PrimeCSD!#!F@#@22!#!1:HOLD:ISBC1!#!1:HOLD:ISBC1!#!1:HOLD:ISBC1!#!F@#@24!#!1:HOLD:ISBC2!#!1:HOLD:ISBC2!#!1:HOLD:ISBC2!#!F@#@23!#!1:HOLD:ISBF1!#!1:HOLD:ISBF1!#!1:HOLD:ISBF1!#!F@#@25!#!1:HOLD:ISBF2!#!1:HOLD:ISBF2!#!1:HOLD:ISBF2!#!F@#@12!#!1:HOLD:CSD!#!1:HOLD:CSD!#!1:HOLD:CSD!#!F@#@8!#!1.0:HOLD:OPSH!#!1.0:HOLD:OPSH!#!1.0:HOLD:OPSH!#!F@#@69!#!0.3:HOLD:PMAP!#!0.3:HOLD:PMAP!#!0.3:HOLD:PMAP!#!F@#@49!#!1:HOLD:X8_W!#!1:HOLD:X8_W!#!1:HOLD:X8_W!#!F@#@50!#!1:HOLD:X8_R!#!1:HOLD:X8_R!#!1:HOLD:X8_R!#!F@#@99!#!3:HOLD:FAIL_SUM!#!3:HOLD:ISBF1!#!3:HOLD:ISBF1!#!F@#@
[2014/02/27 10:10:56][INFO ](SmtIsi_Stdinfo.java:139) - [SBL_Stdinfo] splitArrayList() pTemp= [10, 1:HOLD:PrimeCSD, 1:HOLD:PrimeCSD, 1:HOLD:PrimeCSD, F]
[2014/02/27 10:10:56][INFO ](SmtIsi_Stdinfo.java:140) - [SBL_Stdinfo] splitArrayList() pData= 10!#!1:HOLD:PrimeCSD!#!1:HOLD:PrimeCSD!#!1:HOLD:PrimeCSD!#!F
[2014/02/27 10:10:56][INFO ](SmtIsi_Stdinfo.java:141) -  [SBL_Stdinfo] splitArrayList() result= true
[2014/02/27 10:10:56][INFO ](SmtIsi_Stdinfo.java:139) - [SBL_Stdinfo] splitArrayList() pTemp= [22, 1:HOLD:ISBC1, 1:HOLD:ISBC1, 1:HOLD:ISBC1, F]
[2014/02/27 10:10:56][INFO ](SmtIsi_Stdinfo.java:140) - [SBL_Stdinfo] splitArrayList() pData= 22!#!1:HOLD:ISBC1!#!1:HOLD:ISBC1!#!1:HOLD:ISBC1!#!F
[2014/02/27 10:10:56][INFO ](SmtIsi_Stdinfo.java:141) -  [SBL_Stdinfo] splitArrayList() result= true
[2014/02/27 10:10:56][INFO ](SmtIsi_Stdinfo.java:139) - [SBL_Stdinfo] splitArrayList() pTemp= [24, 1:HOLD:ISBC2, 1:HOLD:ISBC2, 1:HOLD:ISBC2, F]
[2014/02/27 10:10:56][INFO ](SmtIsi_Stdinfo.java:140) - [SBL_Stdinfo] splitArrayList() pData= 24!#!1:HOLD:ISBC2!#!1:HOLD:ISBC2!#!1:HOLD:ISBC2!#!F
[2014/02/27 10:10:56][INFO ](SmtIsi_Stdinfo.java:141) -  [SBL_Stdinfo] splitArrayList() result= true
[2014/02/27 10:10:56][INFO ](SmtIsi_Stdinfo.java:139) - [SBL_Stdinfo] splitArrayList() pTemp= [23, 1:HOLD:ISBF1, 1:HOLD:ISBF1, 1:HOLD:ISBF1, F]
[2014/02/27 10:10:56][INFO ](SmtIsi_Stdinfo.java:140) - [SBL_Stdinfo] splitArrayList() pData= 23!#!1:HOLD:ISBF1!#!1:HOLD:ISBF1!#!1:HOLD:ISBF1!#!F
[2014/02/27 10:10:56][INFO ](SmtIsi_Stdinfo.java:141) -  [SBL_Stdinfo] splitArrayList() result= true
[2014/02/27 10:10:56][INFO ](SmtIsi_Stdinfo.java:139) - [SBL_Stdinfo] splitArrayList() pTemp= [25, 1:HOLD:ISBF2, 1:HOLD:ISBF2, 1:HOLD:ISBF2, F]
[2014/02/27 10:10:56][INFO ](SmtIsi_Stdinfo.java:140) - [SBL_Stdinfo] splitArrayList() pData= 25!#!1:HOLD:ISBF2!#!1:HOLD:ISBF2!#!1:HOLD:ISBF2!#!F
[2014/02/27 10:10:56][INFO ](SmtIsi_Stdinfo.java:141) -  [SBL_Stdinfo] splitArrayList() result= true
[2014/02/27 10:10:56][INFO ](SmtIsi_Stdinfo.java:139) - [SBL_Stdinfo] splitArrayList() pTemp= [12, 1:HOLD:CSD, 1:HOLD:CSD, 1:HOLD:CSD, F]
[2014/02/27 10:10:56][INFO ](SmtIsi_Stdinfo.java:140) - [SBL_Stdinfo] splitArrayList() pData= 12!#!1:HOLD:CSD!#!1:HOLD:CSD!#!1:HOLD:CSD!#!F
[2014/02/27 10:10:56][INFO ](SmtIsi_Stdinfo.java:141) -  [SBL_Stdinfo] splitArrayList() result= true
[2014/02/27 10:10:56][INFO ](SmtIsi_Stdinfo.java:139) - [SBL_Stdinfo] splitArrayList() pTemp= [8, 1.0:HOLD:OPSH, 1.0:HOLD:OPSH, 1.0:HOLD:OPSH, F]
[2014/02/27 10:10:56][INFO ](SmtIsi_Stdinfo.java:140) - [SBL_Stdinfo] splitArrayList() pData= 8!#!1.0:HOLD:OPSH!#!1.0:HOLD:OPSH!#!1.0:HOLD:OPSH!#!F
[2014/02/27 10:10:56][INFO ](SmtIsi_Stdinfo.java:141) -  [SBL_Stdinfo] splitArrayList() result= true
[2014/02/27 10:10:56][INFO ](SmtIsi_Stdinfo.java:139) - [SBL_Stdinfo] splitArrayList() pTemp= [69, 0.3:HOLD:PMAP, 0.3:HOLD:PMAP, 0.3:HOLD:PMAP, F]
[2014/02/27 10:10:56][INFO ](SmtIsi_Stdinfo.java:140) - [SBL_Stdinfo] splitArrayList() pData= 69!#!0.3:HOLD:PMAP!#!0.3:HOLD:PMAP!#!0.3:HOLD:PMAP!#!F
[2014/02/27 10:10:56][INFO ](SmtIsi_Stdinfo.java:141) -  [SBL_Stdinfo] splitArrayList() result= true
[2014/02/27 10:10:56][INFO ](SmtIsi_Stdinfo.java:139) - [SBL_Stdinfo] splitArrayList() pTemp= [49, 1:HOLD:X8_W, 1:HOLD:X8_W, 1:HOLD:X8_W, F]
[2014/02/27 10:10:56][INFO ](SmtIsi_Stdinfo.java:140) - [SBL_Stdinfo] splitArrayList() pData= 49!#!1:HOLD:X8_W!#!1:HOLD:X8_W!#!1:HOLD:X8_W!#!F
[2014/02/27 10:10:56][INFO ](SmtIsi_Stdinfo.java:141) -  [SBL_Stdinfo] splitArrayList() result= true
[2014/02/27 10:10:56][INFO ](SmtIsi_Stdinfo.java:139) - [SBL_Stdinfo] splitArrayList() pTemp= [50, 1:HOLD:X8_R, 1:HOLD:X8_R, 1:HOLD:X8_R, F]
[2014/02/27 10:10:56][INFO ](SmtIsi_Stdinfo.java:140) - [SBL_Stdinfo] splitArrayList() pData= 50!#!1:HOLD:X8_R!#!1:HOLD:X8_R!#!1:HOLD:X8_R!#!F
[2014/02/27 10:10:56][INFO ](SmtIsi_Stdinfo.java:141) -  [SBL_Stdinfo] splitArrayList() result= true
[2014/02/27 10:10:56][INFO ](SmtIsi_Stdinfo.java:139) - [SBL_Stdinfo] splitArrayList() pTemp= [99, 3:HOLD:FAIL_SUM, 3:HOLD:ISBF1, 3:HOLD:ISBF1, F]
[2014/02/27 10:10:56][INFO ](SmtIsi_Stdinfo.java:140) - [SBL_Stdinfo] splitArrayList() pData= 99!#!3:HOLD:FAIL_SUM!#!3:HOLD:ISBF1!#!3:HOLD:ISBF1!#!F
[2014/02/27 10:10:56][INFO ](SmtIsi_Stdinfo.java:141) -  [SBL_Stdinfo] splitArrayList() result= true
[2014/02/27 10:10:56][INFO ](SmtIsi_Process.java:43) - 판정 제외1
[2014/02/27 10:10:56][INFO ](SmtIsi_Process.java:49) - MIX 판정
[2014/02/27 10:10:56][INFO ](SmtIsi_Process.java:55) - 판정 제외2
[2014/02/27 10:10:56][INFO ](SmtIsi_Process.java:61) - SubBin 판정
[2014/02/27 10:10:56][INFO ](SmtIsi_JudgeSubbin.java:68) - Check BinNo=10
[2014/02/27 10:10:56][INFO ](SmtIsi_JudgeSubbin.java:68) - Check BinNo=22
[2014/02/27 10:10:56][INFO ](SmtIsi_JudgeSubbin.java:68) - Check BinNo=24
[2014/02/27 10:10:56][INFO ](SmtIsi_JudgeSubbin.java:101) - failbin=24
[2014/02/27 10:10:59][INFO ](SmtIsi_Process.java:68) - Yield 판정
[2014/02/27 10:10:59][INFO ](SmtIsi_Process.java:75) - NOT 판정
[2014/02/27 10:10:59][INFO ](SmtIsi_Process.java:82) - LOS 판정
[2014/02/27 10:11:02][ERROR](GlobalDao.java:187) - com.microsoft.sqlserver.jdbc.SQLServerException: Violation of PRIMARY KEY constraint 'PK_SBL_RESULT'. Cannot insert duplicate key in object 'dbo.SBL_RESULT'. The duplicate key value is (20140226164752, 140226_QA-LAB, KLM8G1WEMB-B0300Y0-123456, T070FUL, mu01).
