[2014/02/26 14:55:50][INFO ](SmtOscar_Main.java:153) - [SmtOscar File Read] A_KGDTEST2_T070000_mu01_20140226145024_00.osc
[2014/02/26 14:55:50][INFO ](SmtOscar_Hist_FileCheck.java:122) - [FileCheck] NORMAL
[2014/02/26 14:55:50][INFO ](SmtOscar_Hist_FileProcess.java:302) - SORT : 2:8,7:1,
[2014/02/26 14:56:38][INFO ](SmtIsi_Stdinfo.java:151) - [SBL_Stdinfo] splitSubBin() ****sData=10!#!1:HOLD:PrimeCSD!#!1:HOLD:PrimeCSD!#!1:HOLD:PrimeCSD!#!F@#@22!#!1:HOLD:ISBC1!#!1:HOLD:ISBC1!#!1:HOLD:ISBC1!#!F@#@24!#!1:HOLD:ISBC2!#!1:HOLD:ISBC2!#!1:HOLD:ISBC2!#!F@#@23!#!1:HOLD:ISBF1!#!1:HOLD:ISBF1!#!1:HOLD:ISBF1!#!F@#@25!#!1:HOLD:ISBF2!#!1:HOLD:ISBF2!#!1:HOLD:ISBF2!#!F@#@12!#!1:HOLD:CSD!#!1:HOLD:CSD!#!1:HOLD:CSD!#!F@#@8!#!1.0:HOLD:OPSH!#!1.0:HOLD:OPSH!#!1.0:HOLD:OPSH!#!F@#@69!#!0.3:HOLD:PMAP!#!0.3:HOLD:PMAP!#!0.3:HOLD:PMAP!#!F@#@49!#!1:HOLD:X8_W!#!1:HOLD:X8_W!#!1:HOLD:X8_W!#!F@#@50!#!1:HOLD:X8_R!#!1:HOLD:X8_R!#!1:HOLD:X8_R!#!F@#@99!#!3:HOLD:FAIL_SUM!#!3:HOLD:ISBF1!#!3:HOLD:ISBF1!#!F@#@
[2014/02/26 14:56:38][INFO ](SmtIsi_Stdinfo.java:139) - [SBL_Stdinfo] splitArrayList() pTemp= [10, 1:HOLD:PrimeCSD, 1:HOLD:PrimeCSD, 1:HOLD:PrimeCSD, F]
[2014/02/26 14:56:38][INFO ](SmtIsi_Stdinfo.java:140) - [SBL_Stdinfo] splitArrayList() pData= 10!#!1:HOLD:PrimeCSD!#!1:HOLD:PrimeCSD!#!1:HOLD:PrimeCSD!#!F
[2014/02/26 14:56:38][INFO ](SmtIsi_Stdinfo.java:141) -  [SBL_Stdinfo] splitArrayList() result= true
[2014/02/26 14:56:38][INFO ](SmtIsi_Stdinfo.java:139) - [SBL_Stdinfo] splitArrayList() pTemp= [22, 1:HOLD:ISBC1, 1:HOLD:ISBC1, 1:HOLD:ISBC1, F]
[2014/02/26 14:56:38][INFO ](SmtIsi_Stdinfo.java:140) - [SBL_Stdinfo] splitArrayList() pData= 22!#!1:HOLD:ISBC1!#!1:HOLD:ISBC1!#!1:HOLD:ISBC1!#!F
[2014/02/26 14:56:38][INFO ](SmtIsi_Stdinfo.java:141) -  [SBL_Stdinfo] splitArrayList() result= true
[2014/02/26 14:56:38][INFO ](SmtIsi_Stdinfo.java:139) - [SBL_Stdinfo] splitArrayList() pTemp= [24, 1:HOLD:ISBC2, 1:HOLD:ISBC2, 1:HOLD:ISBC2, F]
[2014/02/26 14:56:38][INFO ](SmtIsi_Stdinfo.java:140) - [SBL_Stdinfo] splitArrayList() pData= 24!#!1:HOLD:ISBC2!#!1:HOLD:ISBC2!#!1:HOLD:ISBC2!#!F
[2014/02/26 14:56:38][INFO ](SmtIsi_Stdinfo.java:141) -  [SBL_Stdinfo] splitArrayList() result= true
[2014/02/26 14:56:38][INFO ](SmtIsi_Stdinfo.java:139) - [SBL_Stdinfo] splitArrayList() pTemp= [23, 1:HOLD:ISBF1, 1:HOLD:ISBF1, 1:HOLD:ISBF1, F]
[2014/02/26 14:56:38][INFO ](SmtIsi_Stdinfo.java:140) - [SBL_Stdinfo] splitArrayList() pData= 23!#!1:HOLD:ISBF1!#!1:HOLD:ISBF1!#!1:HOLD:ISBF1!#!F
[2014/02/26 14:56:38][INFO ](SmtIsi_Stdinfo.java:141) -  [SBL_Stdinfo] splitArrayList() result= true
[2014/02/26 14:56:38][INFO ](SmtIsi_Stdinfo.java:139) - [SBL_Stdinfo] splitArrayList() pTemp= [25, 1:HOLD:ISBF2, 1:HOLD:ISBF2, 1:HOLD:ISBF2, F]
[2014/02/26 14:56:38][INFO ](SmtIsi_Stdinfo.java:140) - [SBL_Stdinfo] splitArrayList() pData= 25!#!1:HOLD:ISBF2!#!1:HOLD:ISBF2!#!1:HOLD:ISBF2!#!F
[2014/02/26 14:56:38][INFO ](SmtIsi_Stdinfo.java:141) -  [SBL_Stdinfo] splitArrayList() result= true
[2014/02/26 14:56:38][INFO ](SmtIsi_Stdinfo.java:139) - [SBL_Stdinfo] splitArrayList() pTemp= [12, 1:HOLD:CSD, 1:HOLD:CSD, 1:HOLD:CSD, F]
[2014/02/26 14:56:38][INFO ](SmtIsi_Stdinfo.java:140) - [SBL_Stdinfo] splitArrayList() pData= 12!#!1:HOLD:CSD!#!1:HOLD:CSD!#!1:HOLD:CSD!#!F
[2014/02/26 14:56:38][INFO ](SmtIsi_Stdinfo.java:141) -  [SBL_Stdinfo] splitArrayList() result= true
[2014/02/26 14:56:38][INFO ](SmtIsi_Stdinfo.java:139) - [SBL_Stdinfo] splitArrayList() pTemp= [8, 1.0:HOLD:OPSH, 1.0:HOLD:OPSH, 1.0:HOLD:OPSH, F]
[2014/02/26 14:56:38][INFO ](SmtIsi_Stdinfo.java:140) - [SBL_Stdinfo] splitArrayList() pData= 8!#!1.0:HOLD:OPSH!#!1.0:HOLD:OPSH!#!1.0:HOLD:OPSH!#!F
[2014/02/26 14:56:38][INFO ](SmtIsi_Stdinfo.java:141) -  [SBL_Stdinfo] splitArrayList() result= true
[2014/02/26 14:56:38][INFO ](SmtIsi_Stdinfo.java:139) - [SBL_Stdinfo] splitArrayList() pTemp= [69, 0.3:HOLD:PMAP, 0.3:HOLD:PMAP, 0.3:HOLD:PMAP, F]
[2014/02/26 14:56:38][INFO ](SmtIsi_Stdinfo.java:140) - [SBL_Stdinfo] splitArrayList() pData= 69!#!0.3:HOLD:PMAP!#!0.3:HOLD:PMAP!#!0.3:HOLD:PMAP!#!F
[2014/02/26 14:56:38][INFO ](SmtIsi_Stdinfo.java:141) -  [SBL_Stdinfo] splitArrayList() result= true
[2014/02/26 14:56:38][INFO ](SmtIsi_Stdinfo.java:139) - [SBL_Stdinfo] splitArrayList() pTemp= [49, 1:HOLD:X8_W, 1:HOLD:X8_W, 1:HOLD:X8_W, F]
[2014/02/26 14:56:38][INFO ](SmtIsi_Stdinfo.java:140) - [SBL_Stdinfo] splitArrayList() pData= 49!#!1:HOLD:X8_W!#!1:HOLD:X8_W!#!1:HOLD:X8_W!#!F
[2014/02/26 14:56:38][INFO ](SmtIsi_Stdinfo.java:141) -  [SBL_Stdinfo] splitArrayList() result= true
[2014/02/26 14:56:38][INFO ](SmtIsi_Stdinfo.java:139) - [SBL_Stdinfo] splitArrayList() pTemp= [50, 1:HOLD:X8_R, 1:HOLD:X8_R, 1:HOLD:X8_R, F]
[2014/02/26 14:56:38][INFO ](SmtIsi_Stdinfo.java:140) - [SBL_Stdinfo] splitArrayList() pData= 50!#!1:HOLD:X8_R!#!1:HOLD:X8_R!#!1:HOLD:X8_R!#!F
[2014/02/26 14:56:38][INFO ](SmtIsi_Stdinfo.java:141) -  [SBL_Stdinfo] splitArrayList() result= true
[2014/02/26 14:56:38][INFO ](SmtIsi_Stdinfo.java:139) - [SBL_Stdinfo] splitArrayList() pTemp= [99, 3:HOLD:FAIL_SUM, 3:HOLD:ISBF1, 3:HOLD:ISBF1, F]
[2014/02/26 14:56:38][INFO ](SmtIsi_Stdinfo.java:140) - [SBL_Stdinfo] splitArrayList() pData= 99!#!3:HOLD:FAIL_SUM!#!3:HOLD:ISBF1!#!3:HOLD:ISBF1!#!F
[2014/02/26 14:56:38][INFO ](SmtIsi_Stdinfo.java:141) -  [SBL_Stdinfo] splitArrayList() result= true
[2014/02/26 14:56:48][INFO ](SmtIsi_Process.java:43) - 판정 제외1
[2014/02/26 14:56:53][INFO ](SmtIsi_Process.java:49) - MIX 판정
[2014/02/26 14:56:55][INFO ](SmtIsi_Process.java:55) - 판정 제외2
[2014/02/26 14:57:06][INFO ](SmtIsi_Process.java:61) - SubBin 판정
[2014/02/26 14:57:06][INFO ](SmtIsi_JudgeSubbin.java:68) - Check BinNo=10
[2014/02/26 14:57:06][INFO ](SmtIsi_JudgeSubbin.java:68) - Check BinNo=22
[2014/02/26 14:57:06][INFO ](SmtIsi_JudgeSubbin.java:68) - Check BinNo=24
[2014/02/26 14:57:06][INFO ](SmtIsi_JudgeSubbin.java:68) - Check BinNo=23
[2014/02/26 14:57:06][INFO ](SmtIsi_JudgeSubbin.java:68) - Check BinNo=25
[2014/02/26 14:57:06][INFO ](SmtIsi_JudgeSubbin.java:68) - Check BinNo=12
[2014/02/26 14:57:06][INFO ](SmtIsi_JudgeSubbin.java:68) - Check BinNo=8
[2014/02/26 14:57:06][INFO ](SmtIsi_JudgeSubbin.java:68) - Check BinNo=69
[2014/02/26 14:57:06][INFO ](SmtIsi_JudgeSubbin.java:68) - Check BinNo=49
[2014/02/26 14:57:06][INFO ](SmtIsi_JudgeSubbin.java:68) - Check BinNo=50
[2014/02/26 14:57:06][INFO ](SmtIsi_JudgeSubbin.java:68) - Check BinNo=99
[2014/02/26 14:57:07][INFO ](SmtIsi_Process.java:68) - Yield 판정
[2014/02/26 14:57:09][INFO ](SmtIsi_Process.java:75) - NOT 판정
[2014/02/26 14:57:11][INFO ](SmtIsi_Process.java:82) - LOS 판정
[2014/02/26 14:58:37][INFO ](SmtOscar_Main.java:153) - [SmtOscar File Read] A_KGDTEST2_T070000_mu01_20140226145024_00.osc
[2014/02/26 14:58:37][INFO ](SmtOscar_Hist_FileCheck.java:122) - [FileCheck] NORMAL
[2014/02/26 14:58:37][INFO ](SmtOscar_Hist_FileProcess.java:302) - SORT : 2:8,7:1,
[2014/02/26 14:58:37][INFO ](SmtIsi_Stdinfo.java:151) - [SBL_Stdinfo] splitSubBin() ****sData=10!#!1:HOLD:PrimeCSD!#!1:HOLD:PrimeCSD!#!1:HOLD:PrimeCSD!#!F@#@22!#!1:HOLD:ISBC1!#!1:HOLD:ISBC1!#!1:HOLD:ISBC1!#!F@#@24!#!1:HOLD:ISBC2!#!1:HOLD:ISBC2!#!1:HOLD:ISBC2!#!F@#@23!#!1:HOLD:ISBF1!#!1:HOLD:ISBF1!#!1:HOLD:ISBF1!#!F@#@25!#!1:HOLD:ISBF2!#!1:HOLD:ISBF2!#!1:HOLD:ISBF2!#!F@#@12!#!1:HOLD:CSD!#!1:HOLD:CSD!#!1:HOLD:CSD!#!F@#@8!#!1.0:HOLD:OPSH!#!1.0:HOLD:OPSH!#!1.0:HOLD:OPSH!#!F@#@69!#!0.3:HOLD:PMAP!#!0.3:HOLD:PMAP!#!0.3:HOLD:PMAP!#!F@#@49!#!1:HOLD:X8_W!#!1:HOLD:X8_W!#!1:HOLD:X8_W!#!F@#@50!#!1:HOLD:X8_R!#!1:HOLD:X8_R!#!1:HOLD:X8_R!#!F@#@99!#!3:HOLD:FAIL_SUM!#!3:HOLD:ISBF1!#!3:HOLD:ISBF1!#!F@#@
[2014/02/26 14:58:37][INFO ](SmtIsi_Stdinfo.java:139) - [SBL_Stdinfo] splitArrayList() pTemp= [10, 1:HOLD:PrimeCSD, 1:HOLD:PrimeCSD, 1:HOLD:PrimeCSD, F]
[2014/02/26 14:58:37][INFO ](SmtIsi_Stdinfo.java:140) - [SBL_Stdinfo] splitArrayList() pData= 10!#!1:HOLD:PrimeCSD!#!1:HOLD:PrimeCSD!#!1:HOLD:PrimeCSD!#!F
[2014/02/26 14:58:37][INFO ](SmtIsi_Stdinfo.java:141) -  [SBL_Stdinfo] splitArrayList() result= true
[2014/02/26 14:58:37][INFO ](SmtIsi_Stdinfo.java:139) - [SBL_Stdinfo] splitArrayList() pTemp= [22, 1:HOLD:ISBC1, 1:HOLD:ISBC1, 1:HOLD:ISBC1, F]
[2014/02/26 14:58:37][INFO ](SmtIsi_Stdinfo.java:140) - [SBL_Stdinfo] splitArrayList() pData= 22!#!1:HOLD:ISBC1!#!1:HOLD:ISBC1!#!1:HOLD:ISBC1!#!F
[2014/02/26 14:58:37][INFO ](SmtIsi_Stdinfo.java:141) -  [SBL_Stdinfo] splitArrayList() result= true
[2014/02/26 14:58:37][INFO ](SmtIsi_Stdinfo.java:139) - [SBL_Stdinfo] splitArrayList() pTemp= [24, 1:HOLD:ISBC2, 1:HOLD:ISBC2, 1:HOLD:ISBC2, F]
[2014/02/26 14:58:37][INFO ](SmtIsi_Stdinfo.java:140) - [SBL_Stdinfo] splitArrayList() pData= 24!#!1:HOLD:ISBC2!#!1:HOLD:ISBC2!#!1:HOLD:ISBC2!#!F
[2014/02/26 14:58:37][INFO ](SmtIsi_Stdinfo.java:141) -  [SBL_Stdinfo] splitArrayList() result= true
[2014/02/26 14:58:37][INFO ](SmtIsi_Stdinfo.java:139) - [SBL_Stdinfo] splitArrayList() pTemp= [23, 1:HOLD:ISBF1, 1:HOLD:ISBF1, 1:HOLD:ISBF1, F]
[2014/02/26 14:58:37][INFO ](SmtIsi_Stdinfo.java:140) - [SBL_Stdinfo] splitArrayList() pData= 23!#!1:HOLD:ISBF1!#!1:HOLD:ISBF1!#!1:HOLD:ISBF1!#!F
[2014/02/26 14:58:37][INFO ](SmtIsi_Stdinfo.java:141) -  [SBL_Stdinfo] splitArrayList() result= true
[2014/02/26 14:58:37][INFO ](SmtIsi_Stdinfo.java:139) - [SBL_Stdinfo] splitArrayList() pTemp= [25, 1:HOLD:ISBF2, 1:HOLD:ISBF2, 1:HOLD:ISBF2, F]
[2014/02/26 14:58:37][INFO ](SmtIsi_Stdinfo.java:140) - [SBL_Stdinfo] splitArrayList() pData= 25!#!1:HOLD:ISBF2!#!1:HOLD:ISBF2!#!1:HOLD:ISBF2!#!F
[2014/02/26 14:58:37][INFO ](SmtIsi_Stdinfo.java:141) -  [SBL_Stdinfo] splitArrayList() result= true
[2014/02/26 14:58:37][INFO ](SmtIsi_Stdinfo.java:139) - [SBL_Stdinfo] splitArrayList() pTemp= [12, 1:HOLD:CSD, 1:HOLD:CSD, 1:HOLD:CSD, F]
[2014/02/26 14:58:37][INFO ](SmtIsi_Stdinfo.java:140) - [SBL_Stdinfo] splitArrayList() pData= 12!#!1:HOLD:CSD!#!1:HOLD:CSD!#!1:HOLD:CSD!#!F
[2014/02/26 14:58:37][INFO ](SmtIsi_Stdinfo.java:141) -  [SBL_Stdinfo] splitArrayList() result= true
[2014/02/26 14:58:37][INFO ](SmtIsi_Stdinfo.java:139) - [SBL_Stdinfo] splitArrayList() pTemp= [8, 1.0:HOLD:OPSH, 1.0:HOLD:OPSH, 1.0:HOLD:OPSH, F]
[2014/02/26 14:58:37][INFO ](SmtIsi_Stdinfo.java:140) - [SBL_Stdinfo] splitArrayList() pData= 8!#!1.0:HOLD:OPSH!#!1.0:HOLD:OPSH!#!1.0:HOLD:OPSH!#!F
[2014/02/26 14:58:37][INFO ](SmtIsi_Stdinfo.java:141) -  [SBL_Stdinfo] splitArrayList() result= true
[2014/02/26 14:58:37][INFO ](SmtIsi_Stdinfo.java:139) - [SBL_Stdinfo] splitArrayList() pTemp= [69, 0.3:HOLD:PMAP, 0.3:HOLD:PMAP, 0.3:HOLD:PMAP, F]
[2014/02/26 14:58:37][INFO ](SmtIsi_Stdinfo.java:140) - [SBL_Stdinfo] splitArrayList() pData= 69!#!0.3:HOLD:PMAP!#!0.3:HOLD:PMAP!#!0.3:HOLD:PMAP!#!F
[2014/02/26 14:58:37][INFO ](SmtIsi_Stdinfo.java:141) -  [SBL_Stdinfo] splitArrayList() result= true
[2014/02/26 14:58:37][INFO ](SmtIsi_Stdinfo.java:139) - [SBL_Stdinfo] splitArrayList() pTemp= [49, 1:HOLD:X8_W, 1:HOLD:X8_W, 1:HOLD:X8_W, F]
[2014/02/26 14:58:37][INFO ](SmtIsi_Stdinfo.java:140) - [SBL_Stdinfo] splitArrayList() pData= 49!#!1:HOLD:X8_W!#!1:HOLD:X8_W!#!1:HOLD:X8_W!#!F
[2014/02/26 14:58:37][INFO ](SmtIsi_Stdinfo.java:141) -  [SBL_Stdinfo] splitArrayList() result= true
[2014/02/26 14:58:37][INFO ](SmtIsi_Stdinfo.java:139) - [SBL_Stdinfo] splitArrayList() pTemp= [50, 1:HOLD:X8_R, 1:HOLD:X8_R, 1:HOLD:X8_R, F]
[2014/02/26 14:58:37][INFO ](SmtIsi_Stdinfo.java:140) - [SBL_Stdinfo] splitArrayList() pData= 50!#!1:HOLD:X8_R!#!1:HOLD:X8_R!#!1:HOLD:X8_R!#!F
[2014/02/26 14:58:37][INFO ](SmtIsi_Stdinfo.java:141) -  [SBL_Stdinfo] splitArrayList() result= true
[2014/02/26 14:58:37][INFO ](SmtIsi_Stdinfo.java:139) - [SBL_Stdinfo] splitArrayList() pTemp= [99, 3:HOLD:FAIL_SUM, 3:HOLD:ISBF1, 3:HOLD:ISBF1, F]
[2014/02/26 14:58:37][INFO ](SmtIsi_Stdinfo.java:140) - [SBL_Stdinfo] splitArrayList() pData= 99!#!3:HOLD:FAIL_SUM!#!3:HOLD:ISBF1!#!3:HOLD:ISBF1!#!F
[2014/02/26 14:58:37][INFO ](SmtIsi_Stdinfo.java:141) -  [SBL_Stdinfo] splitArrayList() result= true
[2014/02/26 14:58:37][INFO ](SmtIsi_Process.java:43) - 판정 제외1
[2014/02/26 14:58:37][INFO ](SmtIsi_Process.java:49) - MIX 판정
[2014/02/26 14:58:37][INFO ](SmtIsi_Process.java:55) - 판정 제외2
[2014/02/26 14:58:37][INFO ](SmtIsi_Process.java:61) - SubBin 판정
[2014/02/26 14:58:37][INFO ](SmtIsi_JudgeSubbin.java:68) - Check BinNo=10
[2014/02/26 14:58:37][INFO ](SmtIsi_JudgeSubbin.java:68) - Check BinNo=22
[2014/02/26 14:58:37][INFO ](SmtIsi_JudgeSubbin.java:68) - Check BinNo=24
[2014/02/26 14:58:37][INFO ](SmtIsi_JudgeSubbin.java:68) - Check BinNo=23
[2014/02/26 14:58:37][INFO ](SmtIsi_JudgeSubbin.java:68) - Check BinNo=25
[2014/02/26 14:58:37][INFO ](SmtIsi_JudgeSubbin.java:68) - Check BinNo=12
[2014/02/26 14:58:37][INFO ](SmtIsi_JudgeSubbin.java:68) - Check BinNo=8
[2014/02/26 14:58:37][INFO ](SmtIsi_JudgeSubbin.java:68) - Check BinNo=69
[2014/02/26 14:58:37][INFO ](SmtIsi_JudgeSubbin.java:68) - Check BinNo=49
[2014/02/26 14:58:37][INFO ](SmtIsi_JudgeSubbin.java:68) - Check BinNo=50
[2014/02/26 14:58:37][INFO ](SmtIsi_JudgeSubbin.java:68) - Check BinNo=99
[2014/02/26 14:58:37][INFO ](SmtIsi_Process.java:68) - Yield 판정
[2014/02/26 15:04:02][INFO ](SmtOscar_Main.java:153) - [SmtOscar File Read] A_KGDTEST2_T070000_mu01_20140226145024_00.osc
[2014/02/26 15:04:02][INFO ](SmtOscar_Hist_FileCheck.java:122) - [FileCheck] NORMAL
[2014/02/26 15:04:02][INFO ](SmtOscar_Hist_FileProcess.java:302) - SORT : 2:8,7:1,
[2014/02/26 15:04:32][INFO ](SmtIsi_Stdinfo.java:151) - [SBL_Stdinfo] splitSubBin() ****sData=10!#!1:HOLD:PrimeCSD!#!1:HOLD:PrimeCSD!#!1:HOLD:PrimeCSD!#!F@#@22!#!1:HOLD:ISBC1!#!1:HOLD:ISBC1!#!1:HOLD:ISBC1!#!F@#@24!#!1:HOLD:ISBC2!#!1:HOLD:ISBC2!#!1:HOLD:ISBC2!#!F@#@23!#!1:HOLD:ISBF1!#!1:HOLD:ISBF1!#!1:HOLD:ISBF1!#!F@#@25!#!1:HOLD:ISBF2!#!1:HOLD:ISBF2!#!1:HOLD:ISBF2!#!F@#@12!#!1:HOLD:CSD!#!1:HOLD:CSD!#!1:HOLD:CSD!#!F@#@8!#!1.0:HOLD:OPSH!#!1.0:HOLD:OPSH!#!1.0:HOLD:OPSH!#!F@#@69!#!0.3:HOLD:PMAP!#!0.3:HOLD:PMAP!#!0.3:HOLD:PMAP!#!F@#@49!#!1:HOLD:X8_W!#!1:HOLD:X8_W!#!1:HOLD:X8_W!#!F@#@50!#!1:HOLD:X8_R!#!1:HOLD:X8_R!#!1:HOLD:X8_R!#!F@#@99!#!3:HOLD:FAIL_SUM!#!3:HOLD:ISBF1!#!3:HOLD:ISBF1!#!F@#@
[2014/02/26 15:04:32][INFO ](SmtIsi_Stdinfo.java:139) - [SBL_Stdinfo] splitArrayList() pTemp= [10, 1:HOLD:PrimeCSD, 1:HOLD:PrimeCSD, 1:HOLD:PrimeCSD, F]
[2014/02/26 15:04:32][INFO ](SmtIsi_Stdinfo.java:140) - [SBL_Stdinfo] splitArrayList() pData= 10!#!1:HOLD:PrimeCSD!#!1:HOLD:PrimeCSD!#!1:HOLD:PrimeCSD!#!F
[2014/02/26 15:04:32][INFO ](SmtIsi_Stdinfo.java:141) -  [SBL_Stdinfo] splitArrayList() result= true
[2014/02/26 15:04:32][INFO ](SmtIsi_Stdinfo.java:139) - [SBL_Stdinfo] splitArrayList() pTemp= [22, 1:HOLD:ISBC1, 1:HOLD:ISBC1, 1:HOLD:ISBC1, F]
[2014/02/26 15:04:32][INFO ](SmtIsi_Stdinfo.java:140) - [SBL_Stdinfo] splitArrayList() pData= 22!#!1:HOLD:ISBC1!#!1:HOLD:ISBC1!#!1:HOLD:ISBC1!#!F
[2014/02/26 15:04:32][INFO ](SmtIsi_Stdinfo.java:141) -  [SBL_Stdinfo] splitArrayList() result= true
[2014/02/26 15:04:32][INFO ](SmtIsi_Stdinfo.java:139) - [SBL_Stdinfo] splitArrayList() pTemp= [24, 1:HOLD:ISBC2, 1:HOLD:ISBC2, 1:HOLD:ISBC2, F]
[2014/02/26 15:04:32][INFO ](SmtIsi_Stdinfo.java:140) - [SBL_Stdinfo] splitArrayList() pData= 24!#!1:HOLD:ISBC2!#!1:HOLD:ISBC2!#!1:HOLD:ISBC2!#!F
[2014/02/26 15:04:32][INFO ](SmtIsi_Stdinfo.java:141) -  [SBL_Stdinfo] splitArrayList() result= true
[2014/02/26 15:04:32][INFO ](SmtIsi_Stdinfo.java:139) - [SBL_Stdinfo] splitArrayList() pTemp= [23, 1:HOLD:ISBF1, 1:HOLD:ISBF1, 1:HOLD:ISBF1, F]
[2014/02/26 15:04:32][INFO ](SmtIsi_Stdinfo.java:140) - [SBL_Stdinfo] splitArrayList() pData= 23!#!1:HOLD:ISBF1!#!1:HOLD:ISBF1!#!1:HOLD:ISBF1!#!F
[2014/02/26 15:04:32][INFO ](SmtIsi_Stdinfo.java:141) -  [SBL_Stdinfo] splitArrayList() result= true
[2014/02/26 15:04:32][INFO ](SmtIsi_Stdinfo.java:139) - [SBL_Stdinfo] splitArrayList() pTemp= [25, 1:HOLD:ISBF2, 1:HOLD:ISBF2, 1:HOLD:ISBF2, F]
[2014/02/26 15:04:32][INFO ](SmtIsi_Stdinfo.java:140) - [SBL_Stdinfo] splitArrayList() pData= 25!#!1:HOLD:ISBF2!#!1:HOLD:ISBF2!#!1:HOLD:ISBF2!#!F
[2014/02/26 15:04:32][INFO ](SmtIsi_Stdinfo.java:141) -  [SBL_Stdinfo] splitArrayList() result= true
[2014/02/26 15:04:32][INFO ](SmtIsi_Stdinfo.java:139) - [SBL_Stdinfo] splitArrayList() pTemp= [12, 1:HOLD:CSD, 1:HOLD:CSD, 1:HOLD:CSD, F]
[2014/02/26 15:04:32][INFO ](SmtIsi_Stdinfo.java:140) - [SBL_Stdinfo] splitArrayList() pData= 12!#!1:HOLD:CSD!#!1:HOLD:CSD!#!1:HOLD:CSD!#!F
[2014/02/26 15:04:32][INFO ](SmtIsi_Stdinfo.java:141) -  [SBL_Stdinfo] splitArrayList() result= true
[2014/02/26 15:04:32][INFO ](SmtIsi_Stdinfo.java:139) - [SBL_Stdinfo] splitArrayList() pTemp= [8, 1.0:HOLD:OPSH, 1.0:HOLD:OPSH, 1.0:HOLD:OPSH, F]
[2014/02/26 15:04:32][INFO ](SmtIsi_Stdinfo.java:140) - [SBL_Stdinfo] splitArrayList() pData= 8!#!1.0:HOLD:OPSH!#!1.0:HOLD:OPSH!#!1.0:HOLD:OPSH!#!F
[2014/02/26 15:04:32][INFO ](SmtIsi_Stdinfo.java:141) -  [SBL_Stdinfo] splitArrayList() result= true
[2014/02/26 15:04:32][INFO ](SmtIsi_Stdinfo.java:139) - [SBL_Stdinfo] splitArrayList() pTemp= [69, 0.3:HOLD:PMAP, 0.3:HOLD:PMAP, 0.3:HOLD:PMAP, F]
[2014/02/26 15:04:32][INFO ](SmtIsi_Stdinfo.java:140) - [SBL_Stdinfo] splitArrayList() pData= 69!#!0.3:HOLD:PMAP!#!0.3:HOLD:PMAP!#!0.3:HOLD:PMAP!#!F
[2014/02/26 15:04:32][INFO ](SmtIsi_Stdinfo.java:141) -  [SBL_Stdinfo] splitArrayList() result= true
[2014/02/26 15:04:32][INFO ](SmtIsi_Stdinfo.java:139) - [SBL_Stdinfo] splitArrayList() pTemp= [49, 1:HOLD:X8_W, 1:HOLD:X8_W, 1:HOLD:X8_W, F]
[2014/02/26 15:04:32][INFO ](SmtIsi_Stdinfo.java:140) - [SBL_Stdinfo] splitArrayList() pData= 49!#!1:HOLD:X8_W!#!1:HOLD:X8_W!#!1:HOLD:X8_W!#!F
[2014/02/26 15:04:32][INFO ](SmtIsi_Stdinfo.java:141) -  [SBL_Stdinfo] splitArrayList() result= true
[2014/02/26 15:04:32][INFO ](SmtIsi_Stdinfo.java:139) - [SBL_Stdinfo] splitArrayList() pTemp= [50, 1:HOLD:X8_R, 1:HOLD:X8_R, 1:HOLD:X8_R, F]
[2014/02/26 15:04:32][INFO ](SmtIsi_Stdinfo.java:140) - [SBL_Stdinfo] splitArrayList() pData= 50!#!1:HOLD:X8_R!#!1:HOLD:X8_R!#!1:HOLD:X8_R!#!F
[2014/02/26 15:04:32][INFO ](SmtIsi_Stdinfo.java:141) -  [SBL_Stdinfo] splitArrayList() result= true
[2014/02/26 15:04:32][INFO ](SmtIsi_Stdinfo.java:139) - [SBL_Stdinfo] splitArrayList() pTemp= [99, 3:HOLD:FAIL_SUM, 3:HOLD:ISBF1, 3:HOLD:ISBF1, F]
[2014/02/26 15:04:32][INFO ](SmtIsi_Stdinfo.java:140) - [SBL_Stdinfo] splitArrayList() pData= 99!#!3:HOLD:FAIL_SUM!#!3:HOLD:ISBF1!#!3:HOLD:ISBF1!#!F
[2014/02/26 15:04:32][INFO ](SmtIsi_Stdinfo.java:141) -  [SBL_Stdinfo] splitArrayList() result= true
[2014/02/26 15:04:32][INFO ](SmtIsi_Process.java:43) - 판정 제외1
[2014/02/26 15:04:32][INFO ](SmtIsi_Process.java:49) - MIX 판정
[2014/02/26 15:04:32][INFO ](SmtIsi_Process.java:55) - 판정 제외2
[2014/02/26 15:04:32][INFO ](SmtIsi_Process.java:61) - SubBin 판정
[2014/02/26 15:04:32][INFO ](SmtIsi_JudgeSubbin.java:68) - Check BinNo=10
[2014/02/26 15:04:32][INFO ](SmtIsi_JudgeSubbin.java:68) - Check BinNo=22
[2014/02/26 15:04:32][INFO ](SmtIsi_JudgeSubbin.java:68) - Check BinNo=24
[2014/02/26 15:04:32][INFO ](SmtIsi_JudgeSubbin.java:68) - Check BinNo=23
[2014/02/26 15:04:32][INFO ](SmtIsi_JudgeSubbin.java:68) - Check BinNo=25
[2014/02/26 15:04:32][INFO ](SmtIsi_JudgeSubbin.java:68) - Check BinNo=12
[2014/02/26 15:04:32][INFO ](SmtIsi_JudgeSubbin.java:68) - Check BinNo=8
[2014/02/26 15:04:32][INFO ](SmtIsi_JudgeSubbin.java:68) - Check BinNo=69
[2014/02/26 15:04:32][INFO ](SmtIsi_JudgeSubbin.java:68) - Check BinNo=49
[2014/02/26 15:04:32][INFO ](SmtIsi_JudgeSubbin.java:68) - Check BinNo=50
[2014/02/26 15:04:32][INFO ](SmtIsi_JudgeSubbin.java:68) - Check BinNo=99
[2014/02/26 15:04:32][INFO ](SmtIsi_Process.java:68) - Yield 판정
[2014/02/26 15:05:14][INFO ](SmtIsi_Process.java:75) - NOT 판정
[2014/02/26 15:05:22][INFO ](SmtIsi_Process.java:82) - LOS 판정
[2014/02/26 18:50:11][INFO ](SmtOscar_Main.java:153) - [SmtOscar File Read] A_140226_QA-LAB_T070FUL_mu01_20140226164752_00.osc
[2014/02/26 18:50:11][INFO ](SmtOscar_Hist_FileCheck.java:122) - [FileCheck] NORMAL
[2014/02/26 18:50:11][INFO ](SmtOscar_Hist_FileProcess.java:302) - SORT : 6:1,7:4,
[2014/02/26 18:50:17][INFO ](SmtIsi_Stdinfo.java:151) - [SBL_Stdinfo] splitSubBin() ****sData=10!#!1:HOLD:PrimeCSD!#!1:HOLD:PrimeCSD!#!1:HOLD:PrimeCSD!#!F@#@22!#!1:HOLD:ISBC1!#!1:HOLD:ISBC1!#!1:HOLD:ISBC1!#!F@#@24!#!1:HOLD:ISBC2!#!1:HOLD:ISBC2!#!1:HOLD:ISBC2!#!F@#@23!#!1:HOLD:ISBF1!#!1:HOLD:ISBF1!#!1:HOLD:ISBF1!#!F@#@25!#!1:HOLD:ISBF2!#!1:HOLD:ISBF2!#!1:HOLD:ISBF2!#!F@#@12!#!1:HOLD:CSD!#!1:HOLD:CSD!#!1:HOLD:CSD!#!F@#@8!#!1.0:HOLD:OPSH!#!1.0:HOLD:OPSH!#!1.0:HOLD:OPSH!#!F@#@69!#!0.3:HOLD:PMAP!#!0.3:HOLD:PMAP!#!0.3:HOLD:PMAP!#!F@#@49!#!1:HOLD:X8_W!#!1:HOLD:X8_W!#!1:HOLD:X8_W!#!F@#@50!#!1:HOLD:X8_R!#!1:HOLD:X8_R!#!1:HOLD:X8_R!#!F@#@99!#!3:HOLD:FAIL_SUM!#!3:HOLD:ISBF1!#!3:HOLD:ISBF1!#!F@#@
[2014/02/26 18:50:17][INFO ](SmtIsi_Stdinfo.java:139) - [SBL_Stdinfo] splitArrayList() pTemp= [10, 1:HOLD:PrimeCSD, 1:HOLD:PrimeCSD, 1:HOLD:PrimeCSD, F]
[2014/02/26 18:50:17][INFO ](SmtIsi_Stdinfo.java:140) - [SBL_Stdinfo] splitArrayList() pData= 10!#!1:HOLD:PrimeCSD!#!1:HOLD:PrimeCSD!#!1:HOLD:PrimeCSD!#!F
[2014/02/26 18:50:17][INFO ](SmtIsi_Stdinfo.java:141) -  [SBL_Stdinfo] splitArrayList() result= true
[2014/02/26 18:50:17][INFO ](SmtIsi_Stdinfo.java:139) - [SBL_Stdinfo] splitArrayList() pTemp= [22, 1:HOLD:ISBC1, 1:HOLD:ISBC1, 1:HOLD:ISBC1, F]
[2014/02/26 18:50:17][INFO ](SmtIsi_Stdinfo.java:140) - [SBL_Stdinfo] splitArrayList() pData= 22!#!1:HOLD:ISBC1!#!1:HOLD:ISBC1!#!1:HOLD:ISBC1!#!F
[2014/02/26 18:50:17][INFO ](SmtIsi_Stdinfo.java:141) -  [SBL_Stdinfo] splitArrayList() result= true
[2014/02/26 18:50:17][INFO ](SmtIsi_Stdinfo.java:139) - [SBL_Stdinfo] splitArrayList() pTemp= [24, 1:HOLD:ISBC2, 1:HOLD:ISBC2, 1:HOLD:ISBC2, F]
[2014/02/26 18:50:17][INFO ](SmtIsi_Stdinfo.java:140) - [SBL_Stdinfo] splitArrayList() pData= 24!#!1:HOLD:ISBC2!#!1:HOLD:ISBC2!#!1:HOLD:ISBC2!#!F
[2014/02/26 18:50:17][INFO ](SmtIsi_Stdinfo.java:141) -  [SBL_Stdinfo] splitArrayList() result= true
[2014/02/26 18:50:17][INFO ](SmtIsi_Stdinfo.java:139) - [SBL_Stdinfo] splitArrayList() pTemp= [23, 1:HOLD:ISBF1, 1:HOLD:ISBF1, 1:HOLD:ISBF1, F]
[2014/02/26 18:50:17][INFO ](SmtIsi_Stdinfo.java:140) - [SBL_Stdinfo] splitArrayList() pData= 23!#!1:HOLD:ISBF1!#!1:HOLD:ISBF1!#!1:HOLD:ISBF1!#!F
[2014/02/26 18:50:17][INFO ](SmtIsi_Stdinfo.java:141) -  [SBL_Stdinfo] splitArrayList() result= true
[2014/02/26 18:50:17][INFO ](SmtIsi_Stdinfo.java:139) - [SBL_Stdinfo] splitArrayList() pTemp= [25, 1:HOLD:ISBF2, 1:HOLD:ISBF2, 1:HOLD:ISBF2, F]
[2014/02/26 18:50:17][INFO ](SmtIsi_Stdinfo.java:140) - [SBL_Stdinfo] splitArrayList() pData= 25!#!1:HOLD:ISBF2!#!1:HOLD:ISBF2!#!1:HOLD:ISBF2!#!F
[2014/02/26 18:50:17][INFO ](SmtIsi_Stdinfo.java:141) -  [SBL_Stdinfo] splitArrayList() result= true
[2014/02/26 18:50:17][INFO ](SmtIsi_Stdinfo.java:139) - [SBL_Stdinfo] splitArrayList() pTemp= [12, 1:HOLD:CSD, 1:HOLD:CSD, 1:HOLD:CSD, F]
[2014/02/26 18:50:17][INFO ](SmtIsi_Stdinfo.java:140) - [SBL_Stdinfo] splitArrayList() pData= 12!#!1:HOLD:CSD!#!1:HOLD:CSD!#!1:HOLD:CSD!#!F
[2014/02/26 18:50:17][INFO ](SmtIsi_Stdinfo.java:141) -  [SBL_Stdinfo] splitArrayList() result= true
[2014/02/26 18:50:17][INFO ](SmtIsi_Stdinfo.java:139) - [SBL_Stdinfo] splitArrayList() pTemp= [8, 1.0:HOLD:OPSH, 1.0:HOLD:OPSH, 1.0:HOLD:OPSH, F]
[2014/02/26 18:50:17][INFO ](SmtIsi_Stdinfo.java:140) - [SBL_Stdinfo] splitArrayList() pData= 8!#!1.0:HOLD:OPSH!#!1.0:HOLD:OPSH!#!1.0:HOLD:OPSH!#!F
[2014/02/26 18:50:17][INFO ](SmtIsi_Stdinfo.java:141) -  [SBL_Stdinfo] splitArrayList() result= true
[2014/02/26 18:50:17][INFO ](SmtIsi_Stdinfo.java:139) - [SBL_Stdinfo] splitArrayList() pTemp= [69, 0.3:HOLD:PMAP, 0.3:HOLD:PMAP, 0.3:HOLD:PMAP, F]
[2014/02/26 18:50:17][INFO ](SmtIsi_Stdinfo.java:140) - [SBL_Stdinfo] splitArrayList() pData= 69!#!0.3:HOLD:PMAP!#!0.3:HOLD:PMAP!#!0.3:HOLD:PMAP!#!F
[2014/02/26 18:50:17][INFO ](SmtIsi_Stdinfo.java:141) -  [SBL_Stdinfo] splitArrayList() result= true
[2014/02/26 18:50:17][INFO ](SmtIsi_Stdinfo.java:139) - [SBL_Stdinfo] splitArrayList() pTemp= [49, 1:HOLD:X8_W, 1:HOLD:X8_W, 1:HOLD:X8_W, F]
[2014/02/26 18:50:17][INFO ](SmtIsi_Stdinfo.java:140) - [SBL_Stdinfo] splitArrayList() pData= 49!#!1:HOLD:X8_W!#!1:HOLD:X8_W!#!1:HOLD:X8_W!#!F
[2014/02/26 18:50:17][INFO ](SmtIsi_Stdinfo.java:141) -  [SBL_Stdinfo] splitArrayList() result= true
[2014/02/26 18:50:17][INFO ](SmtIsi_Stdinfo.java:139) - [SBL_Stdinfo] splitArrayList() pTemp= [50, 1:HOLD:X8_R, 1:HOLD:X8_R, 1:HOLD:X8_R, F]
[2014/02/26 18:50:17][INFO ](SmtIsi_Stdinfo.java:140) - [SBL_Stdinfo] splitArrayList() pData= 50!#!1:HOLD:X8_R!#!1:HOLD:X8_R!#!1:HOLD:X8_R!#!F
[2014/02/26 18:50:17][INFO ](SmtIsi_Stdinfo.java:141) -  [SBL_Stdinfo] splitArrayList() result= true
[2014/02/26 18:50:17][INFO ](SmtIsi_Stdinfo.java:139) - [SBL_Stdinfo] splitArrayList() pTemp= [99, 3:HOLD:FAIL_SUM, 3:HOLD:ISBF1, 3:HOLD:ISBF1, F]
[2014/02/26 18:50:17][INFO ](SmtIsi_Stdinfo.java:140) - [SBL_Stdinfo] splitArrayList() pData= 99!#!3:HOLD:FAIL_SUM!#!3:HOLD:ISBF1!#!3:HOLD:ISBF1!#!F
[2014/02/26 18:50:17][INFO ](SmtIsi_Stdinfo.java:141) -  [SBL_Stdinfo] splitArrayList() result= true
[2014/02/26 18:50:17][INFO ](SmtIsi_Process.java:43) - 판정 제외1
[2014/02/26 18:50:17][INFO ](SmtIsi_Process.java:49) - MIX 판정
[2014/02/26 18:50:17][INFO ](SmtIsi_Process.java:55) - 판정 제외2
[2014/02/26 18:50:39][INFO ](SmtIsi_Process.java:61) - SubBin 판정
[2014/02/26 18:50:43][INFO ](SmtIsi_JudgeSubbin.java:68) - Check BinNo=10
[2014/02/26 18:50:43][INFO ](SmtIsi_JudgeSubbin.java:68) - Check BinNo=22
[2014/02/26 18:50:43][INFO ](SmtIsi_JudgeSubbin.java:68) - Check BinNo=24
[2014/02/26 18:50:43][INFO ](SmtIsi_JudgeSubbin.java:68) - Check BinNo=23
[2014/02/26 18:50:43][INFO ](SmtIsi_JudgeSubbin.java:68) - Check BinNo=25
[2014/02/26 18:50:43][INFO ](SmtIsi_JudgeSubbin.java:68) - Check BinNo=12
[2014/02/26 18:50:43][INFO ](SmtIsi_JudgeSubbin.java:68) - Check BinNo=8
[2014/02/26 18:50:43][INFO ](SmtIsi_JudgeSubbin.java:68) - Check BinNo=69
[2014/02/26 18:50:43][INFO ](SmtIsi_JudgeSubbin.java:68) - Check BinNo=49
[2014/02/26 18:50:43][INFO ](SmtIsi_JudgeSubbin.java:68) - Check BinNo=50
[2014/02/26 18:50:43][INFO ](SmtIsi_JudgeSubbin.java:68) - Check BinNo=99
[2014/02/26 18:51:05][INFO ](SmtOscar_Main.java:153) - [SmtOscar File Read] A_140226_QA-LAB_T070FUL_mu01_20140226164752_00.osc
[2014/02/26 18:51:05][INFO ](SmtOscar_Hist_FileCheck.java:122) - [FileCheck] NORMAL
[2014/02/26 18:51:05][INFO ](SmtOscar_Hist_FileProcess.java:302) - SORT : 6:1,7:4,
[2014/02/26 18:51:06][INFO ](SmtIsi_Stdinfo.java:151) - [SBL_Stdinfo] splitSubBin() ****sData=10!#!1:HOLD:PrimeCSD!#!1:HOLD:PrimeCSD!#!1:HOLD:PrimeCSD!#!F@#@22!#!1:HOLD:ISBC1!#!1:HOLD:ISBC1!#!1:HOLD:ISBC1!#!F@#@24!#!1:HOLD:ISBC2!#!1:HOLD:ISBC2!#!1:HOLD:ISBC2!#!F@#@23!#!1:HOLD:ISBF1!#!1:HOLD:ISBF1!#!1:HOLD:ISBF1!#!F@#@25!#!1:HOLD:ISBF2!#!1:HOLD:ISBF2!#!1:HOLD:ISBF2!#!F@#@12!#!1:HOLD:CSD!#!1:HOLD:CSD!#!1:HOLD:CSD!#!F@#@8!#!1.0:HOLD:OPSH!#!1.0:HOLD:OPSH!#!1.0:HOLD:OPSH!#!F@#@69!#!0.3:HOLD:PMAP!#!0.3:HOLD:PMAP!#!0.3:HOLD:PMAP!#!F@#@49!#!1:HOLD:X8_W!#!1:HOLD:X8_W!#!1:HOLD:X8_W!#!F@#@50!#!1:HOLD:X8_R!#!1:HOLD:X8_R!#!1:HOLD:X8_R!#!F@#@99!#!3:HOLD:FAIL_SUM!#!3:HOLD:ISBF1!#!3:HOLD:ISBF1!#!F@#@
[2014/02/26 18:51:06][INFO ](SmtIsi_Stdinfo.java:139) - [SBL_Stdinfo] splitArrayList() pTemp= [10, 1:HOLD:PrimeCSD, 1:HOLD:PrimeCSD, 1:HOLD:PrimeCSD, F]
[2014/02/26 18:51:06][INFO ](SmtIsi_Stdinfo.java:140) - [SBL_Stdinfo] splitArrayList() pData= 10!#!1:HOLD:PrimeCSD!#!1:HOLD:PrimeCSD!#!1:HOLD:PrimeCSD!#!F
[2014/02/26 18:51:06][INFO ](SmtIsi_Stdinfo.java:141) -  [SBL_Stdinfo] splitArrayList() result= true
[2014/02/26 18:51:06][INFO ](SmtIsi_Stdinfo.java:139) - [SBL_Stdinfo] splitArrayList() pTemp= [22, 1:HOLD:ISBC1, 1:HOLD:ISBC1, 1:HOLD:ISBC1, F]
[2014/02/26 18:51:06][INFO ](SmtIsi_Stdinfo.java:140) - [SBL_Stdinfo] splitArrayList() pData= 22!#!1:HOLD:ISBC1!#!1:HOLD:ISBC1!#!1:HOLD:ISBC1!#!F
[2014/02/26 18:51:06][INFO ](SmtIsi_Stdinfo.java:141) -  [SBL_Stdinfo] splitArrayList() result= true
[2014/02/26 18:51:06][INFO ](SmtIsi_Stdinfo.java:139) - [SBL_Stdinfo] splitArrayList() pTemp= [24, 1:HOLD:ISBC2, 1:HOLD:ISBC2, 1:HOLD:ISBC2, F]
[2014/02/26 18:51:06][INFO ](SmtIsi_Stdinfo.java:140) - [SBL_Stdinfo] splitArrayList() pData= 24!#!1:HOLD:ISBC2!#!1:HOLD:ISBC2!#!1:HOLD:ISBC2!#!F
[2014/02/26 18:51:06][INFO ](SmtIsi_Stdinfo.java:141) -  [SBL_Stdinfo] splitArrayList() result= true
[2014/02/26 18:51:06][INFO ](SmtIsi_Stdinfo.java:139) - [SBL_Stdinfo] splitArrayList() pTemp= [23, 1:HOLD:ISBF1, 1:HOLD:ISBF1, 1:HOLD:ISBF1, F]
[2014/02/26 18:51:06][INFO ](SmtIsi_Stdinfo.java:140) - [SBL_Stdinfo] splitArrayList() pData= 23!#!1:HOLD:ISBF1!#!1:HOLD:ISBF1!#!1:HOLD:ISBF1!#!F
[2014/02/26 18:51:06][INFO ](SmtIsi_Stdinfo.java:141) -  [SBL_Stdinfo] splitArrayList() result= true
[2014/02/26 18:51:06][INFO ](SmtIsi_Stdinfo.java:139) - [SBL_Stdinfo] splitArrayList() pTemp= [25, 1:HOLD:ISBF2, 1:HOLD:ISBF2, 1:HOLD:ISBF2, F]
[2014/02/26 18:51:06][INFO ](SmtIsi_Stdinfo.java:140) - [SBL_Stdinfo] splitArrayList() pData= 25!#!1:HOLD:ISBF2!#!1:HOLD:ISBF2!#!1:HOLD:ISBF2!#!F
[2014/02/26 18:51:06][INFO ](SmtIsi_Stdinfo.java:141) -  [SBL_Stdinfo] splitArrayList() result= true
[2014/02/26 18:51:06][INFO ](SmtIsi_Stdinfo.java:139) - [SBL_Stdinfo] splitArrayList() pTemp= [12, 1:HOLD:CSD, 1:HOLD:CSD, 1:HOLD:CSD, F]
[2014/02/26 18:51:06][INFO ](SmtIsi_Stdinfo.java:140) - [SBL_Stdinfo] splitArrayList() pData= 12!#!1:HOLD:CSD!#!1:HOLD:CSD!#!1:HOLD:CSD!#!F
[2014/02/26 18:51:06][INFO ](SmtIsi_Stdinfo.java:141) -  [SBL_Stdinfo] splitArrayList() result= true
[2014/02/26 18:51:06][INFO ](SmtIsi_Stdinfo.java:139) - [SBL_Stdinfo] splitArrayList() pTemp= [8, 1.0:HOLD:OPSH, 1.0:HOLD:OPSH, 1.0:HOLD:OPSH, F]
[2014/02/26 18:51:06][INFO ](SmtIsi_Stdinfo.java:140) - [SBL_Stdinfo] splitArrayList() pData= 8!#!1.0:HOLD:OPSH!#!1.0:HOLD:OPSH!#!1.0:HOLD:OPSH!#!F
[2014/02/26 18:51:06][INFO ](SmtIsi_Stdinfo.java:141) -  [SBL_Stdinfo] splitArrayList() result= true
[2014/02/26 18:51:06][INFO ](SmtIsi_Stdinfo.java:139) - [SBL_Stdinfo] splitArrayList() pTemp= [69, 0.3:HOLD:PMAP, 0.3:HOLD:PMAP, 0.3:HOLD:PMAP, F]
[2014/02/26 18:51:06][INFO ](SmtIsi_Stdinfo.java:140) - [SBL_Stdinfo] splitArrayList() pData= 69!#!0.3:HOLD:PMAP!#!0.3:HOLD:PMAP!#!0.3:HOLD:PMAP!#!F
[2014/02/26 18:51:06][INFO ](SmtIsi_Stdinfo.java:141) -  [SBL_Stdinfo] splitArrayList() result= true
[2014/02/26 18:51:06][INFO ](SmtIsi_Stdinfo.java:139) - [SBL_Stdinfo] splitArrayList() pTemp= [49, 1:HOLD:X8_W, 1:HOLD:X8_W, 1:HOLD:X8_W, F]
[2014/02/26 18:51:06][INFO ](SmtIsi_Stdinfo.java:140) - [SBL_Stdinfo] splitArrayList() pData= 49!#!1:HOLD:X8_W!#!1:HOLD:X8_W!#!1:HOLD:X8_W!#!F
[2014/02/26 18:51:06][INFO ](SmtIsi_Stdinfo.java:141) -  [SBL_Stdinfo] splitArrayList() result= true
[2014/02/26 18:51:06][INFO ](SmtIsi_Stdinfo.java:139) - [SBL_Stdinfo] splitArrayList() pTemp= [50, 1:HOLD:X8_R, 1:HOLD:X8_R, 1:HOLD:X8_R, F]
[2014/02/26 18:51:06][INFO ](SmtIsi_Stdinfo.java:140) - [SBL_Stdinfo] splitArrayList() pData= 50!#!1:HOLD:X8_R!#!1:HOLD:X8_R!#!1:HOLD:X8_R!#!F
[2014/02/26 18:51:06][INFO ](SmtIsi_Stdinfo.java:141) -  [SBL_Stdinfo] splitArrayList() result= true
[2014/02/26 18:51:06][INFO ](SmtIsi_Stdinfo.java:139) - [SBL_Stdinfo] splitArrayList() pTemp= [99, 3:HOLD:FAIL_SUM, 3:HOLD:ISBF1, 3:HOLD:ISBF1, F]
[2014/02/26 18:51:06][INFO ](SmtIsi_Stdinfo.java:140) - [SBL_Stdinfo] splitArrayList() pData= 99!#!3:HOLD:FAIL_SUM!#!3:HOLD:ISBF1!#!3:HOLD:ISBF1!#!F
[2014/02/26 18:51:06][INFO ](SmtIsi_Stdinfo.java:141) -  [SBL_Stdinfo] splitArrayList() result= true
[2014/02/26 18:51:06][INFO ](SmtIsi_Process.java:43) - 판정 제외1
[2014/02/26 18:51:06][INFO ](SmtIsi_Process.java:49) - MIX 판정
[2014/02/26 18:51:06][INFO ](SmtIsi_Process.java:55) - 판정 제외2
[2014/02/26 18:51:09][INFO ](SmtIsi_Process.java:61) - SubBin 판정
[2014/02/26 18:55:09][INFO ](SmtOscar_Main.java:153) - [SmtOscar File Read] A_140226_QA-LAB_T070FUL_mu01_20140226164752_00.osc
[2014/02/26 18:55:09][INFO ](SmtOscar_Hist_FileCheck.java:122) - [FileCheck] NORMAL
[2014/02/26 18:55:09][INFO ](SmtOscar_Hist_FileProcess.java:302) - SORT : 6:1,7:4,
[2014/02/26 18:55:09][INFO ](SmtIsi_Stdinfo.java:151) - [SBL_Stdinfo] splitSubBin() ****sData=10!#!1:HOLD:PrimeCSD!#!1:HOLD:PrimeCSD!#!1:HOLD:PrimeCSD!#!F@#@22!#!1:HOLD:ISBC1!#!1:HOLD:ISBC1!#!1:HOLD:ISBC1!#!F@#@24!#!1:HOLD:ISBC2!#!1:HOLD:ISBC2!#!1:HOLD:ISBC2!#!F@#@23!#!1:HOLD:ISBF1!#!1:HOLD:ISBF1!#!1:HOLD:ISBF1!#!F@#@25!#!1:HOLD:ISBF2!#!1:HOLD:ISBF2!#!1:HOLD:ISBF2!#!F@#@12!#!1:HOLD:CSD!#!1:HOLD:CSD!#!1:HOLD:CSD!#!F@#@8!#!1.0:HOLD:OPSH!#!1.0:HOLD:OPSH!#!1.0:HOLD:OPSH!#!F@#@69!#!0.3:HOLD:PMAP!#!0.3:HOLD:PMAP!#!0.3:HOLD:PMAP!#!F@#@49!#!1:HOLD:X8_W!#!1:HOLD:X8_W!#!1:HOLD:X8_W!#!F@#@50!#!1:HOLD:X8_R!#!1:HOLD:X8_R!#!1:HOLD:X8_R!#!F@#@99!#!3:HOLD:FAIL_SUM!#!3:HOLD:ISBF1!#!3:HOLD:ISBF1!#!F@#@
[2014/02/26 18:57:01][INFO ](SmtOscar_Main.java:153) - [SmtOscar File Read] A_140226_QA-LAB_T070FUL_mu01_20140226164752_00.osc
[2014/02/26 18:57:01][INFO ](SmtOscar_Hist_FileCheck.java:122) - [FileCheck] NORMAL
[2014/02/26 18:57:01][INFO ](SmtOscar_Hist_FileProcess.java:302) - SORT : 6:1,7:4,
[2014/02/26 18:58:44][INFO ](SmtIsi_Stdinfo.java:151) - [SBL_Stdinfo] splitSubBin() ****sData=10!#!1:HOLD:PrimeCSD!#!1:HOLD:PrimeCSD!#!1:HOLD:PrimeCSD!#!F@#@22!#!1:HOLD:ISBC1!#!1:HOLD:ISBC1!#!1:HOLD:ISBC1!#!F@#@24!#!1:HOLD:ISBC2!#!1:HOLD:ISBC2!#!1:HOLD:ISBC2!#!F@#@23!#!1:HOLD:ISBF1!#!1:HOLD:ISBF1!#!1:HOLD:ISBF1!#!F@#@25!#!1:HOLD:ISBF2!#!1:HOLD:ISBF2!#!1:HOLD:ISBF2!#!F@#@12!#!1:HOLD:CSD!#!1:HOLD:CSD!#!1:HOLD:CSD!#!F@#@8!#!1.0:HOLD:OPSH!#!1.0:HOLD:OPSH!#!1.0:HOLD:OPSH!#!F@#@69!#!0.3:HOLD:PMAP!#!0.3:HOLD:PMAP!#!0.3:HOLD:PMAP!#!F@#@49!#!1:HOLD:X8_W!#!1:HOLD:X8_W!#!1:HOLD:X8_W!#!F@#@50!#!1:HOLD:X8_R!#!1:HOLD:X8_R!#!1:HOLD:X8_R!#!F@#@99!#!3:HOLD:FAIL_SUM!#!3:HOLD:ISBF1!#!3:HOLD:ISBF1!#!F@#@
[2014/02/26 18:58:54][INFO ](SmtIsi_Stdinfo.java:139) - [SBL_Stdinfo] splitArrayList() pTemp= [10, 1:HOLD:PrimeCSD, 1:HOLD:PrimeCSD, 1:HOLD:PrimeCSD, F]
[2014/02/26 18:58:54][INFO ](SmtIsi_Stdinfo.java:140) - [SBL_Stdinfo] splitArrayList() pData= 10!#!1:HOLD:PrimeCSD!#!1:HOLD:PrimeCSD!#!1:HOLD:PrimeCSD!#!F
[2014/02/26 18:58:54][INFO ](SmtIsi_Stdinfo.java:141) -  [SBL_Stdinfo] splitArrayList() result= true
[2014/02/26 18:58:54][INFO ](SmtIsi_Stdinfo.java:139) - [SBL_Stdinfo] splitArrayList() pTemp= [22, 1:HOLD:ISBC1, 1:HOLD:ISBC1, 1:HOLD:ISBC1, F]
[2014/02/26 18:58:54][INFO ](SmtIsi_Stdinfo.java:140) - [SBL_Stdinfo] splitArrayList() pData= 22!#!1:HOLD:ISBC1!#!1:HOLD:ISBC1!#!1:HOLD:ISBC1!#!F
[2014/02/26 18:58:54][INFO ](SmtIsi_Stdinfo.java:141) -  [SBL_Stdinfo] splitArrayList() result= true
[2014/02/26 18:58:54][INFO ](SmtIsi_Stdinfo.java:139) - [SBL_Stdinfo] splitArrayList() pTemp= [24, 1:HOLD:ISBC2, 1:HOLD:ISBC2, 1:HOLD:ISBC2, F]
[2014/02/26 18:58:54][INFO ](SmtIsi_Stdinfo.java:140) - [SBL_Stdinfo] splitArrayList() pData= 24!#!1:HOLD:ISBC2!#!1:HOLD:ISBC2!#!1:HOLD:ISBC2!#!F
[2014/02/26 18:58:54][INFO ](SmtIsi_Stdinfo.java:141) -  [SBL_Stdinfo] splitArrayList() result= true
[2014/02/26 18:58:54][INFO ](SmtIsi_Stdinfo.java:139) - [SBL_Stdinfo] splitArrayList() pTemp= [23, 1:HOLD:ISBF1, 1:HOLD:ISBF1, 1:HOLD:ISBF1, F]
[2014/02/26 18:58:54][INFO ](SmtIsi_Stdinfo.java:140) - [SBL_Stdinfo] splitArrayList() pData= 23!#!1:HOLD:ISBF1!#!1:HOLD:ISBF1!#!1:HOLD:ISBF1!#!F
[2014/02/26 18:58:54][INFO ](SmtIsi_Stdinfo.java:141) -  [SBL_Stdinfo] splitArrayList() result= true
[2014/02/26 18:58:54][INFO ](SmtIsi_Stdinfo.java:139) - [SBL_Stdinfo] splitArrayList() pTemp= [25, 1:HOLD:ISBF2, 1:HOLD:ISBF2, 1:HOLD:ISBF2, F]
[2014/02/26 18:58:54][INFO ](SmtIsi_Stdinfo.java:140) - [SBL_Stdinfo] splitArrayList() pData= 25!#!1:HOLD:ISBF2!#!1:HOLD:ISBF2!#!1:HOLD:ISBF2!#!F
[2014/02/26 18:58:54][INFO ](SmtIsi_Stdinfo.java:141) -  [SBL_Stdinfo] splitArrayList() result= true
[2014/02/26 18:58:54][INFO ](SmtIsi_Stdinfo.java:139) - [SBL_Stdinfo] splitArrayList() pTemp= [12, 1:HOLD:CSD, 1:HOLD:CSD, 1:HOLD:CSD, F]
[2014/02/26 18:58:54][INFO ](SmtIsi_Stdinfo.java:140) - [SBL_Stdinfo] splitArrayList() pData= 12!#!1:HOLD:CSD!#!1:HOLD:CSD!#!1:HOLD:CSD!#!F
[2014/02/26 18:58:54][INFO ](SmtIsi_Stdinfo.java:141) -  [SBL_Stdinfo] splitArrayList() result= true
[2014/02/26 18:58:54][INFO ](SmtIsi_Stdinfo.java:139) - [SBL_Stdinfo] splitArrayList() pTemp= [8, 1.0:HOLD:OPSH, 1.0:HOLD:OPSH, 1.0:HOLD:OPSH, F]
[2014/02/26 18:58:54][INFO ](SmtIsi_Stdinfo.java:140) - [SBL_Stdinfo] splitArrayList() pData= 8!#!1.0:HOLD:OPSH!#!1.0:HOLD:OPSH!#!1.0:HOLD:OPSH!#!F
[2014/02/26 18:58:54][INFO ](SmtIsi_Stdinfo.java:141) -  [SBL_Stdinfo] splitArrayList() result= true
[2014/02/26 18:58:54][INFO ](SmtIsi_Stdinfo.java:139) - [SBL_Stdinfo] splitArrayList() pTemp= [69, 0.3:HOLD:PMAP, 0.3:HOLD:PMAP, 0.3:HOLD:PMAP, F]
[2014/02/26 18:58:54][INFO ](SmtIsi_Stdinfo.java:140) - [SBL_Stdinfo] splitArrayList() pData= 69!#!0.3:HOLD:PMAP!#!0.3:HOLD:PMAP!#!0.3:HOLD:PMAP!#!F
[2014/02/26 18:58:54][INFO ](SmtIsi_Stdinfo.java:141) -  [SBL_Stdinfo] splitArrayList() result= true
[2014/02/26 18:58:54][INFO ](SmtIsi_Stdinfo.java:139) - [SBL_Stdinfo] splitArrayList() pTemp= [49, 1:HOLD:X8_W, 1:HOLD:X8_W, 1:HOLD:X8_W, F]
[2014/02/26 18:58:54][INFO ](SmtIsi_Stdinfo.java:140) - [SBL_Stdinfo] splitArrayList() pData= 49!#!1:HOLD:X8_W!#!1:HOLD:X8_W!#!1:HOLD:X8_W!#!F
[2014/02/26 18:58:54][INFO ](SmtIsi_Stdinfo.java:141) -  [SBL_Stdinfo] splitArrayList() result= true
[2014/02/26 18:58:54][INFO ](SmtIsi_Stdinfo.java:139) - [SBL_Stdinfo] splitArrayList() pTemp= [50, 1:HOLD:X8_R, 1:HOLD:X8_R, 1:HOLD:X8_R, F]
[2014/02/26 18:58:54][INFO ](SmtIsi_Stdinfo.java:140) - [SBL_Stdinfo] splitArrayList() pData= 50!#!1:HOLD:X8_R!#!1:HOLD:X8_R!#!1:HOLD:X8_R!#!F
[2014/02/26 18:58:54][INFO ](SmtIsi_Stdinfo.java:141) -  [SBL_Stdinfo] splitArrayList() result= true
[2014/02/26 18:58:54][INFO ](SmtIsi_Stdinfo.java:139) - [SBL_Stdinfo] splitArrayList() pTemp= [99, 3:HOLD:FAIL_SUM, 3:HOLD:ISBF1, 3:HOLD:ISBF1, F]
[2014/02/26 18:58:54][INFO ](SmtIsi_Stdinfo.java:140) - [SBL_Stdinfo] splitArrayList() pData= 99!#!3:HOLD:FAIL_SUM!#!3:HOLD:ISBF1!#!3:HOLD:ISBF1!#!F
[2014/02/26 18:58:54][INFO ](SmtIsi_Stdinfo.java:141) -  [SBL_Stdinfo] splitArrayList() result= true
[2014/02/26 18:58:54][INFO ](SmtIsi_Process.java:43) - 판정 제외1
[2014/02/26 18:58:54][INFO ](SmtIsi_Process.java:49) - MIX 판정
[2014/02/26 18:58:54][INFO ](SmtIsi_Process.java:55) - 판정 제외2
[2014/02/26 18:58:54][INFO ](SmtIsi_Process.java:61) - SubBin 판정
[2014/02/26 18:59:32][INFO ](SmtIsi_JudgeSubbin.java:68) - Check BinNo=10
[2014/02/26 19:00:01][INFO ](SmtIsi_JudgeSubbin.java:68) - Check BinNo=22
[2014/02/26 19:04:06][INFO ](SmtOscar_Main.java:153) - [SmtOscar File Read] A_140226_QA-LAB_T070FUL_mu01_20140226164752_00.osc
[2014/02/26 19:04:06][INFO ](SmtOscar_Hist_FileCheck.java:122) - [FileCheck] NORMAL
[2014/02/26 19:04:06][INFO ](SmtOscar_Hist_FileProcess.java:302) - SORT : 6:1,7:4,
[2014/02/26 19:04:06][ERROR](SmtIsi_Parameter.java:219) - java.lang.NumberFormatException: For input string: "23:1,24:1,71:2,73:1,99:1,115:4,"
[2014/02/26 19:04:06][ERROR](SmtIsi_Parameter.java:195) - splitSubbin(): PRIME_SUBBIN
[2014/02/26 19:04:06][ERROR](SmtIsi_Process.java:20) - 140226_QA-LAB Parameter
[2014/02/26 19:04:11][INFO ](SmtIsi_Stdinfo.java:151) - [SBL_Stdinfo] splitSubBin() ****sData=10!#!1:HOLD:PrimeCSD!#!1:HOLD:PrimeCSD!#!1:HOLD:PrimeCSD!#!F@#@22!#!1:HOLD:ISBC1!#!1:HOLD:ISBC1!#!1:HOLD:ISBC1!#!F@#@24!#!1:HOLD:ISBC2!#!1:HOLD:ISBC2!#!1:HOLD:ISBC2!#!F@#@23!#!1:HOLD:ISBF1!#!1:HOLD:ISBF1!#!1:HOLD:ISBF1!#!F@#@25!#!1:HOLD:ISBF2!#!1:HOLD:ISBF2!#!1:HOLD:ISBF2!#!F@#@12!#!1:HOLD:CSD!#!1:HOLD:CSD!#!1:HOLD:CSD!#!F@#@8!#!1.0:HOLD:OPSH!#!1.0:HOLD:OPSH!#!1.0:HOLD:OPSH!#!F@#@69!#!0.3:HOLD:PMAP!#!0.3:HOLD:PMAP!#!0.3:HOLD:PMAP!#!F@#@49!#!1:HOLD:X8_W!#!1:HOLD:X8_W!#!1:HOLD:X8_W!#!F@#@50!#!1:HOLD:X8_R!#!1:HOLD:X8_R!#!1:HOLD:X8_R!#!F@#@99!#!3:HOLD:FAIL_SUM!#!3:HOLD:ISBF1!#!3:HOLD:ISBF1!#!F@#@
[2014/02/26 19:04:11][INFO ](SmtIsi_Stdinfo.java:139) - [SBL_Stdinfo] splitArrayList() pTemp= [10, 1:HOLD:PrimeCSD, 1:HOLD:PrimeCSD, 1:HOLD:PrimeCSD, F]
[2014/02/26 19:04:11][INFO ](SmtIsi_Stdinfo.java:140) - [SBL_Stdinfo] splitArrayList() pData= 10!#!1:HOLD:PrimeCSD!#!1:HOLD:PrimeCSD!#!1:HOLD:PrimeCSD!#!F
[2014/02/26 19:04:11][INFO ](SmtIsi_Stdinfo.java:141) -  [SBL_Stdinfo] splitArrayList() result= true
[2014/02/26 19:04:11][INFO ](SmtIsi_Stdinfo.java:139) - [SBL_Stdinfo] splitArrayList() pTemp= [22, 1:HOLD:ISBC1, 1:HOLD:ISBC1, 1:HOLD:ISBC1, F]
[2014/02/26 19:04:11][INFO ](SmtIsi_Stdinfo.java:140) - [SBL_Stdinfo] splitArrayList() pData= 22!#!1:HOLD:ISBC1!#!1:HOLD:ISBC1!#!1:HOLD:ISBC1!#!F
[2014/02/26 19:04:11][INFO ](SmtIsi_Stdinfo.java:141) -  [SBL_Stdinfo] splitArrayList() result= true
[2014/02/26 19:04:11][INFO ](SmtIsi_Stdinfo.java:139) - [SBL_Stdinfo] splitArrayList() pTemp= [24, 1:HOLD:ISBC2, 1:HOLD:ISBC2, 1:HOLD:ISBC2, F]
[2014/02/26 19:04:11][INFO ](SmtIsi_Stdinfo.java:140) - [SBL_Stdinfo] splitArrayList() pData= 24!#!1:HOLD:ISBC2!#!1:HOLD:ISBC2!#!1:HOLD:ISBC2!#!F
[2014/02/26 19:04:11][INFO ](SmtIsi_Stdinfo.java:141) -  [SBL_Stdinfo] splitArrayList() result= true
[2014/02/26 19:04:11][INFO ](SmtIsi_Stdinfo.java:139) - [SBL_Stdinfo] splitArrayList() pTemp= [23, 1:HOLD:ISBF1, 1:HOLD:ISBF1, 1:HOLD:ISBF1, F]
[2014/02/26 19:04:11][INFO ](SmtIsi_Stdinfo.java:140) - [SBL_Stdinfo] splitArrayList() pData= 23!#!1:HOLD:ISBF1!#!1:HOLD:ISBF1!#!1:HOLD:ISBF1!#!F
[2014/02/26 19:04:11][INFO ](SmtIsi_Stdinfo.java:141) -  [SBL_Stdinfo] splitArrayList() result= true
[2014/02/26 19:04:11][INFO ](SmtIsi_Stdinfo.java:139) - [SBL_Stdinfo] splitArrayList() pTemp= [25, 1:HOLD:ISBF2, 1:HOLD:ISBF2, 1:HOLD:ISBF2, F]
[2014/02/26 19:04:11][INFO ](SmtIsi_Stdinfo.java:140) - [SBL_Stdinfo] splitArrayList() pData= 25!#!1:HOLD:ISBF2!#!1:HOLD:ISBF2!#!1:HOLD:ISBF2!#!F
[2014/02/26 19:04:11][INFO ](SmtIsi_Stdinfo.java:141) -  [SBL_Stdinfo] splitArrayList() result= true
[2014/02/26 19:04:11][INFO ](SmtIsi_Stdinfo.java:139) - [SBL_Stdinfo] splitArrayList() pTemp= [12, 1:HOLD:CSD, 1:HOLD:CSD, 1:HOLD:CSD, F]
[2014/02/26 19:04:11][INFO ](SmtIsi_Stdinfo.java:140) - [SBL_Stdinfo] splitArrayList() pData= 12!#!1:HOLD:CSD!#!1:HOLD:CSD!#!1:HOLD:CSD!#!F
[2014/02/26 19:04:11][INFO ](SmtIsi_Stdinfo.java:141) -  [SBL_Stdinfo] splitArrayList() result= true
[2014/02/26 19:04:11][INFO ](SmtIsi_Stdinfo.java:139) - [SBL_Stdinfo] splitArrayList() pTemp= [8, 1.0:HOLD:OPSH, 1.0:HOLD:OPSH, 1.0:HOLD:OPSH, F]
[2014/02/26 19:04:11][INFO ](SmtIsi_Stdinfo.java:140) - [SBL_Stdinfo] splitArrayList() pData= 8!#!1.0:HOLD:OPSH!#!1.0:HOLD:OPSH!#!1.0:HOLD:OPSH!#!F
[2014/02/26 19:04:11][INFO ](SmtIsi_Stdinfo.java:141) -  [SBL_Stdinfo] splitArrayList() result= true
[2014/02/26 19:04:11][INFO ](SmtIsi_Stdinfo.java:139) - [SBL_Stdinfo] splitArrayList() pTemp= [69, 0.3:HOLD:PMAP, 0.3:HOLD:PMAP, 0.3:HOLD:PMAP, F]
[2014/02/26 19:04:11][INFO ](SmtIsi_Stdinfo.java:140) - [SBL_Stdinfo] splitArrayList() pData= 69!#!0.3:HOLD:PMAP!#!0.3:HOLD:PMAP!#!0.3:HOLD:PMAP!#!F
[2014/02/26 19:04:11][INFO ](SmtIsi_Stdinfo.java:141) -  [SBL_Stdinfo] splitArrayList() result= true
[2014/02/26 19:04:11][INFO ](SmtIsi_Stdinfo.java:139) - [SBL_Stdinfo] splitArrayList() pTemp= [49, 1:HOLD:X8_W, 1:HOLD:X8_W, 1:HOLD:X8_W, F]
[2014/02/26 19:04:11][INFO ](SmtIsi_Stdinfo.java:140) - [SBL_Stdinfo] splitArrayList() pData= 49!#!1:HOLD:X8_W!#!1:HOLD:X8_W!#!1:HOLD:X8_W!#!F
[2014/02/26 19:04:11][INFO ](SmtIsi_Stdinfo.java:141) -  [SBL_Stdinfo] splitArrayList() result= true
[2014/02/26 19:04:11][INFO ](SmtIsi_Stdinfo.java:139) - [SBL_Stdinfo] splitArrayList() pTemp= [50, 1:HOLD:X8_R, 1:HOLD:X8_R, 1:HOLD:X8_R, F]
[2014/02/26 19:04:11][INFO ](SmtIsi_Stdinfo.java:140) - [SBL_Stdinfo] splitArrayList() pData= 50!#!1:HOLD:X8_R!#!1:HOLD:X8_R!#!1:HOLD:X8_R!#!F
[2014/02/26 19:04:11][INFO ](SmtIsi_Stdinfo.java:141) -  [SBL_Stdinfo] splitArrayList() result= true
[2014/02/26 19:04:11][INFO ](SmtIsi_Stdinfo.java:139) - [SBL_Stdinfo] splitArrayList() pTemp= [99, 3:HOLD:FAIL_SUM, 3:HOLD:ISBF1, 3:HOLD:ISBF1, F]
[2014/02/26 19:04:11][INFO ](SmtIsi_Stdinfo.java:140) - [SBL_Stdinfo] splitArrayList() pData= 99!#!3:HOLD:FAIL_SUM!#!3:HOLD:ISBF1!#!3:HOLD:ISBF1!#!F
[2014/02/26 19:04:11][INFO ](SmtIsi_Stdinfo.java:141) -  [SBL_Stdinfo] splitArrayList() result= true
[2014/02/26 19:04:11][INFO ](SmtIsi_Process.java:43) - 판정 제외1
[2014/02/26 19:04:11][INFO ](SmtIsi_Process.java:49) - MIX 판정
[2014/02/26 19:04:11][INFO ](SmtIsi_Process.java:55) - 판정 제외2
[2014/02/26 19:04:11][INFO ](SmtIsi_Process.java:61) - SubBin 판정
[2014/02/26 19:05:45][INFO ](SmtOscar_Main.java:153) - [SmtOscar File Read] A_140226_QA-LAB_T070FUL_mu01_20140226164752_00.osc
[2014/02/26 19:05:45][INFO ](SmtOscar_Hist_FileCheck.java:122) - [FileCheck] NORMAL
[2014/02/26 19:05:45][INFO ](SmtOscar_Hist_FileProcess.java:302) - SORT : 6:1,7:4,
[2014/02/26 19:06:36][INFO ](SmtOscar_Main.java:153) - [SmtOscar File Read] A_140226_QA-LAB_T070FUL_mu01_20140226164752_00.osc
[2014/02/26 19:06:36][INFO ](SmtOscar_Hist_FileCheck.java:122) - [FileCheck] NORMAL
[2014/02/26 19:06:36][INFO ](SmtOscar_Hist_FileProcess.java:302) - SORT : 6:1,7:4,
[2014/02/26 19:12:06][INFO ](SmtOscar_Main.java:153) - [SmtOscar File Read] A_140226_QA-LAB_T070FUL_mu01_20140226164752_00.osc
[2014/02/26 19:12:06][INFO ](SmtOscar_Hist_FileCheck.java:122) - [FileCheck] NORMAL
[2014/02/26 19:12:06][INFO ](SmtOscar_Hist_FileProcess.java:302) - SORT : 6:1,7:4,
[2014/02/26 19:14:18][INFO ](SmtOscar_Main.java:153) - [SmtOscar File Read] A_140226_QA-LAB_T070FUL_mu01_20140226164752_00.osc
[2014/02/26 19:14:18][INFO ](SmtOscar_Hist_FileCheck.java:122) - [FileCheck] NORMAL
[2014/02/26 19:14:18][INFO ](SmtOscar_Hist_FileProcess.java:302) - SORT : 6:1,7:4,
[2014/02/26 19:17:48][INFO ](SmtOscar_Main.java:153) - [SmtOscar File Read] A_140226_QA-LAB_T070FUL_mu01_20140226164752_00.osc
[2014/02/26 19:17:48][INFO ](SmtOscar_Hist_FileCheck.java:122) - [FileCheck] NORMAL
[2014/02/26 19:17:48][INFO ](SmtOscar_Hist_FileProcess.java:302) - SORT : 6:1,7:4,
[2014/02/26 19:18:54][INFO ](SmtOscar_Main.java:153) - [SmtOscar File Read] A_140226_QA-LAB_T070FUL_mu01_20140226164752_00.osc
[2014/02/26 19:18:54][INFO ](SmtOscar_Hist_FileCheck.java:122) - [FileCheck] NORMAL
[2014/02/26 19:18:54][INFO ](SmtOscar_Hist_FileProcess.java:302) - SORT : 6:1,7:4,
[2014/02/26 19:21:52][INFO ](SmtOscar_Main.java:153) - [SmtOscar File Read] A_140226_QA-LAB_T070FUL_mu01_20140226164752_00.osc
[2014/02/26 19:21:52][INFO ](SmtOscar_Hist_FileCheck.java:122) - [FileCheck] NORMAL
[2014/02/26 19:21:52][INFO ](SmtOscar_Hist_FileProcess.java:302) - SORT : 6:1,7:4,
[2014/02/26 19:22:40][INFO ](SmtOscar_Main.java:153) - [SmtOscar File Read] A_140226_QA-LAB_T070FUL_mu01_20140226164752_00.osc
[2014/02/26 19:22:40][INFO ](SmtOscar_Hist_FileCheck.java:122) - [FileCheck] NORMAL
[2014/02/26 19:22:40][INFO ](SmtOscar_Hist_FileProcess.java:302) - SORT : 6:1,7:4,
[2014/02/26 19:24:48][INFO ](SmtOscar_Main.java:153) - [SmtOscar File Read] A_140226_QA-LAB_T070FUL_mu01_20140226164752_00.osc
[2014/02/26 19:24:48][INFO ](SmtOscar_Hist_FileCheck.java:122) - [FileCheck] NORMAL
[2014/02/26 19:24:48][INFO ](SmtOscar_Hist_FileProcess.java:302) - SORT : 6:1,7:4,
[2014/02/26 19:25:56][INFO ](SmtOscar_Main.java:153) - [SmtOscar File Read] A_140226_QA-LAB_T070FUL_mu01_20140226164752_00.osc
[2014/02/26 19:25:56][INFO ](SmtOscar_Hist_FileCheck.java:122) - [FileCheck] NORMAL
[2014/02/26 19:25:56][INFO ](SmtOscar_Hist_FileProcess.java:302) - SORT : 6:1,7:4,
[2014/02/26 19:26:20][ERROR](SmtIsi_Parameter.java:230) - java.lang.ArrayIndexOutOfBoundsException: 2
[2014/02/26 19:27:30][INFO ](SmtOscar_Main.java:153) - [SmtOscar File Read] A_140226_QA-LAB_T070FUL_mu01_20140226164752_00.osc
[2014/02/26 19:27:30][INFO ](SmtOscar_Hist_FileCheck.java:122) - [FileCheck] NORMAL
[2014/02/26 19:27:30][INFO ](SmtOscar_Hist_FileProcess.java:302) - SORT : 6:1,7:4,
[2014/02/26 19:30:43][INFO ](SmtOscar_Main.java:153) - [SmtOscar File Read] A_140226_QA-LAB_T070FUL_mu01_20140226164752_00.osc
[2014/02/26 19:30:43][INFO ](SmtOscar_Hist_FileCheck.java:122) - [FileCheck] NORMAL
[2014/02/26 19:30:43][INFO ](SmtOscar_Hist_FileProcess.java:302) - SORT : 6:1,7:4,
[2014/02/26 19:31:35][INFO ](SmtIsi_Stdinfo.java:151) - [SBL_Stdinfo] splitSubBin() ****sData=10!#!1:HOLD:PrimeCSD!#!1:HOLD:PrimeCSD!#!1:HOLD:PrimeCSD!#!F@#@22!#!1:HOLD:ISBC1!#!1:HOLD:ISBC1!#!1:HOLD:ISBC1!#!F@#@24!#!1:HOLD:ISBC2!#!1:HOLD:ISBC2!#!1:HOLD:ISBC2!#!F@#@23!#!1:HOLD:ISBF1!#!1:HOLD:ISBF1!#!1:HOLD:ISBF1!#!F@#@25!#!1:HOLD:ISBF2!#!1:HOLD:ISBF2!#!1:HOLD:ISBF2!#!F@#@12!#!1:HOLD:CSD!#!1:HOLD:CSD!#!1:HOLD:CSD!#!F@#@8!#!1.0:HOLD:OPSH!#!1.0:HOLD:OPSH!#!1.0:HOLD:OPSH!#!F@#@69!#!0.3:HOLD:PMAP!#!0.3:HOLD:PMAP!#!0.3:HOLD:PMAP!#!F@#@49!#!1:HOLD:X8_W!#!1:HOLD:X8_W!#!1:HOLD:X8_W!#!F@#@50!#!1:HOLD:X8_R!#!1:HOLD:X8_R!#!1:HOLD:X8_R!#!F@#@99!#!3:HOLD:FAIL_SUM!#!3:HOLD:ISBF1!#!3:HOLD:ISBF1!#!F@#@
[2014/02/26 19:31:35][INFO ](SmtIsi_Stdinfo.java:139) - [SBL_Stdinfo] splitArrayList() pTemp= [10, 1:HOLD:PrimeCSD, 1:HOLD:PrimeCSD, 1:HOLD:PrimeCSD, F]
[2014/02/26 19:31:35][INFO ](SmtIsi_Stdinfo.java:140) - [SBL_Stdinfo] splitArrayList() pData= 10!#!1:HOLD:PrimeCSD!#!1:HOLD:PrimeCSD!#!1:HOLD:PrimeCSD!#!F
[2014/02/26 19:31:35][INFO ](SmtIsi_Stdinfo.java:141) -  [SBL_Stdinfo] splitArrayList() result= true
[2014/02/26 19:31:35][INFO ](SmtIsi_Stdinfo.java:139) - [SBL_Stdinfo] splitArrayList() pTemp= [22, 1:HOLD:ISBC1, 1:HOLD:ISBC1, 1:HOLD:ISBC1, F]
[2014/02/26 19:31:35][INFO ](SmtIsi_Stdinfo.java:140) - [SBL_Stdinfo] splitArrayList() pData= 22!#!1:HOLD:ISBC1!#!1:HOLD:ISBC1!#!1:HOLD:ISBC1!#!F
[2014/02/26 19:31:35][INFO ](SmtIsi_Stdinfo.java:141) -  [SBL_Stdinfo] splitArrayList() result= true
[2014/02/26 19:31:35][INFO ](SmtIsi_Stdinfo.java:139) - [SBL_Stdinfo] splitArrayList() pTemp= [24, 1:HOLD:ISBC2, 1:HOLD:ISBC2, 1:HOLD:ISBC2, F]
[2014/02/26 19:31:35][INFO ](SmtIsi_Stdinfo.java:140) - [SBL_Stdinfo] splitArrayList() pData= 24!#!1:HOLD:ISBC2!#!1:HOLD:ISBC2!#!1:HOLD:ISBC2!#!F
[2014/02/26 19:31:35][INFO ](SmtIsi_Stdinfo.java:141) -  [SBL_Stdinfo] splitArrayList() result= true
[2014/02/26 19:31:35][INFO ](SmtIsi_Stdinfo.java:139) - [SBL_Stdinfo] splitArrayList() pTemp= [23, 1:HOLD:ISBF1, 1:HOLD:ISBF1, 1:HOLD:ISBF1, F]
[2014/02/26 19:31:35][INFO ](SmtIsi_Stdinfo.java:140) - [SBL_Stdinfo] splitArrayList() pData= 23!#!1:HOLD:ISBF1!#!1:HOLD:ISBF1!#!1:HOLD:ISBF1!#!F
[2014/02/26 19:31:35][INFO ](SmtIsi_Stdinfo.java:141) -  [SBL_Stdinfo] splitArrayList() result= true
[2014/02/26 19:31:35][INFO ](SmtIsi_Stdinfo.java:139) - [SBL_Stdinfo] splitArrayList() pTemp= [25, 1:HOLD:ISBF2, 1:HOLD:ISBF2, 1:HOLD:ISBF2, F]
[2014/02/26 19:31:35][INFO ](SmtIsi_Stdinfo.java:140) - [SBL_Stdinfo] splitArrayList() pData= 25!#!1:HOLD:ISBF2!#!1:HOLD:ISBF2!#!1:HOLD:ISBF2!#!F
[2014/02/26 19:31:35][INFO ](SmtIsi_Stdinfo.java:141) -  [SBL_Stdinfo] splitArrayList() result= true
[2014/02/26 19:31:35][INFO ](SmtIsi_Stdinfo.java:139) - [SBL_Stdinfo] splitArrayList() pTemp= [12, 1:HOLD:CSD, 1:HOLD:CSD, 1:HOLD:CSD, F]
[2014/02/26 19:31:35][INFO ](SmtIsi_Stdinfo.java:140) - [SBL_Stdinfo] splitArrayList() pData= 12!#!1:HOLD:CSD!#!1:HOLD:CSD!#!1:HOLD:CSD!#!F
[2014/02/26 19:31:35][INFO ](SmtIsi_Stdinfo.java:141) -  [SBL_Stdinfo] splitArrayList() result= true
[2014/02/26 19:31:35][INFO ](SmtIsi_Stdinfo.java:139) - [SBL_Stdinfo] splitArrayList() pTemp= [8, 1.0:HOLD:OPSH, 1.0:HOLD:OPSH, 1.0:HOLD:OPSH, F]
[2014/02/26 19:31:35][INFO ](SmtIsi_Stdinfo.java:140) - [SBL_Stdinfo] splitArrayList() pData= 8!#!1.0:HOLD:OPSH!#!1.0:HOLD:OPSH!#!1.0:HOLD:OPSH!#!F
[2014/02/26 19:31:35][INFO ](SmtIsi_Stdinfo.java:141) -  [SBL_Stdinfo] splitArrayList() result= true
[2014/02/26 19:31:35][INFO ](SmtIsi_Stdinfo.java:139) - [SBL_Stdinfo] splitArrayList() pTemp= [69, 0.3:HOLD:PMAP, 0.3:HOLD:PMAP, 0.3:HOLD:PMAP, F]
[2014/02/26 19:31:35][INFO ](SmtIsi_Stdinfo.java:140) - [SBL_Stdinfo] splitArrayList() pData= 69!#!0.3:HOLD:PMAP!#!0.3:HOLD:PMAP!#!0.3:HOLD:PMAP!#!F
[2014/02/26 19:31:35][INFO ](SmtIsi_Stdinfo.java:141) -  [SBL_Stdinfo] splitArrayList() result= true
[2014/02/26 19:31:35][INFO ](SmtIsi_Stdinfo.java:139) - [SBL_Stdinfo] splitArrayList() pTemp= [49, 1:HOLD:X8_W, 1:HOLD:X8_W, 1:HOLD:X8_W, F]
[2014/02/26 19:31:35][INFO ](SmtIsi_Stdinfo.java:140) - [SBL_Stdinfo] splitArrayList() pData= 49!#!1:HOLD:X8_W!#!1:HOLD:X8_W!#!1:HOLD:X8_W!#!F
[2014/02/26 19:31:35][INFO ](SmtIsi_Stdinfo.java:141) -  [SBL_Stdinfo] splitArrayList() result= true
[2014/02/26 19:31:35][INFO ](SmtIsi_Stdinfo.java:139) - [SBL_Stdinfo] splitArrayList() pTemp= [50, 1:HOLD:X8_R, 1:HOLD:X8_R, 1:HOLD:X8_R, F]
[2014/02/26 19:31:35][INFO ](SmtIsi_Stdinfo.java:140) - [SBL_Stdinfo] splitArrayList() pData= 50!#!1:HOLD:X8_R!#!1:HOLD:X8_R!#!1:HOLD:X8_R!#!F
[2014/02/26 19:31:35][INFO ](SmtIsi_Stdinfo.java:141) -  [SBL_Stdinfo] splitArrayList() result= true
[2014/02/26 19:31:35][INFO ](SmtIsi_Stdinfo.java:139) - [SBL_Stdinfo] splitArrayList() pTemp= [99, 3:HOLD:FAIL_SUM, 3:HOLD:ISBF1, 3:HOLD:ISBF1, F]
[2014/02/26 19:31:35][INFO ](SmtIsi_Stdinfo.java:140) - [SBL_Stdinfo] splitArrayList() pData= 99!#!3:HOLD:FAIL_SUM!#!3:HOLD:ISBF1!#!3:HOLD:ISBF1!#!F
[2014/02/26 19:31:35][INFO ](SmtIsi_Stdinfo.java:141) -  [SBL_Stdinfo] splitArrayList() result= true
[2014/02/26 19:31:35][INFO ](SmtIsi_Process.java:43) - 판정 제외1
[2014/02/26 19:31:35][INFO ](SmtIsi_Process.java:49) - MIX 판정
[2014/02/26 19:31:35][INFO ](SmtIsi_Process.java:55) - 판정 제외2
[2014/02/26 19:31:35][INFO ](SmtIsi_Process.java:61) - SubBin 판정
[2014/02/26 19:31:50][INFO ](SmtIsi_JudgeSubbin.java:68) - Check BinNo=10
[2014/02/26 19:32:33][INFO ](SmtIsi_JudgeSubbin.java:68) - Check BinNo=22
[2014/02/26 19:32:50][INFO ](SmtIsi_JudgeSubbin.java:68) - Check BinNo=24
[2014/02/26 19:33:31][INFO ](SmtIsi_JudgeSubbin.java:101) - failbin=24
[2014/02/26 19:33:45][INFO ](SmtIsi_JudgeSubbin.java:101) - failbin=24
[2014/02/26 19:33:45][INFO ](SmtIsi_JudgeSubbin.java:101) - failbin=24
[2014/02/26 19:33:50][INFO ](SmtIsi_JudgeSubbin.java:68) - Check BinNo=23
[2014/02/26 19:33:50][INFO ](SmtIsi_JudgeSubbin.java:101) - failbin=23
[2014/02/26 19:33:50][INFO ](SmtIsi_JudgeSubbin.java:101) - failbin=23
[2014/02/26 19:33:50][INFO ](SmtIsi_JudgeSubbin.java:101) - failbin=23
[2014/02/26 19:33:50][INFO ](SmtIsi_JudgeSubbin.java:68) - Check BinNo=25
[2014/02/26 19:33:50][INFO ](SmtIsi_JudgeSubbin.java:68) - Check BinNo=12
[2014/02/26 19:33:50][INFO ](SmtIsi_JudgeSubbin.java:68) - Check BinNo=8
[2014/02/26 19:33:50][INFO ](SmtIsi_JudgeSubbin.java:68) - Check BinNo=69
[2014/02/26 19:33:50][INFO ](SmtIsi_JudgeSubbin.java:68) - Check BinNo=49
[2014/02/26 19:33:50][INFO ](SmtIsi_JudgeSubbin.java:68) - Check BinNo=50
[2014/02/26 19:33:50][INFO ](SmtIsi_JudgeSubbin.java:68) - Check BinNo=99
[2014/02/26 19:33:50][INFO ](SmtIsi_JudgeSubbin.java:101) - failbin=99
[2014/02/26 19:33:50][INFO ](SmtIsi_JudgeSubbin.java:101) - failbin=99
[2014/02/26 19:33:50][INFO ](SmtIsi_JudgeSubbin.java:101) - failbin=99
[2014/02/26 19:34:42][INFO ](SmtIsi_Process.java:68) - Yield 판정
[2014/02/26 19:34:55][INFO ](SmtIsi_Process.java:75) - NOT 판정
[2014/02/26 19:34:55][INFO ](SmtIsi_Process.java:82) - LOS 판정
[2014/02/26 19:36:03][ERROR](GlobalDao.java:187) - com.microsoft.sqlserver.jdbc.SQLServerException: String or binary data would be truncated.
[2014/02/26 19:41:06][INFO ](SmtOscar_Main.java:153) - [SmtOscar File Read] A_140226_QA-LAB_T070FUL_mu01_20140226164752_00.osc
[2014/02/26 19:41:06][INFO ](SmtOscar_Hist_FileCheck.java:122) - [FileCheck] NORMAL
[2014/02/26 19:41:06][INFO ](SmtOscar_Hist_FileProcess.java:302) - SORT : 6:1,7:4,
[2014/02/26 19:41:13][INFO ](SmtIsi_Stdinfo.java:151) - [SBL_Stdinfo] splitSubBin() ****sData=10!#!1:HOLD:PrimeCSD!#!1:HOLD:PrimeCSD!#!1:HOLD:PrimeCSD!#!F@#@22!#!1:HOLD:ISBC1!#!1:HOLD:ISBC1!#!1:HOLD:ISBC1!#!F@#@24!#!1:HOLD:ISBC2!#!1:HOLD:ISBC2!#!1:HOLD:ISBC2!#!F@#@23!#!1:HOLD:ISBF1!#!1:HOLD:ISBF1!#!1:HOLD:ISBF1!#!F@#@25!#!1:HOLD:ISBF2!#!1:HOLD:ISBF2!#!1:HOLD:ISBF2!#!F@#@12!#!1:HOLD:CSD!#!1:HOLD:CSD!#!1:HOLD:CSD!#!F@#@8!#!1.0:HOLD:OPSH!#!1.0:HOLD:OPSH!#!1.0:HOLD:OPSH!#!F@#@69!#!0.3:HOLD:PMAP!#!0.3:HOLD:PMAP!#!0.3:HOLD:PMAP!#!F@#@49!#!1:HOLD:X8_W!#!1:HOLD:X8_W!#!1:HOLD:X8_W!#!F@#@50!#!1:HOLD:X8_R!#!1:HOLD:X8_R!#!1:HOLD:X8_R!#!F@#@99!#!3:HOLD:FAIL_SUM!#!3:HOLD:ISBF1!#!3:HOLD:ISBF1!#!F@#@
[2014/02/26 19:41:13][INFO ](SmtIsi_Stdinfo.java:139) - [SBL_Stdinfo] splitArrayList() pTemp= [10, 1:HOLD:PrimeCSD, 1:HOLD:PrimeCSD, 1:HOLD:PrimeCSD, F]
[2014/02/26 19:41:13][INFO ](SmtIsi_Stdinfo.java:140) - [SBL_Stdinfo] splitArrayList() pData= 10!#!1:HOLD:PrimeCSD!#!1:HOLD:PrimeCSD!#!1:HOLD:PrimeCSD!#!F
[2014/02/26 19:41:13][INFO ](SmtIsi_Stdinfo.java:141) -  [SBL_Stdinfo] splitArrayList() result= true
[2014/02/26 19:41:13][INFO ](SmtIsi_Stdinfo.java:139) - [SBL_Stdinfo] splitArrayList() pTemp= [22, 1:HOLD:ISBC1, 1:HOLD:ISBC1, 1:HOLD:ISBC1, F]
[2014/02/26 19:41:13][INFO ](SmtIsi_Stdinfo.java:140) - [SBL_Stdinfo] splitArrayList() pData= 22!#!1:HOLD:ISBC1!#!1:HOLD:ISBC1!#!1:HOLD:ISBC1!#!F
[2014/02/26 19:41:13][INFO ](SmtIsi_Stdinfo.java:141) -  [SBL_Stdinfo] splitArrayList() result= true
[2014/02/26 19:41:13][INFO ](SmtIsi_Stdinfo.java:139) - [SBL_Stdinfo] splitArrayList() pTemp= [24, 1:HOLD:ISBC2, 1:HOLD:ISBC2, 1:HOLD:ISBC2, F]
[2014/02/26 19:41:13][INFO ](SmtIsi_Stdinfo.java:140) - [SBL_Stdinfo] splitArrayList() pData= 24!#!1:HOLD:ISBC2!#!1:HOLD:ISBC2!#!1:HOLD:ISBC2!#!F
[2014/02/26 19:41:13][INFO ](SmtIsi_Stdinfo.java:141) -  [SBL_Stdinfo] splitArrayList() result= true
[2014/02/26 19:41:13][INFO ](SmtIsi_Stdinfo.java:139) - [SBL_Stdinfo] splitArrayList() pTemp= [23, 1:HOLD:ISBF1, 1:HOLD:ISBF1, 1:HOLD:ISBF1, F]
[2014/02/26 19:41:13][INFO ](SmtIsi_Stdinfo.java:140) - [SBL_Stdinfo] splitArrayList() pData= 23!#!1:HOLD:ISBF1!#!1:HOLD:ISBF1!#!1:HOLD:ISBF1!#!F
[2014/02/26 19:41:13][INFO ](SmtIsi_Stdinfo.java:141) -  [SBL_Stdinfo] splitArrayList() result= true
[2014/02/26 19:41:13][INFO ](SmtIsi_Stdinfo.java:139) - [SBL_Stdinfo] splitArrayList() pTemp= [25, 1:HOLD:ISBF2, 1:HOLD:ISBF2, 1:HOLD:ISBF2, F]
[2014/02/26 19:41:13][INFO ](SmtIsi_Stdinfo.java:140) - [SBL_Stdinfo] splitArrayList() pData= 25!#!1:HOLD:ISBF2!#!1:HOLD:ISBF2!#!1:HOLD:ISBF2!#!F
[2014/02/26 19:41:13][INFO ](SmtIsi_Stdinfo.java:141) -  [SBL_Stdinfo] splitArrayList() result= true
[2014/02/26 19:41:13][INFO ](SmtIsi_Stdinfo.java:139) - [SBL_Stdinfo] splitArrayList() pTemp= [12, 1:HOLD:CSD, 1:HOLD:CSD, 1:HOLD:CSD, F]
[2014/02/26 19:41:13][INFO ](SmtIsi_Stdinfo.java:140) - [SBL_Stdinfo] splitArrayList() pData= 12!#!1:HOLD:CSD!#!1:HOLD:CSD!#!1:HOLD:CSD!#!F
[2014/02/26 19:41:13][INFO ](SmtIsi_Stdinfo.java:141) -  [SBL_Stdinfo] splitArrayList() result= true
[2014/02/26 19:41:13][INFO ](SmtIsi_Stdinfo.java:139) - [SBL_Stdinfo] splitArrayList() pTemp= [8, 1.0:HOLD:OPSH, 1.0:HOLD:OPSH, 1.0:HOLD:OPSH, F]
[2014/02/26 19:41:13][INFO ](SmtIsi_Stdinfo.java:140) - [SBL_Stdinfo] splitArrayList() pData= 8!#!1.0:HOLD:OPSH!#!1.0:HOLD:OPSH!#!1.0:HOLD:OPSH!#!F
[2014/02/26 19:41:13][INFO ](SmtIsi_Stdinfo.java:141) -  [SBL_Stdinfo] splitArrayList() result= true
[2014/02/26 19:41:13][INFO ](SmtIsi_Stdinfo.java:139) - [SBL_Stdinfo] splitArrayList() pTemp= [69, 0.3:HOLD:PMAP, 0.3:HOLD:PMAP, 0.3:HOLD:PMAP, F]
[2014/02/26 19:41:13][INFO ](SmtIsi_Stdinfo.java:140) - [SBL_Stdinfo] splitArrayList() pData= 69!#!0.3:HOLD:PMAP!#!0.3:HOLD:PMAP!#!0.3:HOLD:PMAP!#!F
[2014/02/26 19:41:13][INFO ](SmtIsi_Stdinfo.java:141) -  [SBL_Stdinfo] splitArrayList() result= true
[2014/02/26 19:41:13][INFO ](SmtIsi_Stdinfo.java:139) - [SBL_Stdinfo] splitArrayList() pTemp= [49, 1:HOLD:X8_W, 1:HOLD:X8_W, 1:HOLD:X8_W, F]
[2014/02/26 19:41:13][INFO ](SmtIsi_Stdinfo.java:140) - [SBL_Stdinfo] splitArrayList() pData= 49!#!1:HOLD:X8_W!#!1:HOLD:X8_W!#!1:HOLD:X8_W!#!F
[2014/02/26 19:41:13][INFO ](SmtIsi_Stdinfo.java:141) -  [SBL_Stdinfo] splitArrayList() result= true
[2014/02/26 19:41:13][INFO ](SmtIsi_Stdinfo.java:139) - [SBL_Stdinfo] splitArrayList() pTemp= [50, 1:HOLD:X8_R, 1:HOLD:X8_R, 1:HOLD:X8_R, F]
[2014/02/26 19:41:13][INFO ](SmtIsi_Stdinfo.java:140) - [SBL_Stdinfo] splitArrayList() pData= 50!#!1:HOLD:X8_R!#!1:HOLD:X8_R!#!1:HOLD:X8_R!#!F
[2014/02/26 19:41:13][INFO ](SmtIsi_Stdinfo.java:141) -  [SBL_Stdinfo] splitArrayList() result= true
[2014/02/26 19:41:13][INFO ](SmtIsi_Stdinfo.java:139) - [SBL_Stdinfo] splitArrayList() pTemp= [99, 3:HOLD:FAIL_SUM, 3:HOLD:ISBF1, 3:HOLD:ISBF1, F]
[2014/02/26 19:41:13][INFO ](SmtIsi_Stdinfo.java:140) - [SBL_Stdinfo] splitArrayList() pData= 99!#!3:HOLD:FAIL_SUM!#!3:HOLD:ISBF1!#!3:HOLD:ISBF1!#!F
[2014/02/26 19:41:13][INFO ](SmtIsi_Stdinfo.java:141) -  [SBL_Stdinfo] splitArrayList() result= true
[2014/02/26 19:41:13][INFO ](SmtIsi_Process.java:43) - 판정 제외1
[2014/02/26 19:41:13][INFO ](SmtIsi_Process.java:49) - MIX 판정
[2014/02/26 19:41:13][INFO ](SmtIsi_Process.java:55) - 판정 제외2
[2014/02/26 19:41:13][INFO ](SmtIsi_Process.java:61) - SubBin 판정
[2014/02/26 19:41:32][INFO ](SmtIsi_JudgeSubbin.java:68) - Check BinNo=10
[2014/02/26 19:42:07][INFO ](SmtIsi_JudgeSubbin.java:68) - Check BinNo=22
[2014/02/26 19:42:09][INFO ](SmtIsi_JudgeSubbin.java:68) - Check BinNo=24
[2014/02/26 19:42:27][INFO ](SmtIsi_JudgeSubbin.java:101) - failbin=24
[2014/02/26 19:42:50][INFO ](SmtIsi_JudgeSubbin.java:101) - failbin=24
[2014/02/26 19:43:02][INFO ](SmtIsi_JudgeSubbin.java:101) - failbin=24
[2014/02/26 19:43:05][INFO ](SmtIsi_JudgeSubbin.java:68) - Check BinNo=23
[2014/02/26 19:43:05][INFO ](SmtIsi_JudgeSubbin.java:101) - failbin=23
[2014/02/26 19:43:05][INFO ](SmtIsi_JudgeSubbin.java:101) - failbin=23
[2014/02/26 19:43:05][INFO ](SmtIsi_JudgeSubbin.java:101) - failbin=23
[2014/02/26 19:43:05][INFO ](SmtIsi_JudgeSubbin.java:68) - Check BinNo=25
[2014/02/26 19:43:05][INFO ](SmtIsi_JudgeSubbin.java:68) - Check BinNo=12
[2014/02/26 19:43:05][INFO ](SmtIsi_JudgeSubbin.java:68) - Check BinNo=8
[2014/02/26 19:43:05][INFO ](SmtIsi_JudgeSubbin.java:68) - Check BinNo=69
[2014/02/26 19:43:05][INFO ](SmtIsi_JudgeSubbin.java:68) - Check BinNo=49
[2014/02/26 19:43:05][INFO ](SmtIsi_JudgeSubbin.java:68) - Check BinNo=50
[2014/02/26 19:43:05][INFO ](SmtIsi_JudgeSubbin.java:68) - Check BinNo=99
[2014/02/26 19:43:05][INFO ](SmtIsi_JudgeSubbin.java:101) - failbin=99
[2014/02/26 19:43:05][INFO ](SmtIsi_JudgeSubbin.java:101) - failbin=99
[2014/02/26 19:43:05][INFO ](SmtIsi_JudgeSubbin.java:101) - failbin=99
[2014/02/26 19:43:28][INFO ](SmtIsi_Process.java:68) - Yield 판정
[2014/02/26 19:43:28][INFO ](SmtIsi_Process.java:75) - NOT 판정
[2014/02/26 19:43:28][INFO ](SmtIsi_Process.java:82) - LOS 판정
