[2014/03/14 13:22:02][INFO ](SmtOscar_Main.java:153) - [SmtOscar File Read] A_ASUSTEST1_T070000_mu01_20140314122414_01.osc
[2014/03/14 13:22:02][INFO ](SmtOscar_Hist_FileCheck.java:122) - [FileCheck] NORMAL
[2014/03/14 13:22:02][INFO ](SmtOscar_Hist_FileProcess.java:302) - SORT : 2:99,8:1,
[2014/03/14 13:22:02][INFO ](SmtOscar_Hist_FileProcess.java:302) - SORT : 2:1,
[2014/03/14 13:22:08][INFO ](SmtIsi_Stdinfo.java:151) - [SBL_Stdinfo] splitSubBin() ****sData=null
[2014/03/14 13:22:08][ERROR](SmtIsi_Stdinfo.java:200) - java.lang.NullPointerException
[2014/03/14 13:22:08][ERROR](SmtIsi_Stdinfo.java:68) - setValue().splitSubBin(): SUB_BIN=|null|
[2014/03/14 13:22:08][ERROR](SmtIsi_Process.java:29) - com.tptech.isi.SmtIsi_Parameter@10163e1
[2014/03/14 13:22:43][INFO ](SmtOscar_Main.java:153) - [SmtOscar File Read] A_ASUSTEST1_T070000_mu01_20140314122414_01.osc
[2014/03/14 13:22:43][INFO ](SmtOscar_Hist_FileCheck.java:122) - [FileCheck] NORMAL
[2014/03/14 13:22:43][INFO ](SmtOscar_Hist_FileProcess.java:302) - SORT : 2:99,8:1,
[2014/03/14 13:22:43][INFO ](SmtOscar_Hist_FileProcess.java:302) - SORT : 2:1,
[2014/03/14 13:22:43][INFO ](SmtIsi_Stdinfo.java:151) - [SBL_Stdinfo] splitSubBin() ****sData=null
[2014/03/14 13:23:07][INFO ](SmtOscar_Main.java:153) - [SmtOscar File Read] A_ASUSTEST1_T070000_mu01_20140314122414_01.osc
[2014/03/14 13:23:07][INFO ](SmtOscar_Hist_FileCheck.java:122) - [FileCheck] NORMAL
[2014/03/14 13:23:07][INFO ](SmtOscar_Hist_FileProcess.java:302) - SORT : 2:99,8:1,
[2014/03/14 13:23:07][INFO ](SmtOscar_Hist_FileProcess.java:302) - SORT : 2:1,
[2014/03/14 13:23:07][INFO ](SmtIsi_Stdinfo.java:151) - [SBL_Stdinfo] splitSubBin() ****sData=null
[2014/03/14 13:24:44][INFO ](SmtOscar_Main.java:153) - [SmtOscar File Read] A_ASUSTEST1_T070000_mu01_20140314122414_01.osc
[2014/03/14 13:24:44][INFO ](SmtOscar_Hist_FileCheck.java:122) - [FileCheck] NORMAL
[2014/03/14 13:24:44][INFO ](SmtOscar_Hist_FileProcess.java:302) - SORT : 2:99,8:1,
[2014/03/14 13:24:44][INFO ](SmtOscar_Hist_FileProcess.java:302) - SORT : 2:1,
[2014/03/14 13:24:55][INFO ](SmtOscar_Main.java:153) - [SmtOscar File Read] A_ASUSTEST1_T070000_mu01_20140314122414_01.osc
[2014/03/14 13:24:55][INFO ](SmtOscar_Hist_FileCheck.java:122) - [FileCheck] NORMAL
[2014/03/14 13:24:55][INFO ](SmtOscar_Hist_FileProcess.java:302) - SORT : 2:99,8:1,
[2014/03/14 13:24:55][INFO ](SmtOscar_Hist_FileProcess.java:302) - SORT : 2:1,
[2014/03/14 13:25:05][INFO ](SmtOscar_Main.java:153) - [SmtOscar File Read] A_ASUSTEST1_T070000_mu01_20140314122414_01.osc
[2014/03/14 13:25:05][INFO ](SmtOscar_Hist_FileCheck.java:122) - [FileCheck] NORMAL
[2014/03/14 13:25:05][INFO ](SmtOscar_Hist_FileProcess.java:302) - SORT : 2:99,8:1,
[2014/03/14 13:25:05][INFO ](SmtOscar_Hist_FileProcess.java:302) - SORT : 2:1,
[2014/03/14 13:31:39][INFO ](SmtOscar_Main.java:153) - [SmtOscar File Read] A_ASUSTEST1_T070000_mu01_20140314122414_01.osc
[2014/03/14 13:31:39][INFO ](SmtOscar_Hist_FileCheck.java:122) - [FileCheck] NORMAL
[2014/03/14 13:31:39][INFO ](SmtOscar_Hist_FileProcess.java:302) - SORT : 2:99,8:1,
[2014/03/14 13:31:39][INFO ](SmtOscar_Hist_FileProcess.java:302) - SORT : 2:1,
[2014/03/14 13:31:39][INFO ](SmtIsi_Stdinfo.java:151) - [SBL_Stdinfo] splitSubBin() ****sData=10!#!1:HOLD:PrimeCSD!#!1:HOLD:PrimeCSD!#!1:HOLD:PrimeCSD!#!F!#!@#@8!#!1.0:HOLD:OPSH!#!1.0:HOLD:OPSH!#!1.0:HOLD:OPSH!#!F!#!@#@114!#!3:HOLD:environment!#!3:HOLD:PrimeCSD!#!3:HOLD:PrimeCSD!#!F!#!@#@115!#!3:HOLD:assembly!#!3:HOLD:ISBF1!#!3:HOLD:ISBF1!#!F!#!@#@99!#!3:HOLD:product!#!3:HOLD:PrimeCSD!#!3:HOLD:PrimeCSD!#!F!#!@#@
[2014/03/14 13:31:57][INFO ](SmtOscar_Main.java:153) - [SmtOscar File Read] A_ASUSTEST1_T070000_mu01_20140314122414_01.osc
[2014/03/14 13:31:57][INFO ](SmtOscar_Hist_FileCheck.java:122) - [FileCheck] NORMAL
[2014/03/14 13:31:57][INFO ](SmtOscar_Hist_FileProcess.java:302) - SORT : 2:99,8:1,
[2014/03/14 13:31:57][INFO ](SmtOscar_Hist_FileProcess.java:302) - SORT : 2:1,
[2014/03/14 13:31:57][INFO ](SmtIsi_Stdinfo.java:151) - [SBL_Stdinfo] splitSubBin() ****sData=10!#!1:HOLD:PrimeCSD!#!1:HOLD:PrimeCSD!#!1:HOLD:PrimeCSD!#!F!#!@#@8!#!1.0:HOLD:OPSH!#!1.0:HOLD:OPSH!#!1.0:HOLD:OPSH!#!F!#!@#@114!#!3:HOLD:environment!#!3:HOLD:PrimeCSD!#!3:HOLD:PrimeCSD!#!F!#!@#@115!#!3:HOLD:assembly!#!3:HOLD:ISBF1!#!3:HOLD:ISBF1!#!F!#!@#@99!#!3:HOLD:product!#!3:HOLD:PrimeCSD!#!3:HOLD:PrimeCSD!#!F!#!@#@
[2014/03/14 13:31:59][INFO ](SmtIsi_Stdinfo.java:139) - [SBL_Stdinfo] splitArrayList() pTemp= [10, 1:HOLD:PrimeCSD, 1:HOLD:PrimeCSD, 1:HOLD:PrimeCSD, F]
[2014/03/14 13:31:59][INFO ](SmtIsi_Stdinfo.java:140) - [SBL_Stdinfo] splitArrayList() pData= 10!#!1:HOLD:PrimeCSD!#!1:HOLD:PrimeCSD!#!1:HOLD:PrimeCSD!#!F!#!
[2014/03/14 13:31:59][INFO ](SmtIsi_Stdinfo.java:141) -  [SBL_Stdinfo] splitArrayList() result= true
[2014/03/14 13:31:59][INFO ](SmtIsi_Stdinfo.java:139) - [SBL_Stdinfo] splitArrayList() pTemp= [8, 1.0:HOLD:OPSH, 1.0:HOLD:OPSH, 1.0:HOLD:OPSH, F]
[2014/03/14 13:31:59][INFO ](SmtIsi_Stdinfo.java:140) - [SBL_Stdinfo] splitArrayList() pData= 8!#!1.0:HOLD:OPSH!#!1.0:HOLD:OPSH!#!1.0:HOLD:OPSH!#!F!#!
[2014/03/14 13:31:59][INFO ](SmtIsi_Stdinfo.java:141) -  [SBL_Stdinfo] splitArrayList() result= true
[2014/03/14 13:31:59][INFO ](SmtIsi_Stdinfo.java:139) - [SBL_Stdinfo] splitArrayList() pTemp= [114, 3:HOLD:environment, 3:HOLD:PrimeCSD, 3:HOLD:PrimeCSD, F]
[2014/03/14 13:31:59][INFO ](SmtIsi_Stdinfo.java:140) - [SBL_Stdinfo] splitArrayList() pData= 114!#!3:HOLD:environment!#!3:HOLD:PrimeCSD!#!3:HOLD:PrimeCSD!#!F!#!
[2014/03/14 13:31:59][INFO ](SmtIsi_Stdinfo.java:141) -  [SBL_Stdinfo] splitArrayList() result= true
[2014/03/14 13:31:59][INFO ](SmtIsi_Stdinfo.java:139) - [SBL_Stdinfo] splitArrayList() pTemp= [115, 3:HOLD:assembly, 3:HOLD:ISBF1, 3:HOLD:ISBF1, F]
[2014/03/14 13:31:59][INFO ](SmtIsi_Stdinfo.java:140) - [SBL_Stdinfo] splitArrayList() pData= 115!#!3:HOLD:assembly!#!3:HOLD:ISBF1!#!3:HOLD:ISBF1!#!F!#!
[2014/03/14 13:31:59][INFO ](SmtIsi_Stdinfo.java:141) -  [SBL_Stdinfo] splitArrayList() result= true
[2014/03/14 13:31:59][INFO ](SmtIsi_Stdinfo.java:139) - [SBL_Stdinfo] splitArrayList() pTemp= [99, 3:HOLD:product, 3:HOLD:PrimeCSD, 3:HOLD:PrimeCSD, F]
[2014/03/14 13:31:59][INFO ](SmtIsi_Stdinfo.java:140) - [SBL_Stdinfo] splitArrayList() pData= 99!#!3:HOLD:product!#!3:HOLD:PrimeCSD!#!3:HOLD:PrimeCSD!#!F!#!
[2014/03/14 13:31:59][INFO ](SmtIsi_Stdinfo.java:141) -  [SBL_Stdinfo] splitArrayList() result= true
[2014/03/14 13:32:02][INFO ](SmtIsi_Process.java:43) - 판정 제외1
[2014/03/14 13:32:02][INFO ](SmtIsi_Process.java:49) - MIX 판정
[2014/03/14 13:32:02][INFO ](SmtIsi_Process.java:55) - 판정 제외2
[2014/03/14 13:32:02][INFO ](SmtIsi_Process.java:61) - SubBin 판정
[2014/03/14 13:32:02][INFO ](SmtIsi_JudgeSubbin.java:68) - Check BinNo=10
[2014/03/14 13:32:02][INFO ](SmtIsi_JudgeSubbin.java:68) - Check BinNo=8
[2014/03/14 13:32:02][INFO ](SmtIsi_JudgeSubbin.java:68) - Check BinNo=99
[2014/03/14 13:32:02][INFO ](SmtIsi_Process.java:68) - Yield 판정
[2014/03/14 13:32:02][INFO ](SmtIsi_Process.java:75) - NOT 판정
[2014/03/14 13:32:02][INFO ](SmtIsi_Process.java:82) - LOS 판정
[2014/03/14 13:47:50][INFO ](SmtOscar_Main.java:153) - [SmtOscar File Read] A_ASUSTEST1_T070000_mu01_20140314122414_01.osc
[2014/03/14 13:47:50][INFO ](SmtOscar_Hist_FileCheck.java:122) - [FileCheck] NORMAL
[2014/03/14 13:47:50][INFO ](SmtOscar_Hist_FileProcess.java:302) - SORT : 2:99,8:1,
[2014/03/14 13:47:50][INFO ](SmtOscar_Hist_FileProcess.java:302) - SORT : 2:1,
[2014/03/14 13:47:51][INFO ](SmtIsi_Stdinfo.java:151) - [SBL_Stdinfo] splitSubBin() ****sData=10!#!1:HOLD:PrimeCSD!#!1:HOLD:PrimeCSD!#!1:HOLD:PrimeCSD!#!F!#!@#@8!#!1.0:HOLD:OPSH!#!1.0:HOLD:OPSH!#!1.0:HOLD:OPSH!#!F!#!@#@114!#!3:HOLD:environment!#!3:HOLD:PrimeCSD!#!3:HOLD:PrimeCSD!#!F!#!@#@115!#!3:HOLD:assembly!#!3:HOLD:ISBF1!#!3:HOLD:ISBF1!#!F!#!@#@99!#!3:HOLD:product!#!3:HOLD:PrimeCSD!#!3:HOLD:PrimeCSD!#!F!#!@#@
[2014/03/14 13:47:51][INFO ](SmtIsi_Stdinfo.java:139) - [SBL_Stdinfo] splitArrayList() pTemp= [10, 1:HOLD:PrimeCSD, 1:HOLD:PrimeCSD, 1:HOLD:PrimeCSD, F]
[2014/03/14 13:47:51][INFO ](SmtIsi_Stdinfo.java:140) - [SBL_Stdinfo] splitArrayList() pData= 10!#!1:HOLD:PrimeCSD!#!1:HOLD:PrimeCSD!#!1:HOLD:PrimeCSD!#!F!#!
[2014/03/14 13:47:51][INFO ](SmtIsi_Stdinfo.java:141) -  [SBL_Stdinfo] splitArrayList() result= true
[2014/03/14 13:47:51][INFO ](SmtIsi_Stdinfo.java:139) - [SBL_Stdinfo] splitArrayList() pTemp= [8, 1.0:HOLD:OPSH, 1.0:HOLD:OPSH, 1.0:HOLD:OPSH, F]
[2014/03/14 13:47:51][INFO ](SmtIsi_Stdinfo.java:140) - [SBL_Stdinfo] splitArrayList() pData= 8!#!1.0:HOLD:OPSH!#!1.0:HOLD:OPSH!#!1.0:HOLD:OPSH!#!F!#!
[2014/03/14 13:47:51][INFO ](SmtIsi_Stdinfo.java:141) -  [SBL_Stdinfo] splitArrayList() result= true
[2014/03/14 13:47:51][INFO ](SmtIsi_Stdinfo.java:139) - [SBL_Stdinfo] splitArrayList() pTemp= [114, 3:HOLD:environment, 3:HOLD:PrimeCSD, 3:HOLD:PrimeCSD, F]
[2014/03/14 13:47:51][INFO ](SmtIsi_Stdinfo.java:140) - [SBL_Stdinfo] splitArrayList() pData= 114!#!3:HOLD:environment!#!3:HOLD:PrimeCSD!#!3:HOLD:PrimeCSD!#!F!#!
[2014/03/14 13:47:51][INFO ](SmtIsi_Stdinfo.java:141) -  [SBL_Stdinfo] splitArrayList() result= true
[2014/03/14 13:47:51][INFO ](SmtIsi_Stdinfo.java:139) - [SBL_Stdinfo] splitArrayList() pTemp= [115, 3:HOLD:assembly, 3:HOLD:ISBF1, 3:HOLD:ISBF1, F]
[2014/03/14 13:47:51][INFO ](SmtIsi_Stdinfo.java:140) - [SBL_Stdinfo] splitArrayList() pData= 115!#!3:HOLD:assembly!#!3:HOLD:ISBF1!#!3:HOLD:ISBF1!#!F!#!
[2014/03/14 13:47:51][INFO ](SmtIsi_Stdinfo.java:141) -  [SBL_Stdinfo] splitArrayList() result= true
[2014/03/14 13:47:51][INFO ](SmtIsi_Stdinfo.java:139) - [SBL_Stdinfo] splitArrayList() pTemp= [99, 3:HOLD:product, 3:HOLD:PrimeCSD, 3:HOLD:PrimeCSD, F]
[2014/03/14 13:47:51][INFO ](SmtIsi_Stdinfo.java:140) - [SBL_Stdinfo] splitArrayList() pData= 99!#!3:HOLD:product!#!3:HOLD:PrimeCSD!#!3:HOLD:PrimeCSD!#!F!#!
[2014/03/14 13:47:51][INFO ](SmtIsi_Stdinfo.java:141) -  [SBL_Stdinfo] splitArrayList() result= true
[2014/03/14 13:47:51][INFO ](SmtIsi_Process.java:43) - 판정 제외1
[2014/03/14 13:47:51][INFO ](SmtIsi_Process.java:49) - MIX 판정
[2014/03/14 13:47:51][INFO ](SmtIsi_Process.java:55) - 판정 제외2
[2014/03/14 13:47:51][INFO ](SmtIsi_Process.java:61) - SubBin 판정
[2014/03/14 13:47:51][INFO ](SmtIsi_JudgeSubbin.java:68) - Check BinNo=10
[2014/03/14 13:47:51][INFO ](SmtIsi_JudgeSubbin.java:68) - Check BinNo=8
[2014/03/14 13:47:51][INFO ](SmtIsi_JudgeSubbin.java:68) - Check BinNo=99
[2014/03/14 13:47:51][INFO ](SmtIsi_Process.java:68) - Yield 판정
[2014/03/14 13:47:51][INFO ](SmtIsi_Process.java:75) - NOT 판정
[2014/03/14 13:47:51][INFO ](SmtIsi_Process.java:82) - LOS 판정
[2014/03/14 13:47:51][INFO ](SmtOscar_Hist_Dao.java:1850) - [SMART_TEST_YIELD_HIST_00 Insert Start.]
[2014/03/14 13:47:51][INFO ](SmtOscar_Hist_Dao.java:1850) - [SMART_TEST_YIELD_HIST_01 Insert Start.]
[2014/03/14 13:47:51][INFO ](SmtOscar_Hist_Dao.java:1852) - [Insert Data End]
[2014/03/14 13:47:51][INFO ](FileMoveUtil.java:143) - [mkdir] C:/DataFile/OSCAR/BackupData/ConData/03Data
[2014/03/14 13:47:51][INFO ](SmtOscar_Hist_Dao.java:1863) - [MOVE]A_ASUSTEST1_T070000_mu01_20140314122414_01.osc.gz
[2014/03/14 13:47:51][INFO ](SmtOscar_Hist_Dao.java:1869) - [FileMove] SUCCESS 

